{"C:\\Users\\USER\\Documents\\GitHub\\ReservaCitasMedicas\\backend\\src\\app.controller.ts": {"path":"C:\\Users\\USER\\Documents\\GitHub\\ReservaCitasMedicas\\backend\\src\\app.controller.ts","statementMap":{"0":{"start":{"line":1,"column":0},"end":{"line":1,"column":49}},"1":{"start":{"line":2,"column":0},"end":{"line":2,"column":43}},"2":{"start":{"line":5,"column":7},"end":{"line":12,"column":null}},"3":{"start":{"line":6,"column":31},"end":{"line":6,"column":43}},"4":{"start":{"line":10,"column":4},"end":{"line":10,"column":38}},"5":{"start":{"line":5,"column":13},"end":{"line":5,"column":26}},"6":{"start":{"line":9,"column":2},"end":{"line":11,"column":null}},"7":{"start":{"line":5,"column":13},"end":{"line":12,"column":null}}},"fnMap":{"0":{"name":"(anonymous_2)","decl":{"start":{"line":6,"column":2},"end":{"line":6,"column":31}},"loc":{"start":{"line":6,"column":53},"end":{"line":6,"column":57}}},"1":{"name":"(anonymous_3)","decl":{"start":{"line":9,"column":2},"end":{"line":9,"column":10}},"loc":{"start":{"line":9,"column":10},"end":{"line":11,"column":3}}}},"branchMap":{"0":{"loc":{"start":{"line":6,"column":43},"end":{"line":6,"column":56}},"type":"cond-expr","locations":[{"start":{"line":6,"column":53},"end":{"line":6,"column":56}},{"start":{"line":6,"column":53},"end":{"line":6,"column":56}}]},"1":{"loc":{"start":{"line":6,"column":43},"end":{"line":6,"column":53}},"type":"binary-expr","locations":[{"start":{"line":6,"column":43},"end":{"line":6,"column":56}},{"start":{"line":6,"column":43},"end":{"line":6,"column":53}}]}},"s":{"0":1,"1":1,"2":1,"3":1,"4":1,"5":1,"6":1,"7":1},"f":{"0":1,"1":1},"b":{"0":[1,0],"1":[1,1]}}
,"C:\\Users\\USER\\Documents\\GitHub\\ReservaCitasMedicas\\backend\\src\\app.module.ts": {"path":"C:\\Users\\USER\\Documents\\GitHub\\ReservaCitasMedicas\\backend\\src\\app.module.ts","statementMap":{"0":{"start":{"line":1,"column":0},"end":{"line":1,"column":40}},"1":{"start":{"line":2,"column":0},"end":{"line":2,"column":50}},"2":{"start":{"line":3,"column":0},"end":{"line":3,"column":48}},"3":{"start":{"line":4,"column":0},"end":{"line":4,"column":61}},"4":{"start":{"line":5,"column":0},"end":{"line":5,"column":57}},"5":{"start":{"line":6,"column":0},"end":{"line":6,"column":59}},"6":{"start":{"line":7,"column":0},"end":{"line":7,"column":67}},"7":{"start":{"line":8,"column":0},"end":{"line":8,"column":57}},"8":{"start":{"line":9,"column":0},"end":{"line":9,"column":53}},"9":{"start":{"line":10,"column":0},"end":{"line":10,"column":80}},"10":{"start":{"line":11,"column":0},"end":{"line":11,"column":90}},"11":{"start":{"line":12,"column":0},"end":{"line":12,"column":80}},"12":{"start":{"line":13,"column":0},"end":{"line":13,"column":80}},"13":{"start":{"line":14,"column":0},"end":{"line":14,"column":70}},"14":{"start":{"line":15,"column":0},"end":{"line":15,"column":90}},"15":{"start":{"line":16,"column":0},"end":{"line":16,"column":43}},"16":{"start":{"line":44,"column":7},"end":{"line":44,"column":null}},"17":{"start":{"line":44,"column":13},"end":{"line":44,"column":22}},"18":{"start":{"line":44,"column":13},"end":{"line":44,"column":null}},"19":{"start":{"line":26,"column":53},"end":{"line":35,"column":8}}},"fnMap":{"0":{"name":"(anonymous_1)","decl":{"start":{"line":26,"column":18},"end":{"line":26,"column":19}},"loc":{"start":{"line":26,"column":53},"end":{"line":35,"column":8}}}},"branchMap":{},"s":{"0":0,"1":0,"2":0,"3":0,"4":0,"5":0,"6":0,"7":0,"8":0,"9":0,"10":0,"11":0,"12":0,"13":0,"14":0,"15":0,"16":0,"17":0,"18":0,"19":0},"f":{"0":0},"b":{}}
,"C:\\Users\\USER\\Documents\\GitHub\\ReservaCitasMedicas\\backend\\src\\app.service.ts": {"path":"C:\\Users\\USER\\Documents\\GitHub\\ReservaCitasMedicas\\backend\\src\\app.service.ts","statementMap":{"0":{"start":{"line":1,"column":0},"end":{"line":1,"column":44}},"1":{"start":{"line":4,"column":7},"end":{"line":8,"column":null}},"2":{"start":{"line":6,"column":4},"end":{"line":6,"column":26}},"3":{"start":{"line":4,"column":13},"end":{"line":4,"column":23}},"4":{"start":{"line":4,"column":13},"end":{"line":8,"column":null}}},"fnMap":{"0":{"name":"(anonymous_1)","decl":{"start":{"line":5,"column":2},"end":{"line":5,"column":10}},"loc":{"start":{"line":5,"column":10},"end":{"line":7,"column":3}}}},"branchMap":{},"s":{"0":1,"1":1,"2":1,"3":1,"4":1},"f":{"0":1},"b":{}}
,"C:\\Users\\USER\\Documents\\GitHub\\ReservaCitasMedicas\\backend\\src\\auth.module.ts": {"path":"C:\\Users\\USER\\Documents\\GitHub\\ReservaCitasMedicas\\backend\\src\\auth.module.ts","statementMap":{"0":{"start":{"line":1,"column":0},"end":{"line":1,"column":40}},"1":{"start":{"line":2,"column":0},"end":{"line":2,"column":40}},"2":{"start":{"line":3,"column":0},"end":{"line":3,"column":50}},"3":{"start":{"line":4,"column":0},"end":{"line":4,"column":48}},"4":{"start":{"line":5,"column":0},"end":{"line":5,"column":59}},"5":{"start":{"line":6,"column":0},"end":{"line":6,"column":53}},"6":{"start":{"line":7,"column":0},"end":{"line":7,"column":66}},"7":{"start":{"line":8,"column":0},"end":{"line":8,"column":76}},"8":{"start":{"line":9,"column":0},"end":{"line":9,"column":65}},"9":{"start":{"line":24,"column":7},"end":{"line":24,"column":null}},"10":{"start":{"line":24,"column":13},"end":{"line":24,"column":23}},"11":{"start":{"line":24,"column":13},"end":{"line":24,"column":null}}},"fnMap":{},"branchMap":{},"s":{"0":0,"1":0,"2":0,"3":0,"4":0,"5":0,"6":0,"7":0,"8":0,"9":0,"10":0,"11":0},"f":{},"b":{}}
,"C:\\Users\\USER\\Documents\\GitHub\\ReservaCitasMedicas\\backend\\src\\main.ts": {"path":"C:\\Users\\USER\\Documents\\GitHub\\ReservaCitasMedicas\\backend\\src\\main.ts","statementMap":{"0":{"start":{"line":1,"column":0},"end":{"line":1,"column":43}},"1":{"start":{"line":2,"column":0},"end":{"line":2,"column":41}},"2":{"start":{"line":3,"column":0},"end":{"line":3,"column":48}},"3":{"start":{"line":6,"column":14},"end":{"line":6,"column":49}},"4":{"start":{"line":9,"column":2},"end":{"line":9,"column":19}},"5":{"start":{"line":12,"column":2},"end":{"line":18,"column":4}},"6":{"start":{"line":20,"column":2},"end":{"line":20,"column":45}},"7":{"start":{"line":22,"column":0},"end":{"line":22,"column":17}}},"fnMap":{"0":{"name":"bootstrap","decl":{"start":{"line":5,"column":15},"end":{"line":5,"column":24}},"loc":{"start":{"line":5,"column":24},"end":{"line":21,"column":1}}}},"branchMap":{"0":{"loc":{"start":{"line":20,"column":19},"end":{"line":20,"column":43}},"type":"binary-expr","locations":[{"start":{"line":20,"column":19},"end":{"line":20,"column":35}},{"start":{"line":20,"column":39},"end":{"line":20,"column":43}}]}},"s":{"0":0,"1":0,"2":0,"3":0,"4":0,"5":0,"6":0,"7":0},"f":{"0":0},"b":{"0":[0,0]}}
,"C:\\Users\\USER\\Documents\\GitHub\\ReservaCitasMedicas\\backend\\src\\application\\services\\appointment.service.ts": {"path":"C:\\Users\\USER\\Documents\\GitHub\\ReservaCitasMedicas\\backend\\src\\application\\services\\appointment.service.ts","statementMap":{"0":{"start":{"line":1,"column":0},"end":{"line":1,"column":null}},"1":{"start":{"line":8,"column":0},"end":{"line":8,"column":56}},"2":{"start":{"line":9,"column":0},"end":{"line":9,"column":51}},"3":{"start":{"line":10,"column":0},"end":{"line":10,"column":37}},"4":{"start":{"line":11,"column":0},"end":{"line":11,"column":71}},"5":{"start":{"line":12,"column":0},"end":{"line":12,"column":63}},"6":{"start":{"line":13,"column":0},"end":{"line":13,"column":61}},"7":{"start":{"line":15,"column":0},"end":{"line":15,"column":49}},"8":{"start":{"line":18,"column":7},"end":{"line":413,"column":null}},"9":{"start":{"line":21,"column":12},"end":{"line":21,"column":35}},"10":{"start":{"line":23,"column":12},"end":{"line":23,"column":31}},"11":{"start":{"line":25,"column":12},"end":{"line":25,"column":30}},"12":{"start":{"line":26,"column":12},"end":{"line":26,"column":27}},"13":{"start":{"line":33,"column":34},"end":{"line":43,"column":null}},"14":{"start":{"line":46,"column":4},"end":{"line":49,"column":6}},"15":{"start":{"line":56,"column":19},"end":{"line":58,"column":6}},"16":{"start":{"line":59,"column":4},"end":{"line":63,"column":5}},"17":{"start":{"line":60,"column":6},"end":{"line":62,"column":8}},"18":{"start":{"line":66,"column":19},"end":{"line":66,"column":55}},"19":{"start":{"line":67,"column":28},"end":{"line":67,"column":56}},"20":{"start":{"line":68,"column":35},"end":{"line":68,"column":70}},"21":{"start":{"line":70,"column":16},"end":{"line":70,"column":26}},"22":{"start":{"line":71,"column":28},"end":{"line":71,"column":75}},"23":{"start":{"line":74,"column":6},"end":{"line":74,"column":68}},"24":{"start":{"line":75,"column":4},"end":{"line":79,"column":5}},"25":{"start":{"line":76,"column":6},"end":{"line":78,"column":8}},"26":{"start":{"line":81,"column":24},"end":{"line":81,"column":34}},"27":{"start":{"line":82,"column":4},"end":{"line":82,"column":68}},"28":{"start":{"line":83,"column":4},"end":{"line":87,"column":5}},"29":{"start":{"line":84,"column":6},"end":{"line":86,"column":8}},"30":{"start":{"line":90,"column":18},"end":{"line":92,"column":6}},"31":{"start":{"line":93,"column":4},"end":{"line":102,"column":5}},"32":{"start":{"line":94,"column":6},"end":{"line":100,"column":9}},"33":{"start":{"line":101,"column":6},"end":{"line":101,"column":49}},"34":{"start":{"line":105,"column":21},"end":{"line":109,"column":6}},"35":{"start":{"line":111,"column":4},"end":{"line":115,"column":5}},"36":{"start":{"line":112,"column":6},"end":{"line":114,"column":8}},"37":{"start":{"line":117,"column":24},"end":{"line":123,"column":6}},"38":{"start":{"line":125,"column":4},"end":{"line":125,"column":56}},"39":{"start":{"line":132,"column":19},"end":{"line":132,"column":74}},"40":{"start":{"line":133,"column":4},"end":{"line":135,"column":5}},"41":{"start":{"line":134,"column":6},"end":{"line":134,"column":74}},"42":{"start":{"line":138,"column":25},"end":{"line":143,"column":6}},"43":{"start":{"line":145,"column":34},"end":{"line":146,"column":null}},"44":{"start":{"line":146,"column":6},"end":{"line":146,"column":46}},"45":{"start":{"line":148,"column":28},"end":{"line":148,"column":30}},"46":{"start":{"line":150,"column":31},"end":{"line":150,"column":58}},"47":{"start":{"line":151,"column":20},"end":{"line":151,"column":50}},"48":{"start":{"line":152,"column":20},"end":{"line":152,"column":36}},"49":{"start":{"line":153,"column":4},"end":{"line":153,"column":39}},"50":{"start":{"line":153,"column":25},"end":{"line":153,"column":39}},"51":{"start":{"line":156,"column":29},"end":{"line":158,"column":23}},"52":{"start":{"line":159,"column":4},"end":{"line":161,"column":5}},"53":{"start":{"line":160,"column":6},"end":{"line":160,"column":16}},"54":{"start":{"line":163,"column":18},"end":{"line":163,"column":58}},"55":{"start":{"line":164,"column":16},"end":{"line":164,"column":54}},"56":{"start":{"line":165,"column":26},"end":{"line":167,"column":12}},"57":{"start":{"line":168,"column":24},"end":{"line":170,"column":12}},"58":{"start":{"line":173,"column":19},"end":{"line":173,"column":55}},"59":{"start":{"line":174,"column":28},"end":{"line":174,"column":56}},"60":{"start":{"line":175,"column":35},"end":{"line":175,"column":70}},"61":{"start":{"line":177,"column":4},"end":{"line":201,"column":5}},"62":{"start":{"line":178,"column":22},"end":{"line":178,"column":49}},"63":{"start":{"line":180,"column":18},"end":{"line":180,"column":28}},"64":{"start":{"line":181,"column":23},"end":{"line":181,"column":53}},"65":{"start":{"line":182,"column":24},"end":{"line":182,"column":79}},"66":{"start":{"line":183,"column":26},"end":{"line":183,"column":36}},"67":{"start":{"line":184,"column":6},"end":{"line":184,"column":70}},"68":{"start":{"line":187,"column":8},"end":{"line":190,"column":29}},"69":{"start":{"line":192,"column":6},"end":{"line":199,"column":7}},"70":{"start":{"line":198,"column":8},"end":{"line":198,"column":28}},"71":{"start":{"line":200,"column":6},"end":{"line":200,"column":37}},"72":{"start":{"line":203,"column":4},"end":{"line":203,"column":17}},"73":{"start":{"line":210,"column":4},"end":{"line":214,"column":7}},"74":{"start":{"line":221,"column":24},"end":{"line":224,"column":6}},"75":{"start":{"line":226,"column":4},"end":{"line":228,"column":5}},"76":{"start":{"line":227,"column":6},"end":{"line":227,"column":57}},"77":{"start":{"line":230,"column":4},"end":{"line":234,"column":5}},"78":{"start":{"line":231,"column":6},"end":{"line":233,"column":8}},"79":{"start":{"line":236,"column":16},"end":{"line":236,"column":26}},"80":{"start":{"line":237,"column":20},"end":{"line":238,"column":null}},"81":{"start":{"line":241,"column":4},"end":{"line":243,"column":5}},"82":{"start":{"line":242,"column":6},"end":{"line":242,"column":77}},"83":{"start":{"line":245,"column":4},"end":{"line":245,"column":37}},"84":{"start":{"line":246,"column":4},"end":{"line":246,"column":56}},"85":{"start":{"line":253,"column":24},"end":{"line":256,"column":6}},"86":{"start":{"line":258,"column":4},"end":{"line":260,"column":5}},"87":{"start":{"line":259,"column":6},"end":{"line":259,"column":57}},"88":{"start":{"line":262,"column":4},"end":{"line":266,"column":5}},"89":{"start":{"line":263,"column":6},"end":{"line":265,"column":8}},"90":{"start":{"line":269,"column":21},"end":{"line":273,"column":6}},"91":{"start":{"line":275,"column":4},"end":{"line":277,"column":5}},"92":{"start":{"line":276,"column":6},"end":{"line":276,"column":79}},"93":{"start":{"line":279,"column":16},"end":{"line":279,"column":26}},"94":{"start":{"line":280,"column":23},"end":{"line":280,"column":50}},"95":{"start":{"line":281,"column":4},"end":{"line":285,"column":5}},"96":{"start":{"line":282,"column":6},"end":{"line":284,"column":8}},"97":{"start":{"line":287,"column":4},"end":{"line":287,"column":39}},"98":{"start":{"line":288,"column":4},"end":{"line":288,"column":39}},"99":{"start":{"line":289,"column":4},"end":{"line":289,"column":36}},"100":{"start":{"line":291,"column":4},"end":{"line":291,"column":56}},"101":{"start":{"line":295,"column":29},"end":{"line":295,"column":56}},"102":{"start":{"line":296,"column":4},"end":{"line":296,"column":32}},"103":{"start":{"line":300,"column":18},"end":{"line":300,"column":42}},"104":{"start":{"line":301,"column":17},"end":{"line":301,"column":29}},"105":{"start":{"line":302,"column":4},"end":{"line":302,"column":86}},"106":{"start":{"line":309,"column":28},"end":{"line":311,"column":6}},"107":{"start":{"line":312,"column":23},"end":{"line":312,"column":57}},"108":{"start":{"line":314,"column":18},"end":{"line":314,"column":40}},"109":{"start":{"line":315,"column":20},"end":{"line":315,"column":21}},"110":{"start":{"line":316,"column":20},"end":{"line":316,"column":21}},"111":{"start":{"line":317,"column":20},"end":{"line":317,"column":21}},"112":{"start":{"line":319,"column":74},"end":{"line":319,"column":76}},"113":{"start":{"line":320,"column":4},"end":{"line":322,"column":7}},"114":{"start":{"line":321,"column":6},"end":{"line":321,"column":66}},"115":{"start":{"line":324,"column":4},"end":{"line":332,"column":7}},"116":{"start":{"line":325,"column":6},"end":{"line":327,"column":55}},"117":{"start":{"line":325,"column":37},"end":{"line":325,"column":49}},"118":{"start":{"line":326,"column":11},"end":{"line":327,"column":55}},"119":{"start":{"line":326,"column":44},"end":{"line":326,"column":56}},"120":{"start":{"line":327,"column":11},"end":{"line":327,"column":55}},"121":{"start":{"line":327,"column":43},"end":{"line":327,"column":55}},"122":{"start":{"line":329,"column":6},"end":{"line":331,"column":7}},"123":{"start":{"line":330,"column":8},"end":{"line":330,"column":44}},"124":{"start":{"line":334,"column":24},"end":{"line":340,"column":40}},"125":{"start":{"line":335,"column":19},"end":{"line":339,"column":8}},"126":{"start":{"line":340,"column":22},"end":{"line":340,"column":39}},"127":{"start":{"line":342,"column":4},"end":{"line":350,"column":6}},"128":{"start":{"line":357,"column":4},"end":{"line":360,"column":7}},"129":{"start":{"line":367,"column":4},"end":{"line":367,"column":56}},"130":{"start":{"line":374,"column":20},"end":{"line":374,"column":72}},"131":{"start":{"line":375,"column":4},"end":{"line":377,"column":5}},"132":{"start":{"line":376,"column":6},"end":{"line":376,"column":61}},"133":{"start":{"line":378,"column":4},"end":{"line":378,"column":19}},"134":{"start":{"line":386,"column":16},"end":{"line":386,"column":26}},"135":{"start":{"line":389,"column":17},"end":{"line":389,"column":34}},"136":{"start":{"line":390,"column":18},"end":{"line":390,"column":61}},"137":{"start":{"line":391,"column":16},"end":{"line":391,"column":54}},"138":{"start":{"line":392,"column":20},"end":{"line":392,"column":45}},"139":{"start":{"line":395,"column":18},"end":{"line":395,"column":57}},"140":{"start":{"line":396,"column":20},"end":{"line":396,"column":61}},"141":{"start":{"line":397,"column":20},"end":{"line":397,"column":41}},"142":{"start":{"line":399,"column":4},"end":{"line":411,"column":17}},"143":{"start":{"line":18,"column":13},"end":{"line":18,"column":31}},"144":{"start":{"line":385,"column":8},"end":{"line":412,"column":null}},"145":{"start":{"line":18,"column":13},"end":{"line":413,"column":null}}},"fnMap":{"0":{"name":"(anonymous_4)","decl":{"start":{"line":19,"column":2},"end":{"line":19,"column":null}},"loc":{"start":{"line":26,"column":40},"end":{"line":27,"column":6}}},"1":{"name":"(anonymous_5)","decl":{"start":{"line":32,"column":2},"end":{"line":32,"column":7}},"loc":{"start":{"line":32,"column":61},"end":{"line":50,"column":3}}},"2":{"name":"(anonymous_6)","decl":{"start":{"line":55,"column":2},"end":{"line":55,"column":7}},"loc":{"start":{"line":55,"column":46},"end":{"line":126,"column":3}}},"3":{"name":"(anonymous_7)","decl":{"start":{"line":131,"column":2},"end":{"line":131,"column":7}},"loc":{"start":{"line":131,"column":56},"end":{"line":204,"column":3}}},"4":{"name":"(anonymous_8)","decl":{"start":{"line":145,"column":51},"end":{"line":145,"column":52}},"loc":{"start":{"line":146,"column":6},"end":{"line":146,"column":46}}},"5":{"name":"(anonymous_9)","decl":{"start":{"line":209,"column":2},"end":{"line":209,"column":7}},"loc":{"start":{"line":209,"column":42},"end":{"line":215,"column":3}}},"6":{"name":"(anonymous_10)","decl":{"start":{"line":220,"column":2},"end":{"line":220,"column":7}},"loc":{"start":{"line":220,"column":66},"end":{"line":247,"column":3}}},"7":{"name":"(anonymous_11)","decl":{"start":{"line":252,"column":2},"end":{"line":252,"column":7}},"loc":{"start":{"line":252,"column":76},"end":{"line":292,"column":3}}},"8":{"name":"(anonymous_12)","decl":{"start":{"line":294,"column":10},"end":{"line":294,"column":23}},"loc":{"start":{"line":294,"column":36},"end":{"line":297,"column":3}}},"9":{"name":"(anonymous_13)","decl":{"start":{"line":299,"column":10},"end":{"line":299,"column":23}},"loc":{"start":{"line":299,"column":39},"end":{"line":303,"column":3}}},"10":{"name":"(anonymous_14)","decl":{"start":{"line":308,"column":2},"end":{"line":308,"column":7}},"loc":{"start":{"line":308,"column":25},"end":{"line":351,"column":3}}},"11":{"name":"(anonymous_15)","decl":{"start":{"line":320,"column":23},"end":{"line":320,"column":24}},"loc":{"start":{"line":320,"column":29},"end":{"line":322,"column":5}}},"12":{"name":"(anonymous_16)","decl":{"start":{"line":324,"column":28},"end":{"line":324,"column":29}},"loc":{"start":{"line":324,"column":36},"end":{"line":332,"column":5}}},"13":{"name":"(anonymous_17)","decl":{"start":{"line":335,"column":11},"end":{"line":335,"column":12}},"loc":{"start":{"line":335,"column":19},"end":{"line":339,"column":8}}},"14":{"name":"(anonymous_18)","decl":{"start":{"line":340,"column":12},"end":{"line":340,"column":13}},"loc":{"start":{"line":340,"column":22},"end":{"line":340,"column":39}}},"15":{"name":"(anonymous_19)","decl":{"start":{"line":356,"column":2},"end":{"line":356,"column":7}},"loc":{"start":{"line":356,"column":15},"end":{"line":361,"column":3}}},"16":{"name":"(anonymous_20)","decl":{"start":{"line":366,"column":2},"end":{"line":366,"column":7}},"loc":{"start":{"line":366,"column":27},"end":{"line":368,"column":3}}},"17":{"name":"(anonymous_21)","decl":{"start":{"line":373,"column":2},"end":{"line":373,"column":7}},"loc":{"start":{"line":373,"column":46},"end":{"line":379,"column":3}}},"18":{"name":"(anonymous_22)","decl":{"start":{"line":385,"column":8},"end":{"line":385,"column":36}},"loc":{"start":{"line":385,"column":36},"end":{"line":412,"column":3}}}},"branchMap":{"0":{"loc":{"start":{"line":59,"column":4},"end":{"line":63,"column":5}},"type":"if","locations":[{"start":{"line":59,"column":4},"end":{"line":63,"column":5}},{"start":{},"end":{}}]},"1":{"loc":{"start":{"line":67,"column":28},"end":{"line":67,"column":56}},"type":"binary-expr","locations":[{"start":{"line":67,"column":28},"end":{"line":67,"column":51}},{"start":{"line":67,"column":55},"end":{"line":67,"column":56}}]},"2":{"loc":{"start":{"line":68,"column":35},"end":{"line":68,"column":70}},"type":"binary-expr","locations":[{"start":{"line":68,"column":35},"end":{"line":68,"column":65}},{"start":{"line":68,"column":69},"end":{"line":68,"column":70}}]},"3":{"loc":{"start":{"line":75,"column":4},"end":{"line":79,"column":5}},"type":"if","locations":[{"start":{"line":75,"column":4},"end":{"line":79,"column":5}},{"start":{},"end":{}}]},"4":{"loc":{"start":{"line":83,"column":4},"end":{"line":87,"column":5}},"type":"if","locations":[{"start":{"line":83,"column":4},"end":{"line":87,"column":5}},{"start":{},"end":{}}]},"5":{"loc":{"start":{"line":93,"column":4},"end":{"line":102,"column":5}},"type":"if","locations":[{"start":{"line":93,"column":4},"end":{"line":102,"column":5}},{"start":{},"end":{}}]},"6":{"loc":{"start":{"line":111,"column":4},"end":{"line":115,"column":5}},"type":"if","locations":[{"start":{"line":111,"column":4},"end":{"line":115,"column":5}},{"start":{},"end":{}}]},"7":{"loc":{"start":{"line":133,"column":4},"end":{"line":135,"column":5}},"type":"if","locations":[{"start":{"line":133,"column":4},"end":{"line":135,"column":5}},{"start":{},"end":{}}]},"8":{"loc":{"start":{"line":153,"column":4},"end":{"line":153,"column":39}},"type":"if","locations":[{"start":{"line":153,"column":4},"end":{"line":153,"column":39}},{"start":{},"end":{}}]},"9":{"loc":{"start":{"line":156,"column":29},"end":{"line":158,"column":23}},"type":"cond-expr","locations":[{"start":{"line":157,"column":8},"end":{"line":157,"column":48}},{"start":{"line":158,"column":8},"end":{"line":158,"column":23}}]},"10":{"loc":{"start":{"line":159,"column":4},"end":{"line":161,"column":5}},"type":"if","locations":[{"start":{"line":159,"column":4},"end":{"line":161,"column":5}},{"start":{},"end":{}}]},"11":{"loc":{"start":{"line":165,"column":26},"end":{"line":167,"column":12}},"type":"cond-expr","locations":[{"start":{"line":166,"column":8},"end":{"line":166,"column":45}},{"start":{"line":167,"column":8},"end":{"line":167,"column":12}}]},"12":{"loc":{"start":{"line":168,"column":24},"end":{"line":170,"column":12}},"type":"cond-expr","locations":[{"start":{"line":169,"column":8},"end":{"line":169,"column":43}},{"start":{"line":170,"column":8},"end":{"line":170,"column":12}}]},"13":{"loc":{"start":{"line":174,"column":28},"end":{"line":174,"column":56}},"type":"binary-expr","locations":[{"start":{"line":174,"column":28},"end":{"line":174,"column":51}},{"start":{"line":174,"column":55},"end":{"line":174,"column":56}}]},"14":{"loc":{"start":{"line":175,"column":35},"end":{"line":175,"column":70}},"type":"binary-expr","locations":[{"start":{"line":175,"column":35},"end":{"line":175,"column":65}},{"start":{"line":175,"column":69},"end":{"line":175,"column":70}}]},"15":{"loc":{"start":{"line":187,"column":8},"end":{"line":190,"column":29}},"type":"binary-expr","locations":[{"start":{"line":187,"column":8},"end":{"line":187,"column":30}},{"start":{"line":188,"column":8},"end":{"line":188,"column":28}},{"start":{"line":189,"column":8},"end":{"line":189,"column":32}},{"start":{"line":190,"column":8},"end":{"line":190,"column":29}}]},"16":{"loc":{"start":{"line":192,"column":6},"end":{"line":199,"column":7}},"type":"if","locations":[{"start":{"line":192,"column":6},"end":{"line":199,"column":7}},{"start":{},"end":{}}]},"17":{"loc":{"start":{"line":193,"column":8},"end":{"line":196,"column":22}},"type":"binary-expr","locations":[{"start":{"line":193,"column":8},"end":{"line":193,"column":38}},{"start":{"line":194,"column":8},"end":{"line":194,"column":36}},{"start":{"line":195,"column":8},"end":{"line":195,"column":31}},{"start":{"line":196,"column":8},"end":{"line":196,"column":22}}]},"18":{"loc":{"start":{"line":226,"column":4},"end":{"line":228,"column":5}},"type":"if","locations":[{"start":{"line":226,"column":4},"end":{"line":228,"column":5}},{"start":{},"end":{}}]},"19":{"loc":{"start":{"line":230,"column":4},"end":{"line":234,"column":5}},"type":"if","locations":[{"start":{"line":230,"column":4},"end":{"line":234,"column":5}},{"start":{},"end":{}}]},"20":{"loc":{"start":{"line":241,"column":4},"end":{"line":243,"column":5}},"type":"if","locations":[{"start":{"line":241,"column":4},"end":{"line":243,"column":5}},{"start":{},"end":{}}]},"21":{"loc":{"start":{"line":258,"column":4},"end":{"line":260,"column":5}},"type":"if","locations":[{"start":{"line":258,"column":4},"end":{"line":260,"column":5}},{"start":{},"end":{}}]},"22":{"loc":{"start":{"line":262,"column":4},"end":{"line":266,"column":5}},"type":"if","locations":[{"start":{"line":262,"column":4},"end":{"line":266,"column":5}},{"start":{},"end":{}}]},"23":{"loc":{"start":{"line":275,"column":4},"end":{"line":277,"column":5}},"type":"if","locations":[{"start":{"line":275,"column":4},"end":{"line":277,"column":5}},{"start":{},"end":{}}]},"24":{"loc":{"start":{"line":275,"column":8},"end":{"line":275,"column":38}},"type":"binary-expr","locations":[{"start":{"line":275,"column":8},"end":{"line":275,"column":16}},{"start":{"line":275,"column":20},"end":{"line":275,"column":38}}]},"25":{"loc":{"start":{"line":281,"column":4},"end":{"line":285,"column":5}},"type":"if","locations":[{"start":{"line":281,"column":4},"end":{"line":285,"column":5}},{"start":{},"end":{}}]},"26":{"loc":{"start":{"line":325,"column":6},"end":{"line":327,"column":55}},"type":"if","locations":[{"start":{"line":325,"column":6},"end":{"line":327,"column":55}},{"start":{"line":326,"column":11},"end":{"line":327,"column":55}}]},"27":{"loc":{"start":{"line":326,"column":11},"end":{"line":327,"column":55}},"type":"if","locations":[{"start":{"line":326,"column":11},"end":{"line":327,"column":55}},{"start":{"line":327,"column":11},"end":{"line":327,"column":55}}]},"28":{"loc":{"start":{"line":327,"column":11},"end":{"line":327,"column":55}},"type":"if","locations":[{"start":{"line":327,"column":11},"end":{"line":327,"column":55}},{"start":{},"end":{}}]},"29":{"loc":{"start":{"line":329,"column":6},"end":{"line":331,"column":7}},"type":"if","locations":[{"start":{"line":329,"column":6},"end":{"line":331,"column":7}},{"start":{},"end":{}}]},"30":{"loc":{"start":{"line":329,"column":10},"end":{"line":329,"column":51}},"type":"binary-expr","locations":[{"start":{"line":329,"column":10},"end":{"line":329,"column":20}},{"start":{"line":329,"column":24},"end":{"line":329,"column":51}}]},"31":{"loc":{"start":{"line":338,"column":20},"end":{"line":338,"column":71}},"type":"cond-expr","locations":[{"start":{"line":338,"column":32},"end":{"line":338,"column":67}},{"start":{"line":338,"column":70},"end":{"line":338,"column":71}}]},"32":{"loc":{"start":{"line":375,"column":4},"end":{"line":377,"column":5}},"type":"if","locations":[{"start":{"line":375,"column":4},"end":{"line":377,"column":5}},{"start":{},"end":{}}]},"33":{"loc":{"start":{"line":21,"column":35},"end":{"line":21,"column":58}},"type":"cond-expr","locations":[{"start":{"line":21,"column":45},"end":{"line":21,"column":58}},{"start":{"line":21,"column":45},"end":{"line":21,"column":58}}]},"34":{"loc":{"start":{"line":21,"column":35},"end":{"line":21,"column":45}},"type":"binary-expr","locations":[{"start":{"line":21,"column":35},"end":{"line":21,"column":58}},{"start":{"line":21,"column":35},"end":{"line":21,"column":45}}]},"35":{"loc":{"start":{"line":21,"column":45},"end":{"line":23,"column":50}},"type":"cond-expr","locations":[{"start":{"line":23,"column":41},"end":{"line":23,"column":50}},{"start":{"line":23,"column":41},"end":{"line":23,"column":50}}]},"36":{"loc":{"start":{"line":21,"column":45},"end":{"line":23,"column":41}},"type":"binary-expr","locations":[{"start":{"line":21,"column":45},"end":{"line":23,"column":50}},{"start":{"line":23,"column":31},"end":{"line":23,"column":41}}]},"37":{"loc":{"start":{"line":23,"column":41},"end":{"line":25,"column":48}},"type":"cond-expr","locations":[{"start":{"line":25,"column":40},"end":{"line":25,"column":48}},{"start":{"line":25,"column":40},"end":{"line":25,"column":48}}]},"38":{"loc":{"start":{"line":23,"column":41},"end":{"line":25,"column":40}},"type":"binary-expr","locations":[{"start":{"line":23,"column":41},"end":{"line":25,"column":48}},{"start":{"line":25,"column":30},"end":{"line":25,"column":40}}]},"39":{"loc":{"start":{"line":25,"column":40},"end":{"line":26,"column":null}},"type":"cond-expr","locations":[{"start":{"line":26,"column":40},"end":{"line":26,"column":null}},{"start":{"line":26,"column":40},"end":{"line":26,"column":null}}]},"40":{"loc":{"start":{"line":25,"column":40},"end":{"line":26,"column":40}},"type":"binary-expr","locations":[{"start":{"line":25,"column":40},"end":{"line":26,"column":null}},{"start":{"line":26,"column":27},"end":{"line":26,"column":40}}]}},"s":{"0":2,"1":2,"2":2,"3":2,"4":2,"5":2,"6":2,"7":2,"8":2,"9":7,"10":7,"11":7,"12":7,"13":0,"14":0,"15":2,"16":2,"17":1,"18":1,"19":1,"20":1,"21":1,"22":1,"23":1,"24":1,"25":0,"26":1,"27":1,"28":1,"29":0,"30":1,"31":1,"32":0,"33":0,"34":1,"35":1,"36":0,"37":1,"38":1,"39":0,"40":0,"41":0,"42":0,"43":0,"44":0,"45":0,"46":0,"47":0,"48":0,"49":0,"50":0,"51":0,"52":0,"53":0,"54":0,"55":0,"56":0,"57":0,"58":0,"59":0,"60":0,"61":0,"62":0,"63":0,"64":0,"65":0,"66":0,"67":0,"68":0,"69":0,"70":0,"71":0,"72":0,"73":0,"74":0,"75":0,"76":0,"77":0,"78":0,"79":0,"80":0,"81":0,"82":0,"83":0,"84":0,"85":0,"86":0,"87":0,"88":0,"89":0,"90":0,"91":0,"92":0,"93":0,"94":0,"95":0,"96":0,"97":0,"98":0,"99":0,"100":0,"101":0,"102":0,"103":0,"104":0,"105":0,"106":0,"107":0,"108":0,"109":0,"110":0,"111":0,"112":0,"113":0,"114":0,"115":0,"116":0,"117":0,"118":0,"119":0,"120":0,"121":0,"122":0,"123":0,"124":0,"125":0,"126":0,"127":0,"128":2,"129":1,"130":2,"131":2,"132":1,"133":1,"134":0,"135":0,"136":0,"137":0,"138":0,"139":0,"140":0,"141":0,"142":0,"143":2,"144":2,"145":2},"f":{"0":7,"1":0,"2":2,"3":0,"4":0,"5":0,"6":0,"7":0,"8":0,"9":0,"10":0,"11":0,"12":0,"13":0,"14":0,"15":2,"16":1,"17":2,"18":0},"b":{"0":[1,1],"1":[1,0],"2":[1,0],"3":[0,1],"4":[0,1],"5":[0,1],"6":[0,1],"7":[0,0],"8":[0,0],"9":[0,0],"10":[0,0],"11":[0,0],"12":[0,0],"13":[0,0],"14":[0,0],"15":[0,0,0,0],"16":[0,0],"17":[0,0,0,0],"18":[0,0],"19":[0,0],"20":[0,0],"21":[0,0],"22":[0,0],"23":[0,0],"24":[0,0],"25":[0,0],"26":[0,0],"27":[0,0],"28":[0,0],"29":[0,0],"30":[0,0],"31":[0,0],"32":[1,1],"33":[2,0],"34":[2,2],"35":[2,0],"36":[2,2],"37":[2,0],"38":[2,2],"39":[2,0],"40":[2,2]}}
,"C:\\Users\\USER\\Documents\\GitHub\\ReservaCitasMedicas\\backend\\src\\application\\services\\auth.service.ts": {"path":"C:\\Users\\USER\\Documents\\GitHub\\ReservaCitasMedicas\\backend\\src\\application\\services\\auth.service.ts","statementMap":{"0":{"start":{"line":1,"column":0},"end":{"line":1,"column":null}},"1":{"start":{"line":6,"column":0},"end":{"line":6,"column":41}},"2":{"start":{"line":7,"column":0},"end":{"line":7,"column":51}},"3":{"start":{"line":8,"column":0},"end":{"line":8,"column":37}},"4":{"start":{"line":9,"column":0},"end":{"line":9,"column":63}},"5":{"start":{"line":10,"column":0},"end":{"line":10,"column":57}},"6":{"start":{"line":13,"column":0},"end":{"line":13,"column":33}},"7":{"start":{"line":16,"column":7},"end":{"line":132,"column":null}},"8":{"start":{"line":19,"column":12},"end":{"line":19,"column":28}},"9":{"start":{"line":21,"column":12},"end":{"line":21,"column":31}},"10":{"start":{"line":22,"column":12},"end":{"line":22,"column":24}},"11":{"start":{"line":26,"column":21},"end":{"line":28,"column":6}},"12":{"start":{"line":29,"column":4},"end":{"line":31,"column":5}},"13":{"start":{"line":30,"column":6},"end":{"line":30,"column":70}},"14":{"start":{"line":33,"column":27},"end":{"line":33,"column":62}},"15":{"start":{"line":34,"column":20},"end":{"line":37,"column":6}},"16":{"start":{"line":39,"column":4},"end":{"line":39,"column":47}},"17":{"start":{"line":40,"column":4},"end":{"line":40,"column":71}},"18":{"start":{"line":45,"column":25},"end":{"line":47,"column":6}},"19":{"start":{"line":49,"column":4},"end":{"line":68,"column":5}},"20":{"start":{"line":53,"column":22},"end":{"line":57,"column":8}},"21":{"start":{"line":58,"column":6},"end":{"line":67,"column":8}},"22":{"start":{"line":71,"column":20},"end":{"line":82,"column":6}},"23":{"start":{"line":84,"column":4},"end":{"line":106,"column":5}},"24":{"start":{"line":89,"column":22},"end":{"line":93,"column":8}},"25":{"start":{"line":94,"column":6},"end":{"line":105,"column":8}},"26":{"start":{"line":108,"column":4},"end":{"line":108,"column":63}},"27":{"start":{"line":112,"column":20},"end":{"line":124,"column":6}},"28":{"start":{"line":126,"column":4},"end":{"line":128,"column":5}},"29":{"start":{"line":127,"column":6},"end":{"line":127,"column":65}},"30":{"start":{"line":130,"column":4},"end":{"line":130,"column":19}},"31":{"start":{"line":16,"column":13},"end":{"line":16,"column":24}},"32":{"start":{"line":16,"column":13},"end":{"line":132,"column":null}}},"fnMap":{"0":{"name":"(anonymous_13)","decl":{"start":{"line":17,"column":2},"end":{"line":17,"column":null}},"loc":{"start":{"line":22,"column":34},"end":{"line":23,"column":6}}},"1":{"name":"(anonymous_14)","decl":{"start":{"line":25,"column":2},"end":{"line":25,"column":7}},"loc":{"start":{"line":25,"column":33},"end":{"line":41,"column":3}}},"2":{"name":"(anonymous_15)","decl":{"start":{"line":43,"column":2},"end":{"line":43,"column":7}},"loc":{"start":{"line":43,"column":27},"end":{"line":109,"column":3}}},"3":{"name":"(anonymous_16)","decl":{"start":{"line":111,"column":2},"end":{"line":111,"column":7}},"loc":{"start":{"line":111,"column":45},"end":{"line":131,"column":3}}}},"branchMap":{"0":{"loc":{"start":{"line":29,"column":4},"end":{"line":31,"column":5}},"type":"if","locations":[{"start":{"line":29,"column":4},"end":{"line":31,"column":5}},{"start":{},"end":{}}]},"1":{"loc":{"start":{"line":49,"column":4},"end":{"line":68,"column":5}},"type":"if","locations":[{"start":{"line":49,"column":4},"end":{"line":68,"column":5}},{"start":{},"end":{}}]},"2":{"loc":{"start":{"line":50,"column":6},"end":{"line":51,"column":65}},"type":"binary-expr","locations":[{"start":{"line":50,"column":6},"end":{"line":50,"column":18}},{"start":{"line":51,"column":7},"end":{"line":51,"column":64}}]},"3":{"loc":{"start":{"line":84,"column":4},"end":{"line":106,"column":5}},"type":"if","locations":[{"start":{"line":84,"column":4},"end":{"line":106,"column":5}},{"start":{},"end":{}}]},"4":{"loc":{"start":{"line":85,"column":6},"end":{"line":87,"column":60}},"type":"binary-expr","locations":[{"start":{"line":85,"column":6},"end":{"line":85,"column":13}},{"start":{"line":86,"column":6},"end":{"line":86,"column":22}},{"start":{"line":87,"column":7},"end":{"line":87,"column":59}}]},"5":{"loc":{"start":{"line":126,"column":4},"end":{"line":128,"column":5}},"type":"if","locations":[{"start":{"line":126,"column":4},"end":{"line":128,"column":5}},{"start":{},"end":{}}]},"6":{"loc":{"start":{"line":19,"column":28},"end":{"line":19,"column":44}},"type":"cond-expr","locations":[{"start":{"line":19,"column":38},"end":{"line":19,"column":44}},{"start":{"line":19,"column":38},"end":{"line":19,"column":44}}]},"7":{"loc":{"start":{"line":19,"column":28},"end":{"line":19,"column":38}},"type":"binary-expr","locations":[{"start":{"line":19,"column":28},"end":{"line":19,"column":44}},{"start":{"line":19,"column":28},"end":{"line":19,"column":38}}]},"8":{"loc":{"start":{"line":19,"column":38},"end":{"line":21,"column":50}},"type":"cond-expr","locations":[{"start":{"line":21,"column":41},"end":{"line":21,"column":50}},{"start":{"line":21,"column":41},"end":{"line":21,"column":50}}]},"9":{"loc":{"start":{"line":19,"column":38},"end":{"line":21,"column":41}},"type":"binary-expr","locations":[{"start":{"line":19,"column":38},"end":{"line":21,"column":50}},{"start":{"line":21,"column":31},"end":{"line":21,"column":41}}]},"10":{"loc":{"start":{"line":21,"column":41},"end":{"line":22,"column":null}},"type":"cond-expr","locations":[{"start":{"line":22,"column":34},"end":{"line":22,"column":null}},{"start":{"line":22,"column":34},"end":{"line":22,"column":null}}]},"11":{"loc":{"start":{"line":21,"column":41},"end":{"line":22,"column":34}},"type":"binary-expr","locations":[{"start":{"line":21,"column":41},"end":{"line":22,"column":null}},{"start":{"line":22,"column":24},"end":{"line":22,"column":34}}]}},"s":{"0":1,"1":1,"2":1,"3":1,"4":1,"5":1,"6":1,"7":1,"8":3,"9":3,"10":3,"11":0,"12":0,"13":0,"14":0,"15":0,"16":0,"17":0,"18":3,"19":3,"20":2,"21":2,"22":1,"23":1,"24":0,"25":0,"26":1,"27":0,"28":0,"29":0,"30":0,"31":1,"32":1},"f":{"0":3,"1":0,"2":3,"3":0},"b":{"0":[0,0],"1":[2,1],"2":[3,2],"3":[0,1],"4":[1,0,0],"5":[0,0],"6":[1,0],"7":[1,1],"8":[1,0],"9":[1,1],"10":[1,0],"11":[1,1]}}
,"C:\\Users\\USER\\Documents\\GitHub\\ReservaCitasMedicas\\backend\\src\\application\\services\\config.service.ts": {"path":"C:\\Users\\USER\\Documents\\GitHub\\ReservaCitasMedicas\\backend\\src\\application\\services\\config.service.ts","statementMap":{"0":{"start":{"line":1,"column":0},"end":{"line":1,"column":58}},"1":{"start":{"line":2,"column":0},"end":{"line":2,"column":51}},"2":{"start":{"line":3,"column":0},"end":{"line":3,"column":37}},"3":{"start":{"line":4,"column":0},"end":{"line":4,"column":61}},"4":{"start":{"line":6,"column":0},"end":{"line":6,"column":13}},"5":{"start":{"line":12,"column":7},"end":{"line":53,"column":null}},"6":{"start":{"line":15,"column":12},"end":{"line":15,"column":30}},"7":{"start":{"line":19,"column":21},"end":{"line":21,"column":6}},"8":{"start":{"line":22,"column":4},"end":{"line":30,"column":5}},"9":{"start":{"line":23,"column":6},"end":{"line":29,"column":9}},"10":{"start":{"line":34,"column":19},"end":{"line":36,"column":6}},"11":{"start":{"line":37,"column":4},"end":{"line":37,"column":53}},"12":{"start":{"line":41,"column":21},"end":{"line":43,"column":6}},"13":{"start":{"line":44,"column":4},"end":{"line":50,"column":5}},"14":{"start":{"line":45,"column":6},"end":{"line":49,"column":8}},"15":{"start":{"line":51,"column":4},"end":{"line":51,"column":28}},"16":{"start":{"line":12,"column":13},"end":{"line":12,"column":26}},"17":{"start":{"line":12,"column":13},"end":{"line":53,"column":null}}},"fnMap":{"0":{"name":"(anonymous_4)","decl":{"start":{"line":13,"column":2},"end":{"line":13,"column":null}},"loc":{"start":{"line":15,"column":48},"end":{"line":16,"column":6}}},"1":{"name":"(anonymous_5)","decl":{"start":{"line":18,"column":2},"end":{"line":18,"column":7}},"loc":{"start":{"line":18,"column":20},"end":{"line":31,"column":3}}},"2":{"name":"(anonymous_6)","decl":{"start":{"line":33,"column":2},"end":{"line":33,"column":7}},"loc":{"start":{"line":33,"column":17},"end":{"line":38,"column":3}}},"3":{"name":"(anonymous_7)","decl":{"start":{"line":40,"column":2},"end":{"line":40,"column":7}},"loc":{"start":{"line":40,"column":39},"end":{"line":52,"column":3}}}},"branchMap":{"0":{"loc":{"start":{"line":22,"column":4},"end":{"line":30,"column":5}},"type":"if","locations":[{"start":{"line":22,"column":4},"end":{"line":30,"column":5}},{"start":{},"end":{}}]},"1":{"loc":{"start":{"line":44,"column":4},"end":{"line":50,"column":5}},"type":"if","locations":[{"start":{"line":44,"column":4},"end":{"line":50,"column":5}},{"start":{},"end":{}}]},"2":{"loc":{"start":{"line":15,"column":30},"end":{"line":15,"column":48}},"type":"cond-expr","locations":[{"start":{"line":15,"column":40},"end":{"line":15,"column":48}},{"start":{"line":15,"column":40},"end":{"line":15,"column":48}}]},"3":{"loc":{"start":{"line":15,"column":30},"end":{"line":15,"column":40}},"type":"binary-expr","locations":[{"start":{"line":15,"column":30},"end":{"line":15,"column":48}},{"start":{"line":15,"column":30},"end":{"line":15,"column":40}}]}},"s":{"0":2,"1":2,"2":2,"3":2,"4":2,"5":2,"6":0,"7":0,"8":0,"9":0,"10":0,"11":0,"12":0,"13":0,"14":0,"15":0,"16":2,"17":2},"f":{"0":0,"1":0,"2":0,"3":0},"b":{"0":[0,0],"1":[0,0],"2":[2,0],"3":[2,2]}}
,"C:\\Users\\USER\\Documents\\GitHub\\ReservaCitasMedicas\\backend\\src\\application\\services\\doctor.service.ts": {"path":"C:\\Users\\USER\\Documents\\GitHub\\ReservaCitasMedicas\\backend\\src\\application\\services\\doctor.service.ts","statementMap":{"0":{"start":{"line":1,"column":0},"end":{"line":1,"column":null}},"1":{"start":{"line":6,"column":0},"end":{"line":6,"column":51}},"2":{"start":{"line":7,"column":0},"end":{"line":7,"column":37}},"3":{"start":{"line":8,"column":0},"end":{"line":8,"column":61}},"4":{"start":{"line":9,"column":0},"end":{"line":9,"column":71}},"5":{"start":{"line":12,"column":7},"end":{"line":62,"column":null}},"6":{"start":{"line":15,"column":12},"end":{"line":15,"column":30}},"7":{"start":{"line":17,"column":12},"end":{"line":17,"column":35}},"8":{"start":{"line":21,"column":4},"end":{"line":21,"column":40}},"9":{"start":{"line":25,"column":19},"end":{"line":25,"column":64}},"10":{"start":{"line":26,"column":4},"end":{"line":28,"column":5}},"11":{"start":{"line":27,"column":6},"end":{"line":27,"column":68}},"12":{"start":{"line":29,"column":4},"end":{"line":29,"column":18}},"13":{"start":{"line":33,"column":19},"end":{"line":33,"column":53}},"14":{"start":{"line":34,"column":4},"end":{"line":34,"column":46}},"15":{"start":{"line":38,"column":4},"end":{"line":38,"column":27}},"16":{"start":{"line":39,"column":4},"end":{"line":39,"column":49}},"17":{"start":{"line":40,"column":4},"end":{"line":40,"column":28}},"18":{"start":{"line":44,"column":19},"end":{"line":44,"column":41}},"19":{"start":{"line":47,"column":18},"end":{"line":52,"column":6}},"20":{"start":{"line":54,"column":4},"end":{"line":58,"column":5}},"21":{"start":{"line":55,"column":6},"end":{"line":57,"column":8}},"22":{"start":{"line":60,"column":4},"end":{"line":60,"column":48}},"23":{"start":{"line":12,"column":13},"end":{"line":12,"column":26}},"24":{"start":{"line":12,"column":13},"end":{"line":62,"column":null}}},"fnMap":{"0":{"name":"(anonymous_4)","decl":{"start":{"line":13,"column":2},"end":{"line":13,"column":null}},"loc":{"start":{"line":17,"column":58},"end":{"line":18,"column":6}}},"1":{"name":"(anonymous_5)","decl":{"start":{"line":20,"column":2},"end":{"line":20,"column":7}},"loc":{"start":{"line":20,"column":15},"end":{"line":22,"column":3}}},"2":{"name":"(anonymous_6)","decl":{"start":{"line":24,"column":2},"end":{"line":24,"column":7}},"loc":{"start":{"line":24,"column":26},"end":{"line":30,"column":3}}},"3":{"name":"(anonymous_7)","decl":{"start":{"line":32,"column":2},"end":{"line":32,"column":7}},"loc":{"start":{"line":32,"column":36},"end":{"line":35,"column":3}}},"4":{"name":"(anonymous_8)","decl":{"start":{"line":37,"column":2},"end":{"line":37,"column":7}},"loc":{"start":{"line":37,"column":48},"end":{"line":41,"column":3}}},"5":{"name":"(anonymous_9)","decl":{"start":{"line":43,"column":2},"end":{"line":43,"column":7}},"loc":{"start":{"line":43,"column":25},"end":{"line":61,"column":3}}}},"branchMap":{"0":{"loc":{"start":{"line":26,"column":4},"end":{"line":28,"column":5}},"type":"if","locations":[{"start":{"line":26,"column":4},"end":{"line":28,"column":5}},{"start":{},"end":{}}]},"1":{"loc":{"start":{"line":54,"column":4},"end":{"line":58,"column":5}},"type":"if","locations":[{"start":{"line":54,"column":4},"end":{"line":58,"column":5}},{"start":{},"end":{}}]},"2":{"loc":{"start":{"line":15,"column":30},"end":{"line":15,"column":48}},"type":"cond-expr","locations":[{"start":{"line":15,"column":40},"end":{"line":15,"column":48}},{"start":{"line":15,"column":40},"end":{"line":15,"column":48}}]},"3":{"loc":{"start":{"line":15,"column":30},"end":{"line":15,"column":40}},"type":"binary-expr","locations":[{"start":{"line":15,"column":30},"end":{"line":15,"column":48}},{"start":{"line":15,"column":30},"end":{"line":15,"column":40}}]},"4":{"loc":{"start":{"line":15,"column":40},"end":{"line":17,"column":58}},"type":"cond-expr","locations":[{"start":{"line":17,"column":45},"end":{"line":17,"column":58}},{"start":{"line":17,"column":45},"end":{"line":17,"column":58}}]},"5":{"loc":{"start":{"line":15,"column":40},"end":{"line":17,"column":45}},"type":"binary-expr","locations":[{"start":{"line":15,"column":40},"end":{"line":17,"column":58}},{"start":{"line":17,"column":35},"end":{"line":17,"column":45}}]}},"s":{"0":0,"1":0,"2":0,"3":0,"4":0,"5":0,"6":0,"7":0,"8":0,"9":0,"10":0,"11":0,"12":0,"13":0,"14":0,"15":0,"16":0,"17":0,"18":0,"19":0,"20":0,"21":0,"22":0,"23":0,"24":0},"f":{"0":0,"1":0,"2":0,"3":0,"4":0,"5":0},"b":{"0":[0,0],"1":[0,0],"2":[0,0],"3":[0,0],"4":[0,0],"5":[0,0]}}
,"C:\\Users\\USER\\Documents\\GitHub\\ReservaCitasMedicas\\backend\\src\\domain\\entities\\appointment.entity.ts": {"path":"C:\\Users\\USER\\Documents\\GitHub\\ReservaCitasMedicas\\backend\\src\\domain\\entities\\appointment.entity.ts","statementMap":{"0":{"start":{"line":1,"column":0},"end":{"line":1,"column":null}},"1":{"start":{"line":11,"column":0},"end":{"line":11,"column":41}},"2":{"start":{"line":12,"column":0},"end":{"line":12,"column":43}},"3":{"start":{"line":16,"column":7},"end":{"line":45,"column":null}},"4":{"start":{"line":16,"column":13},"end":{"line":16,"column":24}},"5":{"start":{"line":18,"column":2},"end":{"line":18,"column":null}},"6":{"start":{"line":21,"column":2},"end":{"line":21,"column":null}},"7":{"start":{"line":24,"column":2},"end":{"line":24,"column":null}},"8":{"start":{"line":27,"column":2},"end":{"line":27,"column":null}},"9":{"start":{"line":30,"column":2},"end":{"line":30,"column":null}},"10":{"start":{"line":34,"column":2},"end":{"line":34,"column":null}},"11":{"start":{"line":32,"column":19},"end":{"line":32,"column":25}},"12":{"start":{"line":32,"column":39},"end":{"line":32,"column":58}},"13":{"start":{"line":38,"column":2},"end":{"line":38,"column":null}},"14":{"start":{"line":36,"column":19},"end":{"line":36,"column":26}},"15":{"start":{"line":36,"column":41},"end":{"line":36,"column":61}},"16":{"start":{"line":41,"column":2},"end":{"line":41,"column":null}},"17":{"start":{"line":44,"column":2},"end":{"line":44,"column":null}},"18":{"start":{"line":16,"column":13},"end":{"line":45,"column":null}}},"fnMap":{"0":{"name":"(anonymous_2)","decl":{"start":{"line":32,"column":13},"end":{"line":32,"column":16}},"loc":{"start":{"line":32,"column":19},"end":{"line":32,"column":25}}},"1":{"name":"(anonymous_3)","decl":{"start":{"line":32,"column":27},"end":{"line":32,"column":28}},"loc":{"start":{"line":32,"column":39},"end":{"line":32,"column":58}}},"2":{"name":"(anonymous_4)","decl":{"start":{"line":36,"column":13},"end":{"line":36,"column":16}},"loc":{"start":{"line":36,"column":19},"end":{"line":36,"column":26}}},"3":{"name":"(anonymous_5)","decl":{"start":{"line":36,"column":28},"end":{"line":36,"column":29}},"loc":{"start":{"line":36,"column":41},"end":{"line":36,"column":61}}}},"branchMap":{"0":{"loc":{"start":{"line":34,"column":10},"end":{"line":34,"column":17}},"type":"cond-expr","locations":[{"start":{"line":34,"column":16},"end":{"line":34,"column":17}},{"start":{"line":34,"column":16},"end":{"line":34,"column":17}}]},"1":{"loc":{"start":{"line":34,"column":10},"end":{"line":34,"column":16}},"type":"binary-expr","locations":[{"start":{"line":34,"column":10},"end":{"line":34,"column":17}},{"start":{"line":34,"column":10},"end":{"line":34,"column":16}}]},"2":{"loc":{"start":{"line":38,"column":11},"end":{"line":38,"column":19}},"type":"cond-expr","locations":[{"start":{"line":38,"column":18},"end":{"line":38,"column":19}},{"start":{"line":38,"column":18},"end":{"line":38,"column":19}}]},"3":{"loc":{"start":{"line":38,"column":11},"end":{"line":38,"column":18}},"type":"binary-expr","locations":[{"start":{"line":38,"column":11},"end":{"line":38,"column":19}},{"start":{"line":38,"column":11},"end":{"line":38,"column":18}}]},"4":{"loc":{"start":{"line":41,"column":13},"end":{"line":41,"column":18}},"type":"cond-expr","locations":[{"start":{"line":41,"column":17},"end":{"line":41,"column":18}},{"start":{"line":41,"column":17},"end":{"line":41,"column":18}}]},"5":{"loc":{"start":{"line":41,"column":13},"end":{"line":41,"column":17}},"type":"binary-expr","locations":[{"start":{"line":41,"column":13},"end":{"line":41,"column":18}},{"start":{"line":41,"column":13},"end":{"line":41,"column":17}}]},"6":{"loc":{"start":{"line":44,"column":13},"end":{"line":44,"column":18}},"type":"cond-expr","locations":[{"start":{"line":44,"column":17},"end":{"line":44,"column":18}},{"start":{"line":44,"column":17},"end":{"line":44,"column":18}}]},"7":{"loc":{"start":{"line":44,"column":13},"end":{"line":44,"column":17}},"type":"binary-expr","locations":[{"start":{"line":44,"column":13},"end":{"line":44,"column":18}},{"start":{"line":44,"column":13},"end":{"line":44,"column":17}}]}},"s":{"0":3,"1":3,"2":3,"3":3,"4":3,"5":3,"6":3,"7":3,"8":3,"9":3,"10":3,"11":0,"12":0,"13":3,"14":0,"15":0,"16":3,"17":3,"18":3},"f":{"0":0,"1":0,"2":0,"3":0},"b":{"0":[3,0],"1":[3,3],"2":[2,1],"3":[3,2],"4":[3,0],"5":[3,3],"6":[3,0],"7":[3,3]}}
,"C:\\Users\\USER\\Documents\\GitHub\\ReservaCitasMedicas\\backend\\src\\domain\\entities\\config.entity.ts": {"path":"C:\\Users\\USER\\Documents\\GitHub\\ReservaCitasMedicas\\backend\\src\\domain\\entities\\config.entity.ts","statementMap":{"0":{"start":{"line":1,"column":0},"end":{"line":1,"column":null}},"1":{"start":{"line":9,"column":7},"end":{"line":24,"column":null}},"2":{"start":{"line":9,"column":13},"end":{"line":9,"column":19}},"3":{"start":{"line":11,"column":2},"end":{"line":11,"column":null}},"4":{"start":{"line":14,"column":2},"end":{"line":14,"column":null}},"5":{"start":{"line":17,"column":2},"end":{"line":17,"column":null}},"6":{"start":{"line":20,"column":2},"end":{"line":20,"column":null}},"7":{"start":{"line":23,"column":2},"end":{"line":23,"column":null}},"8":{"start":{"line":9,"column":13},"end":{"line":24,"column":null}}},"fnMap":{},"branchMap":{"0":{"loc":{"start":{"line":23,"column":13},"end":{"line":23,"column":18}},"type":"cond-expr","locations":[{"start":{"line":23,"column":17},"end":{"line":23,"column":18}},{"start":{"line":23,"column":17},"end":{"line":23,"column":18}}]},"1":{"loc":{"start":{"line":23,"column":13},"end":{"line":23,"column":17}},"type":"binary-expr","locations":[{"start":{"line":23,"column":13},"end":{"line":23,"column":18}},{"start":{"line":23,"column":13},"end":{"line":23,"column":17}}]}},"s":{"0":2,"1":2,"2":2,"3":2,"4":2,"5":2,"6":2,"7":2,"8":2},"f":{},"b":{"0":[2,0],"1":[2,2]}}
,"C:\\Users\\USER\\Documents\\GitHub\\ReservaCitasMedicas\\backend\\src\\domain\\entities\\doctor.entity.ts": {"path":"C:\\Users\\USER\\Documents\\GitHub\\ReservaCitasMedicas\\backend\\src\\domain\\entities\\doctor.entity.ts","statementMap":{"0":{"start":{"line":1,"column":0},"end":{"line":1,"column":null}},"1":{"start":{"line":9,"column":0},"end":{"line":9,"column":51}},"2":{"start":{"line":12,"column":7},"end":{"line":48,"column":null}},"3":{"start":{"line":12,"column":13},"end":{"line":12,"column":19}},"4":{"start":{"line":14,"column":2},"end":{"line":14,"column":null}},"5":{"start":{"line":17,"column":2},"end":{"line":17,"column":null}},"6":{"start":{"line":20,"column":2},"end":{"line":20,"column":null}},"7":{"start":{"line":23,"column":2},"end":{"line":23,"column":null}},"8":{"start":{"line":26,"column":2},"end":{"line":26,"column":null}},"9":{"start":{"line":29,"column":2},"end":{"line":29,"column":null}},"10":{"start":{"line":32,"column":2},"end":{"line":32,"column":null}},"11":{"start":{"line":35,"column":2},"end":{"line":35,"column":null}},"12":{"start":{"line":38,"column":2},"end":{"line":38,"column":null}},"13":{"start":{"line":41,"column":2},"end":{"line":41,"column":null}},"14":{"start":{"line":44,"column":2},"end":{"line":44,"column":null}},"15":{"start":{"line":47,"column":2},"end":{"line":47,"column":null}},"16":{"start":{"line":46,"column":19},"end":{"line":46,"column":30}},"17":{"start":{"line":46,"column":49},"end":{"line":46,"column":67}},"18":{"start":{"line":12,"column":13},"end":{"line":48,"column":null}}},"fnMap":{"0":{"name":"(anonymous_2)","decl":{"start":{"line":46,"column":13},"end":{"line":46,"column":16}},"loc":{"start":{"line":46,"column":19},"end":{"line":46,"column":30}}},"1":{"name":"(anonymous_3)","decl":{"start":{"line":46,"column":32},"end":{"line":46,"column":33}},"loc":{"start":{"line":46,"column":49},"end":{"line":46,"column":67}}}},"branchMap":{"0":{"loc":{"start":{"line":41,"column":13},"end":{"line":41,"column":18}},"type":"cond-expr","locations":[{"start":{"line":41,"column":17},"end":{"line":41,"column":18}},{"start":{"line":41,"column":17},"end":{"line":41,"column":18}}]},"1":{"loc":{"start":{"line":41,"column":13},"end":{"line":41,"column":17}},"type":"binary-expr","locations":[{"start":{"line":41,"column":13},"end":{"line":41,"column":18}},{"start":{"line":41,"column":13},"end":{"line":41,"column":17}}]},"2":{"loc":{"start":{"line":44,"column":13},"end":{"line":44,"column":18}},"type":"cond-expr","locations":[{"start":{"line":44,"column":17},"end":{"line":44,"column":18}},{"start":{"line":44,"column":17},"end":{"line":44,"column":18}}]},"3":{"loc":{"start":{"line":44,"column":13},"end":{"line":44,"column":17}},"type":"binary-expr","locations":[{"start":{"line":44,"column":13},"end":{"line":44,"column":18}},{"start":{"line":44,"column":13},"end":{"line":44,"column":17}}]}},"s":{"0":3,"1":3,"2":3,"3":3,"4":3,"5":3,"6":3,"7":3,"8":3,"9":3,"10":3,"11":3,"12":3,"13":3,"14":3,"15":3,"16":0,"17":0,"18":3},"f":{"0":0,"1":0},"b":{"0":[3,0],"1":[3,3],"2":[3,0],"3":[3,3]}}
,"C:\\Users\\USER\\Documents\\GitHub\\ReservaCitasMedicas\\backend\\src\\domain\\entities\\patient.entity.ts": {"path":"C:\\Users\\USER\\Documents\\GitHub\\ReservaCitasMedicas\\backend\\src\\domain\\entities\\patient.entity.ts","statementMap":{"0":{"start":{"line":1,"column":0},"end":{"line":1,"column":null}},"1":{"start":{"line":9,"column":0},"end":{"line":9,"column":51}},"2":{"start":{"line":12,"column":7},"end":{"line":48,"column":null}},"3":{"start":{"line":12,"column":13},"end":{"line":12,"column":20}},"4":{"start":{"line":14,"column":2},"end":{"line":14,"column":null}},"5":{"start":{"line":17,"column":2},"end":{"line":17,"column":null}},"6":{"start":{"line":20,"column":2},"end":{"line":20,"column":null}},"7":{"start":{"line":23,"column":2},"end":{"line":23,"column":null}},"8":{"start":{"line":26,"column":2},"end":{"line":26,"column":null}},"9":{"start":{"line":29,"column":2},"end":{"line":29,"column":null}},"10":{"start":{"line":32,"column":2},"end":{"line":32,"column":null}},"11":{"start":{"line":35,"column":2},"end":{"line":35,"column":null}},"12":{"start":{"line":38,"column":2},"end":{"line":38,"column":null}},"13":{"start":{"line":41,"column":2},"end":{"line":41,"column":null}},"14":{"start":{"line":44,"column":2},"end":{"line":44,"column":null}},"15":{"start":{"line":47,"column":2},"end":{"line":47,"column":null}},"16":{"start":{"line":46,"column":19},"end":{"line":46,"column":30}},"17":{"start":{"line":46,"column":49},"end":{"line":46,"column":68}},"18":{"start":{"line":12,"column":13},"end":{"line":48,"column":null}}},"fnMap":{"0":{"name":"(anonymous_2)","decl":{"start":{"line":46,"column":13},"end":{"line":46,"column":16}},"loc":{"start":{"line":46,"column":19},"end":{"line":46,"column":30}}},"1":{"name":"(anonymous_3)","decl":{"start":{"line":46,"column":32},"end":{"line":46,"column":33}},"loc":{"start":{"line":46,"column":49},"end":{"line":46,"column":68}}}},"branchMap":{"0":{"loc":{"start":{"line":41,"column":13},"end":{"line":41,"column":18}},"type":"cond-expr","locations":[{"start":{"line":41,"column":17},"end":{"line":41,"column":18}},{"start":{"line":41,"column":17},"end":{"line":41,"column":18}}]},"1":{"loc":{"start":{"line":41,"column":13},"end":{"line":41,"column":17}},"type":"binary-expr","locations":[{"start":{"line":41,"column":13},"end":{"line":41,"column":18}},{"start":{"line":41,"column":13},"end":{"line":41,"column":17}}]},"2":{"loc":{"start":{"line":44,"column":13},"end":{"line":44,"column":18}},"type":"cond-expr","locations":[{"start":{"line":44,"column":17},"end":{"line":44,"column":18}},{"start":{"line":44,"column":17},"end":{"line":44,"column":18}}]},"3":{"loc":{"start":{"line":44,"column":13},"end":{"line":44,"column":17}},"type":"binary-expr","locations":[{"start":{"line":44,"column":13},"end":{"line":44,"column":18}},{"start":{"line":44,"column":13},"end":{"line":44,"column":17}}]}},"s":{"0":3,"1":3,"2":3,"3":3,"4":3,"5":3,"6":3,"7":3,"8":3,"9":3,"10":3,"11":3,"12":3,"13":3,"14":3,"15":3,"16":0,"17":0,"18":3},"f":{"0":0,"1":0},"b":{"0":[3,0],"1":[3,3],"2":[3,0],"3":[3,3]}}
,"C:\\Users\\USER\\Documents\\GitHub\\ReservaCitasMedicas\\backend\\src\\domain\\entities\\user.entity.ts": {"path":"C:\\Users\\USER\\Documents\\GitHub\\ReservaCitasMedicas\\backend\\src\\domain\\entities\\user.entity.ts","statementMap":{"0":{"start":{"line":1,"column":0},"end":{"line":1,"column":null}},"1":{"start":{"line":9,"column":0},"end":{"line":9,"column":null}},"2":{"start":{"line":10,"column":2},"end":{"line":10,"column":null}},"3":{"start":{"line":11,"column":2},"end":{"line":11,"column":null}},"4":{"start":{"line":12,"column":2},"end":{"line":12,"column":null}},"5":{"start":{"line":16,"column":7},"end":{"line":40,"column":null}},"6":{"start":{"line":16,"column":13},"end":{"line":16,"column":17}},"7":{"start":{"line":18,"column":2},"end":{"line":18,"column":null}},"8":{"start":{"line":21,"column":2},"end":{"line":21,"column":null}},"9":{"start":{"line":24,"column":2},"end":{"line":24,"column":null}},"10":{"start":{"line":27,"column":2},"end":{"line":27,"column":null}},"11":{"start":{"line":30,"column":2},"end":{"line":30,"column":null}},"12":{"start":{"line":33,"column":2},"end":{"line":33,"column":null}},"13":{"start":{"line":36,"column":2},"end":{"line":36,"column":null}},"14":{"start":{"line":39,"column":2},"end":{"line":39,"column":null}},"15":{"start":{"line":16,"column":13},"end":{"line":40,"column":null}}},"fnMap":{"0":{"name":"(anonymous_2)","decl":{"start":{"line":9,"column":0},"end":{"line":9,"column":12}},"loc":{"start":{"line":9,"column":20},"end":{"line":13,"column":1}}}},"branchMap":{"0":{"loc":{"start":{"line":9,"column":12},"end":{"line":9,"column":null}},"type":"binary-expr","locations":[{"start":{"line":9,"column":12},"end":{"line":9,"column":20}},{"start":{"line":9,"column":20},"end":{"line":9,"column":null}}]},"1":{"loc":{"start":{"line":36,"column":13},"end":{"line":36,"column":18}},"type":"cond-expr","locations":[{"start":{"line":36,"column":17},"end":{"line":36,"column":18}},{"start":{"line":36,"column":17},"end":{"line":36,"column":18}}]},"2":{"loc":{"start":{"line":36,"column":13},"end":{"line":36,"column":17}},"type":"binary-expr","locations":[{"start":{"line":36,"column":13},"end":{"line":36,"column":18}},{"start":{"line":36,"column":13},"end":{"line":36,"column":17}}]},"3":{"loc":{"start":{"line":39,"column":13},"end":{"line":39,"column":18}},"type":"cond-expr","locations":[{"start":{"line":39,"column":17},"end":{"line":39,"column":18}},{"start":{"line":39,"column":17},"end":{"line":39,"column":18}}]},"4":{"loc":{"start":{"line":39,"column":13},"end":{"line":39,"column":17}},"type":"binary-expr","locations":[{"start":{"line":39,"column":13},"end":{"line":39,"column":18}},{"start":{"line":39,"column":13},"end":{"line":39,"column":17}}]}},"s":{"0":1,"1":1,"2":1,"3":1,"4":1,"5":1,"6":1,"7":1,"8":1,"9":1,"10":1,"11":1,"12":1,"13":1,"14":1,"15":1},"f":{"0":1},"b":{"0":[1,1],"1":[1,0],"2":[1,1],"3":[1,0],"4":[1,1]}}
,"C:\\Users\\USER\\Documents\\GitHub\\ReservaCitasMedicas\\backend\\src\\infrastructure\\auth\\jwt-auth.guard.ts": {"path":"C:\\Users\\USER\\Documents\\GitHub\\ReservaCitasMedicas\\backend\\src\\infrastructure\\auth\\jwt-auth.guard.ts","statementMap":{"0":{"start":{"line":1,"column":0},"end":{"line":1,"column":44}},"1":{"start":{"line":2,"column":0},"end":{"line":2,"column":45}},"2":{"start":{"line":5,"column":7},"end":{"line":5,"column":null}},"3":{"start":{"line":5,"column":13},"end":{"line":5,"column":25}},"4":{"start":{"line":5,"column":13},"end":{"line":5,"column":null}}},"fnMap":{},"branchMap":{},"s":{"0":1,"1":1,"2":1,"3":1,"4":1},"f":{},"b":{}}
,"C:\\Users\\USER\\Documents\\GitHub\\ReservaCitasMedicas\\backend\\src\\infrastructure\\auth\\jwt.strategy.ts": {"path":"C:\\Users\\USER\\Documents\\GitHub\\ReservaCitasMedicas\\backend\\src\\infrastructure\\auth\\jwt.strategy.ts","statementMap":{"0":{"start":{"line":1,"column":0},"end":{"line":1,"column":44}},"1":{"start":{"line":2,"column":0},"end":{"line":2,"column":52}},"2":{"start":{"line":3,"column":0},"end":{"line":3,"column":52}},"3":{"start":{"line":6,"column":7},"end":{"line":18,"column":null}},"4":{"start":{"line":8,"column":4},"end":{"line":12,"column":7}},"5":{"start":{"line":16,"column":4},"end":{"line":16,"column":59}},"6":{"start":{"line":6,"column":13},"end":{"line":6,"column":24}},"7":{"start":{"line":6,"column":13},"end":{"line":18,"column":null}}},"fnMap":{"0":{"name":"(anonymous_2)","decl":{"start":{"line":7,"column":2},"end":{"line":7,"column":null}},"loc":{"start":{"line":7,"column":2},"end":{"line":13,"column":3}}},"1":{"name":"(anonymous_3)","decl":{"start":{"line":15,"column":2},"end":{"line":15,"column":10}},"loc":{"start":{"line":15,"column":53},"end":{"line":17,"column":3}}}},"branchMap":{},"s":{"0":0,"1":0,"2":0,"3":0,"4":0,"5":0,"6":0,"7":0},"f":{"0":0,"1":0},"b":{}}
,"C:\\Users\\USER\\Documents\\GitHub\\ReservaCitasMedicas\\backend\\src\\presentation\\controllers\\appointment.controller.ts": {"path":"C:\\Users\\USER\\Documents\\GitHub\\ReservaCitasMedicas\\backend\\src\\presentation\\controllers\\appointment.controller.ts","statementMap":{"0":{"start":{"line":1,"column":0},"end":{"line":1,"column":null}},"1":{"start":{"line":14,"column":0},"end":{"line":14,"column":84}},"2":{"start":{"line":15,"column":0},"end":{"line":15,"column":69}},"3":{"start":{"line":16,"column":0},"end":{"line":16,"column":72}},"4":{"start":{"line":19,"column":7},"end":{"line":110,"column":null}},"5":{"start":{"line":20,"column":31},"end":{"line":20,"column":51}},"6":{"start":{"line":27,"column":4},"end":{"line":27,"column":55}},"7":{"start":{"line":38,"column":4},"end":{"line":38,"column":74}},"8":{"start":{"line":47,"column":4},"end":{"line":47,"column":65}},"9":{"start":{"line":55,"column":4},"end":{"line":55,"column":53}},"10":{"start":{"line":67,"column":4},"end":{"line":67,"column":70}},"11":{"start":{"line":77,"column":4},"end":{"line":82,"column":6}},"12":{"start":{"line":93,"column":4},"end":{"line":93,"column":69}},"13":{"start":{"line":100,"column":4},"end":{"line":100,"column":45}},"14":{"start":{"line":108,"column":4},"end":{"line":108,"column":67}},"15":{"start":{"line":19,"column":13},"end":{"line":19,"column":34}},"16":{"start":{"line":26,"column":8},"end":{"line":28,"column":null}},"17":{"start":{"line":34,"column":8},"end":{"line":39,"column":null}},"18":{"start":{"line":46,"column":8},"end":{"line":48,"column":null}},"19":{"start":{"line":54,"column":8},"end":{"line":56,"column":null}},"20":{"start":{"line":63,"column":8},"end":{"line":68,"column":null}},"21":{"start":{"line":72,"column":8},"end":{"line":83,"column":null}},"22":{"start":{"line":89,"column":8},"end":{"line":94,"column":null}},"23":{"start":{"line":99,"column":8},"end":{"line":101,"column":null}},"24":{"start":{"line":107,"column":8},"end":{"line":109,"column":null}},"25":{"start":{"line":19,"column":13},"end":{"line":110,"column":null}}},"fnMap":{"0":{"name":"(anonymous_4)","decl":{"start":{"line":20,"column":2},"end":{"line":20,"column":31}},"loc":{"start":{"line":20,"column":69},"end":{"line":20,"column":73}}},"1":{"name":"(anonymous_5)","decl":{"start":{"line":26,"column":8},"end":{"line":26,"column":25}},"loc":{"start":{"line":26,"column":25},"end":{"line":28,"column":3}}},"2":{"name":"(anonymous_6)","decl":{"start":{"line":34,"column":8},"end":{"line":34,"column":23}},"loc":{"start":{"line":36,"column":31},"end":{"line":39,"column":3}}},"3":{"name":"(anonymous_7)","decl":{"start":{"line":46,"column":8},"end":{"line":46,"column":30}},"loc":{"start":{"line":46,"column":77},"end":{"line":48,"column":3}}},"4":{"name":"(anonymous_8)","decl":{"start":{"line":54,"column":8},"end":{"line":54,"column":25}},"loc":{"start":{"line":54,"column":65},"end":{"line":56,"column":3}}},"5":{"name":"(anonymous_9)","decl":{"start":{"line":63,"column":8},"end":{"line":63,"column":32}},"loc":{"start":{"line":65,"column":50},"end":{"line":68,"column":3}}},"6":{"name":"(anonymous_10)","decl":{"start":{"line":72,"column":8},"end":{"line":72,"column":36}},"loc":{"start":{"line":75,"column":48},"end":{"line":83,"column":3}}},"7":{"name":"(anonymous_11)","decl":{"start":{"line":89,"column":8},"end":{"line":89,"column":25}},"loc":{"start":{"line":91,"column":31},"end":{"line":94,"column":3}}},"8":{"name":"(anonymous_12)","decl":{"start":{"line":99,"column":8},"end":{"line":99,"column":27}},"loc":{"start":{"line":99,"column":27},"end":{"line":101,"column":3}}},"9":{"name":"(anonymous_13)","decl":{"start":{"line":107,"column":8},"end":{"line":107,"column":28}},"loc":{"start":{"line":107,"column":64},"end":{"line":109,"column":3}}}},"branchMap":{"0":{"loc":{"start":{"line":54,"column":45},"end":{"line":54,"column":null}},"type":"cond-expr","locations":[{"start":{"line":54,"column":65},"end":{"line":54,"column":null}},{"start":{"line":54,"column":65},"end":{"line":54,"column":null}}]},"1":{"loc":{"start":{"line":54,"column":45},"end":{"line":54,"column":65}},"type":"binary-expr","locations":[{"start":{"line":54,"column":45},"end":{"line":54,"column":null}},{"start":{"line":54,"column":45},"end":{"line":54,"column":65}}]},"2":{"loc":{"start":{"line":20,"column":51},"end":{"line":20,"column":72}},"type":"cond-expr","locations":[{"start":{"line":20,"column":69},"end":{"line":20,"column":72}},{"start":{"line":20,"column":69},"end":{"line":20,"column":72}}]},"3":{"loc":{"start":{"line":20,"column":51},"end":{"line":20,"column":69}},"type":"binary-expr","locations":[{"start":{"line":20,"column":51},"end":{"line":20,"column":72}},{"start":{"line":20,"column":51},"end":{"line":20,"column":69}}]}},"s":{"0":1,"1":1,"2":1,"3":1,"4":1,"5":1,"6":0,"7":0,"8":0,"9":0,"10":0,"11":0,"12":0,"13":0,"14":1,"15":1,"16":1,"17":1,"18":1,"19":1,"20":1,"21":1,"22":1,"23":1,"24":1,"25":1},"f":{"0":1,"1":0,"2":0,"3":0,"4":0,"5":0,"6":0,"7":0,"8":0,"9":1},"b":{"0":[1,0],"1":[1,1],"2":[1,0],"3":[1,1]}}
,"C:\\Users\\USER\\Documents\\GitHub\\ReservaCitasMedicas\\backend\\src\\presentation\\controllers\\auth.controller.ts": {"path":"C:\\Users\\USER\\Documents\\GitHub\\ReservaCitasMedicas\\backend\\src\\presentation\\controllers\\auth.controller.ts","statementMap":{"0":{"start":{"line":1,"column":0},"end":{"line":1,"column":68}},"1":{"start":{"line":2,"column":0},"end":{"line":2,"column":70}},"2":{"start":{"line":3,"column":0},"end":{"line":3,"column":50}},"3":{"start":{"line":4,"column":0},"end":{"line":4,"column":44}},"4":{"start":{"line":7,"column":7},"end":{"line":24,"column":null}},"5":{"start":{"line":8,"column":31},"end":{"line":8,"column":44}},"6":{"start":{"line":12,"column":4},"end":{"line":12,"column":42}},"7":{"start":{"line":17,"column":4},"end":{"line":17,"column":39}},"8":{"start":{"line":22,"column":4},"end":{"line":22,"column":59}},"9":{"start":{"line":7,"column":13},"end":{"line":7,"column":27}},"10":{"start":{"line":11,"column":8},"end":{"line":13,"column":null}},"11":{"start":{"line":16,"column":8},"end":{"line":18,"column":null}},"12":{"start":{"line":21,"column":8},"end":{"line":23,"column":null}},"13":{"start":{"line":7,"column":13},"end":{"line":24,"column":null}}},"fnMap":{"0":{"name":"(anonymous_4)","decl":{"start":{"line":8,"column":2},"end":{"line":8,"column":31}},"loc":{"start":{"line":8,"column":55},"end":{"line":8,"column":59}}},"1":{"name":"(anonymous_5)","decl":{"start":{"line":11,"column":8},"end":{"line":11,"column":16}},"loc":{"start":{"line":11,"column":41},"end":{"line":13,"column":3}}},"2":{"name":"(anonymous_6)","decl":{"start":{"line":16,"column":8},"end":{"line":16,"column":13}},"loc":{"start":{"line":16,"column":35},"end":{"line":18,"column":3}}},"3":{"name":"(anonymous_7)","decl":{"start":{"line":21,"column":8},"end":{"line":21,"column":28}},"loc":{"start":{"line":21,"column":64},"end":{"line":23,"column":3}}}},"branchMap":{"0":{"loc":{"start":{"line":11,"column":30},"end":{"line":11,"column":null}},"type":"cond-expr","locations":[{"start":{"line":11,"column":41},"end":{"line":11,"column":null}},{"start":{"line":11,"column":41},"end":{"line":11,"column":null}}]},"1":{"loc":{"start":{"line":11,"column":30},"end":{"line":11,"column":41}},"type":"binary-expr","locations":[{"start":{"line":11,"column":30},"end":{"line":11,"column":null}},{"start":{"line":11,"column":30},"end":{"line":11,"column":41}}]},"2":{"loc":{"start":{"line":16,"column":27},"end":{"line":16,"column":null}},"type":"cond-expr","locations":[{"start":{"line":16,"column":35},"end":{"line":16,"column":null}},{"start":{"line":16,"column":35},"end":{"line":16,"column":null}}]},"3":{"loc":{"start":{"line":16,"column":27},"end":{"line":16,"column":35}},"type":"binary-expr","locations":[{"start":{"line":16,"column":27},"end":{"line":16,"column":null}},{"start":{"line":16,"column":27},"end":{"line":16,"column":35}}]},"4":{"loc":{"start":{"line":8,"column":44},"end":{"line":8,"column":58}},"type":"cond-expr","locations":[{"start":{"line":8,"column":55},"end":{"line":8,"column":58}},{"start":{"line":8,"column":55},"end":{"line":8,"column":58}}]},"5":{"loc":{"start":{"line":8,"column":44},"end":{"line":8,"column":55}},"type":"binary-expr","locations":[{"start":{"line":8,"column":44},"end":{"line":8,"column":58}},{"start":{"line":8,"column":44},"end":{"line":8,"column":55}}]}},"s":{"0":0,"1":0,"2":0,"3":0,"4":0,"5":0,"6":0,"7":0,"8":0,"9":0,"10":0,"11":0,"12":0,"13":0},"f":{"0":0,"1":0,"2":0,"3":0},"b":{"0":[0,0],"1":[0,0],"2":[0,0],"3":[0,0],"4":[0,0],"5":[0,0]}}
,"C:\\Users\\USER\\Documents\\GitHub\\ReservaCitasMedicas\\backend\\src\\presentation\\controllers\\config.controller.ts": {"path":"C:\\Users\\USER\\Documents\\GitHub\\ReservaCitasMedicas\\backend\\src\\presentation\\controllers\\config.controller.ts","statementMap":{"0":{"start":{"line":1,"column":0},"end":{"line":1,"column":62}},"1":{"start":{"line":2,"column":0},"end":{"line":2,"column":null}},"2":{"start":{"line":8,"column":7},"end":{"line":22,"column":null}},"3":{"start":{"line":9,"column":31},"end":{"line":9,"column":46}},"4":{"start":{"line":13,"column":4},"end":{"line":13,"column":42}},"5":{"start":{"line":20,"column":4},"end":{"line":20,"column":49}},"6":{"start":{"line":8,"column":13},"end":{"line":8,"column":29}},"7":{"start":{"line":12,"column":8},"end":{"line":14,"column":null}},"8":{"start":{"line":17,"column":8},"end":{"line":21,"column":null}},"9":{"start":{"line":8,"column":13},"end":{"line":22,"column":null}}},"fnMap":{"0":{"name":"(anonymous_4)","decl":{"start":{"line":9,"column":2},"end":{"line":9,"column":31}},"loc":{"start":{"line":9,"column":59},"end":{"line":9,"column":63}}},"1":{"name":"(anonymous_5)","decl":{"start":{"line":12,"column":8},"end":{"line":12,"column":17}},"loc":{"start":{"line":12,"column":17},"end":{"line":14,"column":3}}},"2":{"name":"(anonymous_6)","decl":{"start":{"line":17,"column":8},"end":{"line":17,"column":20}},"loc":{"start":{"line":18,"column":30},"end":{"line":21,"column":3}}}},"branchMap":{"0":{"loc":{"start":{"line":12,"column":21},"end":{"line":12,"column":null}},"type":"cond-expr","locations":[{"start":{"line":12,"column":28},"end":{"line":12,"column":null}},{"start":{"line":12,"column":28},"end":{"line":12,"column":null}}]},"1":{"loc":{"start":{"line":12,"column":21},"end":{"line":12,"column":28}},"type":"binary-expr","locations":[{"start":{"line":12,"column":21},"end":{"line":12,"column":null}},{"start":{"line":12,"column":21},"end":{"line":12,"column":28}}]},"2":{"loc":{"start":{"line":18,"column":18},"end":{"line":18,"column":null}},"type":"cond-expr","locations":[{"start":{"line":18,"column":30},"end":{"line":18,"column":null}},{"start":{"line":18,"column":30},"end":{"line":18,"column":null}}]},"3":{"loc":{"start":{"line":18,"column":18},"end":{"line":18,"column":30}},"type":"binary-expr","locations":[{"start":{"line":18,"column":18},"end":{"line":18,"column":null}},{"start":{"line":18,"column":18},"end":{"line":18,"column":30}}]},"4":{"loc":{"start":{"line":19,"column":5},"end":{"line":19,"column":null}},"type":"cond-expr","locations":[{"start":{"line":19,"column":12},"end":{"line":19,"column":null}},{"start":{"line":19,"column":12},"end":{"line":19,"column":null}}]},"5":{"loc":{"start":{"line":19,"column":5},"end":{"line":19,"column":12}},"type":"binary-expr","locations":[{"start":{"line":19,"column":5},"end":{"line":19,"column":null}},{"start":{"line":19,"column":5},"end":{"line":19,"column":12}}]},"6":{"loc":{"start":{"line":9,"column":46},"end":{"line":9,"column":62}},"type":"cond-expr","locations":[{"start":{"line":9,"column":59},"end":{"line":9,"column":62}},{"start":{"line":9,"column":59},"end":{"line":9,"column":62}}]},"7":{"loc":{"start":{"line":9,"column":46},"end":{"line":9,"column":59}},"type":"binary-expr","locations":[{"start":{"line":9,"column":46},"end":{"line":9,"column":62}},{"start":{"line":9,"column":46},"end":{"line":9,"column":59}}]}},"s":{"0":0,"1":0,"2":0,"3":0,"4":0,"5":0,"6":0,"7":0,"8":0,"9":0},"f":{"0":0,"1":0,"2":0},"b":{"0":[0,0],"1":[0,0],"2":[0,0],"3":[0,0],"4":[0,0],"5":[0,0],"6":[0,0],"7":[0,0]}}
,"C:\\Users\\USER\\Documents\\GitHub\\ReservaCitasMedicas\\backend\\src\\presentation\\controllers\\doctor.controller.ts": {"path":"C:\\Users\\USER\\Documents\\GitHub\\ReservaCitasMedicas\\backend\\src\\presentation\\controllers\\doctor.controller.ts","statementMap":{"0":{"start":{"line":1,"column":0},"end":{"line":1,"column":null}},"1":{"start":{"line":12,"column":0},"end":{"line":12,"column":74}},"2":{"start":{"line":15,"column":7},"end":{"line":45,"column":null}},"3":{"start":{"line":16,"column":31},"end":{"line":16,"column":46}},"4":{"start":{"line":20,"column":4},"end":{"line":20,"column":40}},"5":{"start":{"line":25,"column":4},"end":{"line":25,"column":42}},"6":{"start":{"line":30,"column":4},"end":{"line":30,"column":43}},"7":{"start":{"line":38,"column":4},"end":{"line":38,"column":47}},"8":{"start":{"line":43,"column":4},"end":{"line":43,"column":41}},"9":{"start":{"line":15,"column":13},"end":{"line":15,"column":29}},"10":{"start":{"line":19,"column":8},"end":{"line":21,"column":null}},"11":{"start":{"line":24,"column":8},"end":{"line":26,"column":null}},"12":{"start":{"line":29,"column":8},"end":{"line":31,"column":null}},"13":{"start":{"line":34,"column":8},"end":{"line":39,"column":null}},"14":{"start":{"line":42,"column":8},"end":{"line":44,"column":null}},"15":{"start":{"line":15,"column":13},"end":{"line":45,"column":null}}},"fnMap":{"0":{"name":"(anonymous_4)","decl":{"start":{"line":16,"column":2},"end":{"line":16,"column":31}},"loc":{"start":{"line":16,"column":59},"end":{"line":16,"column":63}}},"1":{"name":"(anonymous_5)","decl":{"start":{"line":19,"column":8},"end":{"line":19,"column":18}},"loc":{"start":{"line":19,"column":18},"end":{"line":21,"column":3}}},"2":{"name":"(anonymous_6)","decl":{"start":{"line":24,"column":8},"end":{"line":24,"column":17}},"loc":{"start":{"line":24,"column":56},"end":{"line":26,"column":3}}},"3":{"name":"(anonymous_7)","decl":{"start":{"line":29,"column":8},"end":{"line":29,"column":20}},"loc":{"start":{"line":29,"column":50},"end":{"line":31,"column":3}}},"4":{"name":"(anonymous_8)","decl":{"start":{"line":34,"column":8},"end":{"line":34,"column":20}},"loc":{"start":{"line":36,"column":33},"end":{"line":39,"column":3}}},"5":{"name":"(anonymous_9)","decl":{"start":{"line":42,"column":8},"end":{"line":42,"column":20}},"loc":{"start":{"line":42,"column":59},"end":{"line":44,"column":3}}}},"branchMap":{"0":{"loc":{"start":{"line":29,"column":35},"end":{"line":29,"column":50}},"type":"cond-expr","locations":[{"start":{"line":29,"column":42},"end":{"line":29,"column":50}},{"start":{"line":29,"column":42},"end":{"line":29,"column":50}}]},"1":{"loc":{"start":{"line":29,"column":35},"end":{"line":29,"column":42}},"type":"binary-expr","locations":[{"start":{"line":29,"column":35},"end":{"line":29,"column":50}},{"start":{"line":29,"column":35},"end":{"line":29,"column":42}}]},"2":{"loc":{"start":{"line":36,"column":18},"end":{"line":36,"column":33}},"type":"cond-expr","locations":[{"start":{"line":36,"column":25},"end":{"line":36,"column":33}},{"start":{"line":36,"column":25},"end":{"line":36,"column":33}}]},"3":{"loc":{"start":{"line":36,"column":18},"end":{"line":36,"column":25}},"type":"binary-expr","locations":[{"start":{"line":36,"column":18},"end":{"line":36,"column":33}},{"start":{"line":36,"column":18},"end":{"line":36,"column":25}}]},"4":{"loc":{"start":{"line":16,"column":46},"end":{"line":16,"column":62}},"type":"cond-expr","locations":[{"start":{"line":16,"column":59},"end":{"line":16,"column":62}},{"start":{"line":16,"column":59},"end":{"line":16,"column":62}}]},"5":{"loc":{"start":{"line":16,"column":46},"end":{"line":16,"column":59}},"type":"binary-expr","locations":[{"start":{"line":16,"column":46},"end":{"line":16,"column":62}},{"start":{"line":16,"column":46},"end":{"line":16,"column":59}}]}},"s":{"0":0,"1":0,"2":0,"3":0,"4":0,"5":0,"6":0,"7":0,"8":0,"9":0,"10":0,"11":0,"12":0,"13":0,"14":0,"15":0},"f":{"0":0,"1":0,"2":0,"3":0,"4":0,"5":0},"b":{"0":[0,0],"1":[0,0],"2":[0,0],"3":[0,0],"4":[0,0],"5":[0,0]}}
,"C:\\Users\\USER\\Documents\\GitHub\\ReservaCitasMedicas\\backend\\src\\presentation\\dto\\create-appointment.dto.ts": {"path":"C:\\Users\\USER\\Documents\\GitHub\\ReservaCitasMedicas\\backend\\src\\presentation\\dto\\create-appointment.dto.ts","statementMap":{"0":{"start":{"line":1,"column":0},"end":{"line":1,"column":null}},"1":{"start":{"line":10,"column":0},"end":{"line":10,"column":13}},"2":{"start":{"line":13,"column":2},"end":{"line":13,"column":null}},"3":{"start":{"line":17,"column":2},"end":{"line":17,"column":null}},"4":{"start":{"line":21,"column":2},"end":{"line":21,"column":null}},"5":{"start":{"line":25,"column":2},"end":{"line":25,"column":null}},"6":{"start":{"line":29,"column":2},"end":{"line":29,"column":null}},"7":{"start":{"line":33,"column":2},"end":{"line":33,"column":null}},"8":{"start":{"line":37,"column":2},"end":{"line":37,"column":null}},"9":{"start":{"line":41,"column":2},"end":{"line":41,"column":null}},"10":{"start":{"line":45,"column":2},"end":{"line":45,"column":null}},"11":{"start":{"line":49,"column":2},"end":{"line":49,"column":null}}},"fnMap":{},"branchMap":{},"s":{"0":1,"1":1,"2":1,"3":1,"4":1,"5":1,"6":1,"7":1,"8":1,"9":1,"10":1,"11":1},"f":{},"b":{}}
,"C:\\Users\\USER\\Documents\\GitHub\\ReservaCitasMedicas\\backend\\src\\presentation\\dto\\login.dto.ts": {"path":"C:\\Users\\USER\\Documents\\GitHub\\ReservaCitasMedicas\\backend\\src\\presentation\\dto\\login.dto.ts","statementMap":{"0":{"start":{"line":1,"column":0},"end":{"line":1,"column":55}},"1":{"start":{"line":3,"column":0},"end":{"line":3,"column":13}},"2":{"start":{"line":6,"column":2},"end":{"line":6,"column":17}},"3":{"start":{"line":10,"column":2},"end":{"line":10,"column":null}}},"fnMap":{},"branchMap":{},"s":{"0":0,"1":0,"2":0,"3":0},"f":{},"b":{}}
,"C:\\Users\\USER\\Documents\\GitHub\\ReservaCitasMedicas\\backend\\src\\presentation\\dto\\register.dto.ts": {"path":"C:\\Users\\USER\\Documents\\GitHub\\ReservaCitasMedicas\\backend\\src\\presentation\\dto\\register.dto.ts","statementMap":{"0":{"start":{"line":1,"column":0},"end":{"line":1,"column":null}},"1":{"start":{"line":9,"column":0},"end":{"line":9,"column":13}},"2":{"start":{"line":12,"column":2},"end":{"line":12,"column":null}},"3":{"start":{"line":16,"column":2},"end":{"line":16,"column":null}},"4":{"start":{"line":20,"column":2},"end":{"line":20,"column":null}},"5":{"start":{"line":24,"column":2},"end":{"line":24,"column":null}},"6":{"start":{"line":28,"column":2},"end":{"line":28,"column":null}},"7":{"start":{"line":31,"column":2},"end":{"line":31,"column":null}},"8":{"start":{"line":35,"column":2},"end":{"line":35,"column":null}},"9":{"start":{"line":39,"column":2},"end":{"line":39,"column":null}}},"fnMap":{},"branchMap":{},"s":{"0":0,"1":0,"2":0,"3":0,"4":0,"5":0,"6":0,"7":0,"8":0,"9":0},"f":{},"b":{}}
}
