{"D:\\universidad\\Software III\\piedrazul\\ReservaCitasMedicas\\backend\\src\\app.controller.ts": {"path":"D:\\universidad\\Software III\\piedrazul\\ReservaCitasMedicas\\backend\\src\\app.controller.ts","statementMap":{"0":{"start":{"line":1,"column":0},"end":{"line":1,"column":49}},"1":{"start":{"line":2,"column":0},"end":{"line":2,"column":43}},"2":{"start":{"line":5,"column":7},"end":{"line":12,"column":null}},"3":{"start":{"line":6,"column":31},"end":{"line":6,"column":43}},"4":{"start":{"line":10,"column":4},"end":{"line":10,"column":38}},"5":{"start":{"line":5,"column":13},"end":{"line":5,"column":26}},"6":{"start":{"line":9,"column":2},"end":{"line":11,"column":null}},"7":{"start":{"line":5,"column":13},"end":{"line":12,"column":null}}},"fnMap":{"0":{"name":"(anonymous_2)","decl":{"start":{"line":6,"column":2},"end":{"line":6,"column":31}},"loc":{"start":{"line":6,"column":53},"end":{"line":6,"column":57}}},"1":{"name":"(anonymous_3)","decl":{"start":{"line":9,"column":2},"end":{"line":9,"column":10}},"loc":{"start":{"line":9,"column":10},"end":{"line":11,"column":3}}}},"branchMap":{"0":{"loc":{"start":{"line":6,"column":43},"end":{"line":6,"column":56}},"type":"cond-expr","locations":[{"start":{"line":6,"column":53},"end":{"line":6,"column":56}},{"start":{"line":6,"column":53},"end":{"line":6,"column":56}}]},"1":{"loc":{"start":{"line":6,"column":43},"end":{"line":6,"column":53}},"type":"binary-expr","locations":[{"start":{"line":6,"column":43},"end":{"line":6,"column":56}},{"start":{"line":6,"column":43},"end":{"line":6,"column":53}}]}},"s":{"0":1,"1":1,"2":1,"3":1,"4":1,"5":1,"6":1,"7":1},"f":{"0":1,"1":1},"b":{"0":[1,0],"1":[1,1]}}
,"D:\\universidad\\Software III\\piedrazul\\ReservaCitasMedicas\\backend\\src\\app.module.ts": {"path":"D:\\universidad\\Software III\\piedrazul\\ReservaCitasMedicas\\backend\\src\\app.module.ts","statementMap":{"0":{"start":{"line":1,"column":0},"end":{"line":1,"column":40}},"1":{"start":{"line":2,"column":0},"end":{"line":2,"column":61}},"2":{"start":{"line":3,"column":0},"end":{"line":3,"column":48}},"3":{"start":{"line":4,"column":0},"end":{"line":4,"column":50}},"4":{"start":{"line":5,"column":0},"end":{"line":5,"column":57}},"5":{"start":{"line":6,"column":0},"end":{"line":6,"column":59}},"6":{"start":{"line":7,"column":0},"end":{"line":7,"column":67}},"7":{"start":{"line":8,"column":0},"end":{"line":8,"column":57}},"8":{"start":{"line":9,"column":0},"end":{"line":9,"column":53}},"9":{"start":{"line":10,"column":0},"end":{"line":10,"column":76}},"10":{"start":{"line":11,"column":0},"end":{"line":11,"column":80}},"11":{"start":{"line":12,"column":0},"end":{"line":12,"column":90}},"12":{"start":{"line":13,"column":0},"end":{"line":13,"column":80}},"13":{"start":{"line":14,"column":0},"end":{"line":14,"column":80}},"14":{"start":{"line":15,"column":0},"end":{"line":15,"column":70}},"15":{"start":{"line":16,"column":0},"end":{"line":16,"column":90}},"16":{"start":{"line":17,"column":0},"end":{"line":17,"column":43}},"17":{"start":{"line":18,"column":0},"end":{"line":18,"column":99}},"18":{"start":{"line":58,"column":7},"end":{"line":58,"column":null}},"19":{"start":{"line":58,"column":13},"end":{"line":58,"column":22}},"20":{"start":{"line":58,"column":13},"end":{"line":58,"column":null}},"21":{"start":{"line":30,"column":8},"end":{"line":36,"column":11}},"22":{"start":{"line":37,"column":8},"end":{"line":47,"column":10}}},"fnMap":{"0":{"name":"(anonymous_1)","decl":{"start":{"line":29,"column":18},"end":{"line":29,"column":19}},"loc":{"start":{"line":29,"column":51},"end":{"line":48,"column":7}}}},"branchMap":{},"s":{"0":0,"1":0,"2":0,"3":0,"4":0,"5":0,"6":0,"7":0,"8":0,"9":0,"10":0,"11":0,"12":0,"13":0,"14":0,"15":0,"16":0,"17":0,"18":0,"19":0,"20":0,"21":0,"22":0},"f":{"0":0},"b":{}}
,"D:\\universidad\\Software III\\piedrazul\\ReservaCitasMedicas\\backend\\src\\app.service.ts": {"path":"D:\\universidad\\Software III\\piedrazul\\ReservaCitasMedicas\\backend\\src\\app.service.ts","statementMap":{"0":{"start":{"line":1,"column":0},"end":{"line":1,"column":44}},"1":{"start":{"line":4,"column":7},"end":{"line":8,"column":null}},"2":{"start":{"line":6,"column":4},"end":{"line":6,"column":26}},"3":{"start":{"line":4,"column":13},"end":{"line":4,"column":23}},"4":{"start":{"line":4,"column":13},"end":{"line":8,"column":null}}},"fnMap":{"0":{"name":"(anonymous_1)","decl":{"start":{"line":5,"column":2},"end":{"line":5,"column":10}},"loc":{"start":{"line":5,"column":10},"end":{"line":7,"column":3}}}},"branchMap":{},"s":{"0":1,"1":1,"2":1,"3":1,"4":1},"f":{"0":1},"b":{}}
,"D:\\universidad\\Software III\\piedrazul\\ReservaCitasMedicas\\backend\\src\\auth.module.ts": {"path":"D:\\universidad\\Software III\\piedrazul\\ReservaCitasMedicas\\backend\\src\\auth.module.ts","statementMap":{"0":{"start":{"line":1,"column":0},"end":{"line":1,"column":40}},"1":{"start":{"line":2,"column":0},"end":{"line":2,"column":40}},"2":{"start":{"line":3,"column":0},"end":{"line":3,"column":50}},"3":{"start":{"line":4,"column":0},"end":{"line":4,"column":48}},"4":{"start":{"line":5,"column":0},"end":{"line":5,"column":59}},"5":{"start":{"line":6,"column":0},"end":{"line":6,"column":53}},"6":{"start":{"line":7,"column":0},"end":{"line":7,"column":66}},"7":{"start":{"line":8,"column":0},"end":{"line":8,"column":76}},"8":{"start":{"line":9,"column":0},"end":{"line":9,"column":65}},"9":{"start":{"line":24,"column":7},"end":{"line":24,"column":null}},"10":{"start":{"line":24,"column":13},"end":{"line":24,"column":23}},"11":{"start":{"line":24,"column":13},"end":{"line":24,"column":null}}},"fnMap":{},"branchMap":{},"s":{"0":0,"1":0,"2":0,"3":0,"4":0,"5":0,"6":0,"7":0,"8":0,"9":0,"10":0,"11":0},"f":{},"b":{}}
,"D:\\universidad\\Software III\\piedrazul\\ReservaCitasMedicas\\backend\\src\\main.ts": {"path":"D:\\universidad\\Software III\\piedrazul\\ReservaCitasMedicas\\backend\\src\\main.ts","statementMap":{"0":{"start":{"line":1,"column":0},"end":{"line":1,"column":43}},"1":{"start":{"line":2,"column":0},"end":{"line":2,"column":41}},"2":{"start":{"line":3,"column":0},"end":{"line":3,"column":48}},"3":{"start":{"line":6,"column":14},"end":{"line":6,"column":49}},"4":{"start":{"line":9,"column":2},"end":{"line":9,"column":19}},"5":{"start":{"line":12,"column":2},"end":{"line":18,"column":4}},"6":{"start":{"line":20,"column":2},"end":{"line":20,"column":45}},"7":{"start":{"line":22,"column":0},"end":{"line":22,"column":17}}},"fnMap":{"0":{"name":"bootstrap","decl":{"start":{"line":5,"column":15},"end":{"line":5,"column":24}},"loc":{"start":{"line":5,"column":24},"end":{"line":21,"column":1}}}},"branchMap":{"0":{"loc":{"start":{"line":20,"column":19},"end":{"line":20,"column":43}},"type":"binary-expr","locations":[{"start":{"line":20,"column":19},"end":{"line":20,"column":35}},{"start":{"line":20,"column":39},"end":{"line":20,"column":43}}]}},"s":{"0":0,"1":0,"2":0,"3":0,"4":0,"5":0,"6":0,"7":0},"f":{"0":0},"b":{"0":[0,0]}}
,"D:\\universidad\\Software III\\piedrazul\\ReservaCitasMedicas\\backend\\src\\application\\services\\appointment.service.ts": {"path":"D:\\universidad\\Software III\\piedrazul\\ReservaCitasMedicas\\backend\\src\\application\\services\\appointment.service.ts","statementMap":{"0":{"start":{"line":1,"column":0},"end":{"line":1,"column":null}},"1":{"start":{"line":9,"column":0},"end":{"line":9,"column":34}},"2":{"start":{"line":10,"column":0},"end":{"line":10,"column":56}},"3":{"start":{"line":11,"column":0},"end":{"line":11,"column":51}},"4":{"start":{"line":12,"column":0},"end":{"line":12,"column":55}},"5":{"start":{"line":13,"column":0},"end":{"line":13,"column":52}},"6":{"start":{"line":14,"column":0},"end":{"line":14,"column":71}},"7":{"start":{"line":15,"column":0},"end":{"line":15,"column":63}},"8":{"start":{"line":16,"column":0},"end":{"line":16,"column":61}},"9":{"start":{"line":17,"column":0},"end":{"line":17,"column":80}},"10":{"start":{"line":19,"column":0},"end":{"line":19,"column":49}},"11":{"start":{"line":20,"column":0},"end":{"line":20,"column":98}},"12":{"start":{"line":23,"column":7},"end":{"line":614,"column":null}},"13":{"start":{"line":26,"column":12},"end":{"line":26,"column":35}},"14":{"start":{"line":28,"column":12},"end":{"line":28,"column":31}},"15":{"start":{"line":30,"column":12},"end":{"line":30,"column":30}},"16":{"start":{"line":32,"column":12},"end":{"line":32,"column":39}},"17":{"start":{"line":33,"column":12},"end":{"line":33,"column":27}},"18":{"start":{"line":35,"column":12},"end":{"line":35,"column":32}},"19":{"start":{"line":42,"column":55},"end":{"line":42,"column":83}},"20":{"start":{"line":43,"column":4},"end":{"line":45,"column":5}},"21":{"start":{"line":44,"column":8},"end":{"line":44,"column":43}},"22":{"start":{"line":47,"column":34},"end":{"line":55,"column":null}},"23":{"start":{"line":58,"column":4},"end":{"line":61,"column":6}},"24":{"start":{"line":68,"column":19},"end":{"line":70,"column":6}},"25":{"start":{"line":71,"column":4},"end":{"line":75,"column":5}},"26":{"start":{"line":72,"column":6},"end":{"line":74,"column":8}},"27":{"start":{"line":78,"column":19},"end":{"line":78,"column":55}},"28":{"start":{"line":79,"column":28},"end":{"line":79,"column":56}},"29":{"start":{"line":80,"column":34},"end":{"line":80,"column":69}},"30":{"start":{"line":82,"column":16},"end":{"line":82,"column":26}},"31":{"start":{"line":83,"column":28},"end":{"line":83,"column":75}},"32":{"start":{"line":86,"column":6},"end":{"line":86,"column":68}},"33":{"start":{"line":87,"column":4},"end":{"line":91,"column":5}},"34":{"start":{"line":88,"column":6},"end":{"line":90,"column":8}},"35":{"start":{"line":93,"column":24},"end":{"line":93,"column":34}},"36":{"start":{"line":94,"column":4},"end":{"line":94,"column":63}},"37":{"start":{"line":95,"column":4},"end":{"line":99,"column":5}},"38":{"start":{"line":96,"column":6},"end":{"line":98,"column":8}},"39":{"start":{"line":102,"column":22},"end":{"line":105,"column":6}},"40":{"start":{"line":106,"column":4},"end":{"line":110,"column":5}},"41":{"start":{"line":107,"column":6},"end":{"line":109,"column":8}},"42":{"start":{"line":113,"column":18},"end":{"line":115,"column":6}},"43":{"start":{"line":116,"column":4},"end":{"line":125,"column":5}},"44":{"start":{"line":117,"column":6},"end":{"line":123,"column":9}},"45":{"start":{"line":124,"column":6},"end":{"line":124,"column":49}},"46":{"start":{"line":128,"column":21},"end":{"line":132,"column":6}},"47":{"start":{"line":134,"column":4},"end":{"line":138,"column":5}},"48":{"start":{"line":135,"column":6},"end":{"line":137,"column":8}},"49":{"start":{"line":140,"column":24},"end":{"line":146,"column":6}},"50":{"start":{"line":148,"column":18},"end":{"line":148,"column":68}},"51":{"start":{"line":151,"column":4},"end":{"line":158,"column":7}},"52":{"start":{"line":160,"column":4},"end":{"line":160,"column":17}},"53":{"start":{"line":167,"column":19},"end":{"line":167,"column":74}},"54":{"start":{"line":168,"column":4},"end":{"line":170,"column":5}},"55":{"start":{"line":169,"column":6},"end":{"line":169,"column":74}},"56":{"start":{"line":173,"column":25},"end":{"line":178,"column":6}},"57":{"start":{"line":181,"column":22},"end":{"line":184,"column":6}},"58":{"start":{"line":185,"column":4},"end":{"line":187,"column":5}},"59":{"start":{"line":186,"column":6},"end":{"line":186,"column":16}},"60":{"start":{"line":189,"column":34},"end":{"line":190,"column":null}},"61":{"start":{"line":190,"column":6},"end":{"line":190,"column":46}},"62":{"start":{"line":192,"column":28},"end":{"line":192,"column":30}},"63":{"start":{"line":194,"column":31},"end":{"line":194,"column":58}},"64":{"start":{"line":195,"column":20},"end":{"line":195,"column":50}},"65":{"start":{"line":196,"column":20},"end":{"line":196,"column":36}},"66":{"start":{"line":197,"column":4},"end":{"line":197,"column":39}},"67":{"start":{"line":197,"column":25},"end":{"line":197,"column":39}},"68":{"start":{"line":200,"column":29},"end":{"line":202,"column":23}},"69":{"start":{"line":203,"column":4},"end":{"line":205,"column":5}},"70":{"start":{"line":204,"column":6},"end":{"line":204,"column":16}},"71":{"start":{"line":207,"column":18},"end":{"line":207,"column":58}},"72":{"start":{"line":208,"column":16},"end":{"line":208,"column":54}},"73":{"start":{"line":209,"column":26},"end":{"line":211,"column":12}},"74":{"start":{"line":212,"column":24},"end":{"line":214,"column":12}},"75":{"start":{"line":217,"column":19},"end":{"line":217,"column":55}},"76":{"start":{"line":218,"column":28},"end":{"line":218,"column":56}},"77":{"start":{"line":219,"column":34},"end":{"line":219,"column":69}},"78":{"start":{"line":221,"column":4},"end":{"line":245,"column":5}},"79":{"start":{"line":222,"column":22},"end":{"line":222,"column":49}},"80":{"start":{"line":224,"column":18},"end":{"line":224,"column":28}},"81":{"start":{"line":225,"column":23},"end":{"line":225,"column":53}},"82":{"start":{"line":226,"column":24},"end":{"line":226,"column":79}},"83":{"start":{"line":227,"column":26},"end":{"line":227,"column":36}},"84":{"start":{"line":228,"column":6},"end":{"line":228,"column":65}},"85":{"start":{"line":231,"column":8},"end":{"line":234,"column":29}},"86":{"start":{"line":236,"column":6},"end":{"line":243,"column":7}},"87":{"start":{"line":242,"column":8},"end":{"line":242,"column":28}},"88":{"start":{"line":244,"column":6},"end":{"line":244,"column":37}},"89":{"start":{"line":247,"column":4},"end":{"line":247,"column":17}},"90":{"start":{"line":254,"column":25},"end":{"line":262,"column":6}},"91":{"start":{"line":263,"column":4},"end":{"line":263,"column":24}},"92":{"start":{"line":270,"column":24},"end":{"line":273,"column":6}},"93":{"start":{"line":275,"column":4},"end":{"line":277,"column":5}},"94":{"start":{"line":276,"column":6},"end":{"line":276,"column":57}},"95":{"start":{"line":279,"column":4},"end":{"line":286,"column":5}},"96":{"start":{"line":283,"column":6},"end":{"line":285,"column":8}},"97":{"start":{"line":288,"column":16},"end":{"line":288,"column":26}},"98":{"start":{"line":289,"column":20},"end":{"line":290,"column":null}},"99":{"start":{"line":293,"column":4},"end":{"line":295,"column":5}},"100":{"start":{"line":294,"column":6},"end":{"line":294,"column":77}},"101":{"start":{"line":297,"column":4},"end":{"line":297,"column":37}},"102":{"start":{"line":298,"column":18},"end":{"line":298,"column":68}},"103":{"start":{"line":301,"column":28},"end":{"line":304,"column":6}},"104":{"start":{"line":305,"column":4},"end":{"line":314,"column":5}},"105":{"start":{"line":306,"column":6},"end":{"line":313,"column":9}},"106":{"start":{"line":316,"column":4},"end":{"line":316,"column":17}},"107":{"start":{"line":323,"column":24},"end":{"line":325,"column":6}},"108":{"start":{"line":327,"column":4},"end":{"line":329,"column":5}},"109":{"start":{"line":328,"column":6},"end":{"line":328,"column":57}},"110":{"start":{"line":331,"column":4},"end":{"line":333,"column":5}},"111":{"start":{"line":332,"column":6},"end":{"line":332,"column":81}},"112":{"start":{"line":335,"column":4},"end":{"line":335,"column":38}},"113":{"start":{"line":336,"column":4},"end":{"line":336,"column":56}},"114":{"start":{"line":343,"column":22},"end":{"line":346,"column":4}},"115":{"start":{"line":348,"column":2},"end":{"line":350,"column":3}},"116":{"start":{"line":349,"column":4},"end":{"line":349,"column":55}},"117":{"start":{"line":352,"column":2},"end":{"line":359,"column":3}},"118":{"start":{"line":356,"column":4},"end":{"line":358,"column":6}},"119":{"start":{"line":362,"column":19},"end":{"line":366,"column":4}},"120":{"start":{"line":368,"column":2},"end":{"line":370,"column":3}},"121":{"start":{"line":369,"column":4},"end":{"line":369,"column":77}},"122":{"start":{"line":373,"column":17},"end":{"line":373,"column":53}},"123":{"start":{"line":374,"column":26},"end":{"line":374,"column":54}},"124":{"start":{"line":375,"column":32},"end":{"line":375,"column":67}},"125":{"start":{"line":377,"column":14},"end":{"line":377,"column":24}},"126":{"start":{"line":378,"column":21},"end":{"line":378,"column":48}},"127":{"start":{"line":380,"column":20},"end":{"line":380,"column":77}},"128":{"start":{"line":381,"column":2},"end":{"line":385,"column":3}},"129":{"start":{"line":382,"column":4},"end":{"line":384,"column":6}},"130":{"start":{"line":387,"column":22},"end":{"line":387,"column":32}},"131":{"start":{"line":388,"column":2},"end":{"line":388,"column":61}},"132":{"start":{"line":389,"column":2},"end":{"line":393,"column":3}},"133":{"start":{"line":390,"column":4},"end":{"line":392,"column":6}},"134":{"start":{"line":396,"column":20},"end":{"line":399,"column":4}},"135":{"start":{"line":400,"column":2},"end":{"line":404,"column":3}},"136":{"start":{"line":401,"column":4},"end":{"line":403,"column":6}},"137":{"start":{"line":406,"column":2},"end":{"line":406,"column":37}},"138":{"start":{"line":407,"column":2},"end":{"line":407,"column":37}},"139":{"start":{"line":408,"column":2},"end":{"line":408,"column":34}},"140":{"start":{"line":410,"column":16},"end":{"line":410,"column":66}},"141":{"start":{"line":412,"column":26},"end":{"line":415,"column":4}},"142":{"start":{"line":416,"column":2},"end":{"line":425,"column":3}},"143":{"start":{"line":417,"column":4},"end":{"line":424,"column":7}},"144":{"start":{"line":428,"column":2},"end":{"line":428,"column":15}},"145":{"start":{"line":435,"column":25},"end":{"line":444,"column":6}},"146":{"start":{"line":446,"column":4},"end":{"line":448,"column":5}},"147":{"start":{"line":447,"column":6},"end":{"line":447,"column":65}},"148":{"start":{"line":450,"column":22},"end":{"line":456,"column":7}},"149":{"start":{"line":450,"column":49},"end":{"line":456,"column":6}},"150":{"start":{"line":458,"column":19},"end":{"line":460,"column":6}},"151":{"start":{"line":461,"column":4},"end":{"line":461,"column":46}},"152":{"start":{"line":465,"column":29},"end":{"line":465,"column":56}},"153":{"start":{"line":466,"column":4},"end":{"line":466,"column":32}},"154":{"start":{"line":470,"column":18},"end":{"line":470,"column":42}},"155":{"start":{"line":471,"column":17},"end":{"line":471,"column":29}},"156":{"start":{"line":472,"column":4},"end":{"line":472,"column":86}},"157":{"start":{"line":479,"column":28},"end":{"line":481,"column":6}},"158":{"start":{"line":482,"column":23},"end":{"line":482,"column":57}},"159":{"start":{"line":484,"column":18},"end":{"line":484,"column":40}},"160":{"start":{"line":485,"column":20},"end":{"line":485,"column":21}},"161":{"start":{"line":486,"column":20},"end":{"line":486,"column":21}},"162":{"start":{"line":487,"column":20},"end":{"line":487,"column":21}},"163":{"start":{"line":489,"column":74},"end":{"line":489,"column":76}},"164":{"start":{"line":490,"column":4},"end":{"line":492,"column":7}},"165":{"start":{"line":491,"column":6},"end":{"line":491,"column":66}},"166":{"start":{"line":494,"column":4},"end":{"line":502,"column":7}},"167":{"start":{"line":495,"column":6},"end":{"line":497,"column":55}},"168":{"start":{"line":495,"column":37},"end":{"line":495,"column":49}},"169":{"start":{"line":496,"column":11},"end":{"line":497,"column":55}},"170":{"start":{"line":496,"column":44},"end":{"line":496,"column":56}},"171":{"start":{"line":497,"column":11},"end":{"line":497,"column":55}},"172":{"start":{"line":497,"column":43},"end":{"line":497,"column":55}},"173":{"start":{"line":499,"column":6},"end":{"line":501,"column":7}},"174":{"start":{"line":500,"column":8},"end":{"line":500,"column":44}},"175":{"start":{"line":504,"column":24},"end":{"line":510,"column":40}},"176":{"start":{"line":505,"column":19},"end":{"line":509,"column":8}},"177":{"start":{"line":510,"column":22},"end":{"line":510,"column":39}},"178":{"start":{"line":512,"column":4},"end":{"line":520,"column":6}},"179":{"start":{"line":527,"column":4},"end":{"line":530,"column":7}},"180":{"start":{"line":537,"column":4},"end":{"line":537,"column":56}},"181":{"start":{"line":544,"column":20},"end":{"line":544,"column":72}},"182":{"start":{"line":545,"column":4},"end":{"line":547,"column":5}},"183":{"start":{"line":546,"column":6},"end":{"line":546,"column":61}},"184":{"start":{"line":548,"column":4},"end":{"line":548,"column":19}},"185":{"start":{"line":557,"column":16},"end":{"line":557,"column":26}},"186":{"start":{"line":560,"column":17},"end":{"line":560,"column":34}},"187":{"start":{"line":561,"column":18},"end":{"line":561,"column":61}},"188":{"start":{"line":562,"column":16},"end":{"line":562,"column":54}},"189":{"start":{"line":563,"column":20},"end":{"line":563,"column":45}},"190":{"start":{"line":566,"column":18},"end":{"line":566,"column":57}},"191":{"start":{"line":567,"column":20},"end":{"line":567,"column":61}},"192":{"start":{"line":568,"column":20},"end":{"line":568,"column":41}},"193":{"start":{"line":570,"column":4},"end":{"line":582,"column":17}},"194":{"start":{"line":591,"column":21},"end":{"line":591,"column":31}},"195":{"start":{"line":592,"column":4},"end":{"line":592,"column":45}},"196":{"start":{"line":593,"column":17},"end":{"line":593,"column":39}},"197":{"start":{"line":594,"column":18},"end":{"line":594,"column":66}},"198":{"start":{"line":595,"column":16},"end":{"line":595,"column":59}},"199":{"start":{"line":596,"column":24},"end":{"line":596,"column":49}},"200":{"start":{"line":598,"column":25},"end":{"line":601,"column":6}},"201":{"start":{"line":603,"column":4},"end":{"line":612,"column":5}},"202":{"start":{"line":604,"column":6},"end":{"line":611,"column":9}},"203":{"start":{"line":23,"column":13},"end":{"line":23,"column":31}},"204":{"start":{"line":590,"column":8},"end":{"line":613,"column":null}},"205":{"start":{"line":23,"column":13},"end":{"line":614,"column":null}}},"fnMap":{"0":{"name":"(anonymous_4)","decl":{"start":{"line":24,"column":2},"end":{"line":24,"column":null}},"loc":{"start":{"line":35,"column":43},"end":{"line":36,"column":6}}},"1":{"name":"(anonymous_5)","decl":{"start":{"line":41,"column":2},"end":{"line":41,"column":7}},"loc":{"start":{"line":41,"column":62},"end":{"line":62,"column":3}}},"2":{"name":"(anonymous_6)","decl":{"start":{"line":67,"column":2},"end":{"line":67,"column":7}},"loc":{"start":{"line":67,"column":46},"end":{"line":161,"column":3}}},"3":{"name":"(anonymous_7)","decl":{"start":{"line":166,"column":2},"end":{"line":166,"column":7}},"loc":{"start":{"line":166,"column":56},"end":{"line":248,"column":3}}},"4":{"name":"(anonymous_8)","decl":{"start":{"line":189,"column":51},"end":{"line":189,"column":52}},"loc":{"start":{"line":190,"column":6},"end":{"line":190,"column":46}}},"5":{"name":"(anonymous_9)","decl":{"start":{"line":253,"column":2},"end":{"line":253,"column":7}},"loc":{"start":{"line":253,"column":61},"end":{"line":264,"column":3}}},"6":{"name":"(anonymous_10)","decl":{"start":{"line":269,"column":2},"end":{"line":269,"column":7}},"loc":{"start":{"line":269,"column":66},"end":{"line":317,"column":3}}},"7":{"name":"(anonymous_11)","decl":{"start":{"line":322,"column":2},"end":{"line":322,"column":7}},"loc":{"start":{"line":322,"column":48},"end":{"line":337,"column":3}}},"8":{"name":"(anonymous_12)","decl":{"start":{"line":342,"column":2},"end":{"line":342,"column":7}},"loc":{"start":{"line":342,"column":76},"end":{"line":429,"column":3}}},"9":{"name":"(anonymous_13)","decl":{"start":{"line":431,"column":2},"end":{"line":431,"column":7}},"loc":{"start":{"line":433,"column":20},"end":{"line":462,"column":3}}},"10":{"name":"(anonymous_14)","decl":{"start":{"line":450,"column":39},"end":{"line":450,"column":40}},"loc":{"start":{"line":450,"column":49},"end":{"line":456,"column":6}}},"11":{"name":"(anonymous_15)","decl":{"start":{"line":464,"column":10},"end":{"line":464,"column":23}},"loc":{"start":{"line":464,"column":36},"end":{"line":467,"column":3}}},"12":{"name":"(anonymous_16)","decl":{"start":{"line":469,"column":10},"end":{"line":469,"column":23}},"loc":{"start":{"line":469,"column":39},"end":{"line":473,"column":3}}},"13":{"name":"(anonymous_17)","decl":{"start":{"line":478,"column":2},"end":{"line":478,"column":7}},"loc":{"start":{"line":478,"column":25},"end":{"line":521,"column":3}}},"14":{"name":"(anonymous_18)","decl":{"start":{"line":490,"column":23},"end":{"line":490,"column":24}},"loc":{"start":{"line":490,"column":29},"end":{"line":492,"column":5}}},"15":{"name":"(anonymous_19)","decl":{"start":{"line":494,"column":28},"end":{"line":494,"column":29}},"loc":{"start":{"line":494,"column":36},"end":{"line":502,"column":5}}},"16":{"name":"(anonymous_20)","decl":{"start":{"line":505,"column":11},"end":{"line":505,"column":12}},"loc":{"start":{"line":505,"column":19},"end":{"line":509,"column":8}}},"17":{"name":"(anonymous_21)","decl":{"start":{"line":510,"column":12},"end":{"line":510,"column":13}},"loc":{"start":{"line":510,"column":22},"end":{"line":510,"column":39}}},"18":{"name":"(anonymous_22)","decl":{"start":{"line":526,"column":2},"end":{"line":526,"column":7}},"loc":{"start":{"line":526,"column":15},"end":{"line":531,"column":3}}},"19":{"name":"(anonymous_23)","decl":{"start":{"line":536,"column":2},"end":{"line":536,"column":7}},"loc":{"start":{"line":536,"column":27},"end":{"line":538,"column":3}}},"20":{"name":"(anonymous_24)","decl":{"start":{"line":543,"column":2},"end":{"line":543,"column":7}},"loc":{"start":{"line":543,"column":46},"end":{"line":549,"column":3}}},"21":{"name":"(anonymous_25)","decl":{"start":{"line":556,"column":2},"end":{"line":556,"column":7}},"loc":{"start":{"line":556,"column":36},"end":{"line":583,"column":3}}},"22":{"name":"(anonymous_26)","decl":{"start":{"line":590,"column":8},"end":{"line":590,"column":21}},"loc":{"start":{"line":590,"column":21},"end":{"line":613,"column":3}}}},"branchMap":{"0":{"loc":{"start":{"line":43,"column":4},"end":{"line":45,"column":5}},"type":"if","locations":[{"start":{"line":43,"column":4},"end":{"line":45,"column":5}},{"start":{},"end":{}}]},"1":{"loc":{"start":{"line":43,"column":8},"end":{"line":43,"column":34}},"type":"binary-expr","locations":[{"start":{"line":43,"column":8},"end":{"line":43,"column":12}},{"start":{"line":43,"column":16},"end":{"line":43,"column":34}}]},"2":{"loc":{"start":{"line":71,"column":4},"end":{"line":75,"column":5}},"type":"if","locations":[{"start":{"line":71,"column":4},"end":{"line":75,"column":5}},{"start":{},"end":{}}]},"3":{"loc":{"start":{"line":79,"column":28},"end":{"line":79,"column":56}},"type":"binary-expr","locations":[{"start":{"line":79,"column":28},"end":{"line":79,"column":51}},{"start":{"line":79,"column":55},"end":{"line":79,"column":56}}]},"4":{"loc":{"start":{"line":80,"column":34},"end":{"line":80,"column":69}},"type":"binary-expr","locations":[{"start":{"line":80,"column":34},"end":{"line":80,"column":63}},{"start":{"line":80,"column":67},"end":{"line":80,"column":69}}]},"5":{"loc":{"start":{"line":87,"column":4},"end":{"line":91,"column":5}},"type":"if","locations":[{"start":{"line":87,"column":4},"end":{"line":91,"column":5}},{"start":{},"end":{}}]},"6":{"loc":{"start":{"line":95,"column":4},"end":{"line":99,"column":5}},"type":"if","locations":[{"start":{"line":95,"column":4},"end":{"line":99,"column":5}},{"start":{},"end":{}}]},"7":{"loc":{"start":{"line":106,"column":4},"end":{"line":110,"column":5}},"type":"if","locations":[{"start":{"line":106,"column":4},"end":{"line":110,"column":5}},{"start":{},"end":{}}]},"8":{"loc":{"start":{"line":108,"column":42},"end":{"line":108,"column":77}},"type":"binary-expr","locations":[{"start":{"line":108,"column":42},"end":{"line":108,"column":58}},{"start":{"line":108,"column":62},"end":{"line":108,"column":77}}]},"9":{"loc":{"start":{"line":116,"column":4},"end":{"line":125,"column":5}},"type":"if","locations":[{"start":{"line":116,"column":4},"end":{"line":125,"column":5}},{"start":{},"end":{}}]},"10":{"loc":{"start":{"line":134,"column":4},"end":{"line":138,"column":5}},"type":"if","locations":[{"start":{"line":134,"column":4},"end":{"line":138,"column":5}},{"start":{},"end":{}}]},"11":{"loc":{"start":{"line":168,"column":4},"end":{"line":170,"column":5}},"type":"if","locations":[{"start":{"line":168,"column":4},"end":{"line":170,"column":5}},{"start":{},"end":{}}]},"12":{"loc":{"start":{"line":185,"column":4},"end":{"line":187,"column":5}},"type":"if","locations":[{"start":{"line":185,"column":4},"end":{"line":187,"column":5}},{"start":{},"end":{}}]},"13":{"loc":{"start":{"line":197,"column":4},"end":{"line":197,"column":39}},"type":"if","locations":[{"start":{"line":197,"column":4},"end":{"line":197,"column":39}},{"start":{},"end":{}}]},"14":{"loc":{"start":{"line":200,"column":29},"end":{"line":202,"column":23}},"type":"cond-expr","locations":[{"start":{"line":201,"column":8},"end":{"line":201,"column":48}},{"start":{"line":202,"column":8},"end":{"line":202,"column":23}}]},"15":{"loc":{"start":{"line":203,"column":4},"end":{"line":205,"column":5}},"type":"if","locations":[{"start":{"line":203,"column":4},"end":{"line":205,"column":5}},{"start":{},"end":{}}]},"16":{"loc":{"start":{"line":209,"column":26},"end":{"line":211,"column":12}},"type":"cond-expr","locations":[{"start":{"line":210,"column":8},"end":{"line":210,"column":45}},{"start":{"line":211,"column":8},"end":{"line":211,"column":12}}]},"17":{"loc":{"start":{"line":212,"column":24},"end":{"line":214,"column":12}},"type":"cond-expr","locations":[{"start":{"line":213,"column":8},"end":{"line":213,"column":43}},{"start":{"line":214,"column":8},"end":{"line":214,"column":12}}]},"18":{"loc":{"start":{"line":218,"column":28},"end":{"line":218,"column":56}},"type":"binary-expr","locations":[{"start":{"line":218,"column":28},"end":{"line":218,"column":51}},{"start":{"line":218,"column":55},"end":{"line":218,"column":56}}]},"19":{"loc":{"start":{"line":219,"column":34},"end":{"line":219,"column":69}},"type":"binary-expr","locations":[{"start":{"line":219,"column":34},"end":{"line":219,"column":63}},{"start":{"line":219,"column":67},"end":{"line":219,"column":69}}]},"20":{"loc":{"start":{"line":231,"column":8},"end":{"line":234,"column":29}},"type":"binary-expr","locations":[{"start":{"line":231,"column":8},"end":{"line":231,"column":30}},{"start":{"line":232,"column":8},"end":{"line":232,"column":28}},{"start":{"line":233,"column":8},"end":{"line":233,"column":32}},{"start":{"line":234,"column":8},"end":{"line":234,"column":29}}]},"21":{"loc":{"start":{"line":236,"column":6},"end":{"line":243,"column":7}},"type":"if","locations":[{"start":{"line":236,"column":6},"end":{"line":243,"column":7}},{"start":{},"end":{}}]},"22":{"loc":{"start":{"line":237,"column":8},"end":{"line":240,"column":22}},"type":"binary-expr","locations":[{"start":{"line":237,"column":8},"end":{"line":237,"column":38}},{"start":{"line":238,"column":8},"end":{"line":238,"column":36}},{"start":{"line":239,"column":8},"end":{"line":239,"column":31}},{"start":{"line":240,"column":8},"end":{"line":240,"column":22}}]},"23":{"loc":{"start":{"line":275,"column":4},"end":{"line":277,"column":5}},"type":"if","locations":[{"start":{"line":275,"column":4},"end":{"line":277,"column":5}},{"start":{},"end":{}}]},"24":{"loc":{"start":{"line":279,"column":4},"end":{"line":286,"column":5}},"type":"if","locations":[{"start":{"line":279,"column":4},"end":{"line":286,"column":5}},{"start":{},"end":{}}]},"25":{"loc":{"start":{"line":280,"column":6},"end":{"line":281,"column":50}},"type":"binary-expr","locations":[{"start":{"line":280,"column":6},"end":{"line":280,"column":42}},{"start":{"line":281,"column":6},"end":{"line":281,"column":50}}]},"26":{"loc":{"start":{"line":293,"column":4},"end":{"line":295,"column":5}},"type":"if","locations":[{"start":{"line":293,"column":4},"end":{"line":295,"column":5}},{"start":{},"end":{}}]},"27":{"loc":{"start":{"line":305,"column":4},"end":{"line":314,"column":5}},"type":"if","locations":[{"start":{"line":305,"column":4},"end":{"line":314,"column":5}},{"start":{},"end":{}}]},"28":{"loc":{"start":{"line":327,"column":4},"end":{"line":329,"column":5}},"type":"if","locations":[{"start":{"line":327,"column":4},"end":{"line":329,"column":5}},{"start":{},"end":{}}]},"29":{"loc":{"start":{"line":331,"column":4},"end":{"line":333,"column":5}},"type":"if","locations":[{"start":{"line":331,"column":4},"end":{"line":333,"column":5}},{"start":{},"end":{}}]},"30":{"loc":{"start":{"line":348,"column":2},"end":{"line":350,"column":3}},"type":"if","locations":[{"start":{"line":348,"column":2},"end":{"line":350,"column":3}},{"start":{},"end":{}}]},"31":{"loc":{"start":{"line":352,"column":2},"end":{"line":359,"column":3}},"type":"if","locations":[{"start":{"line":352,"column":2},"end":{"line":359,"column":3}},{"start":{},"end":{}}]},"32":{"loc":{"start":{"line":353,"column":4},"end":{"line":354,"column":48}},"type":"binary-expr","locations":[{"start":{"line":353,"column":4},"end":{"line":353,"column":40}},{"start":{"line":354,"column":4},"end":{"line":354,"column":48}}]},"33":{"loc":{"start":{"line":368,"column":2},"end":{"line":370,"column":3}},"type":"if","locations":[{"start":{"line":368,"column":2},"end":{"line":370,"column":3}},{"start":{},"end":{}}]},"34":{"loc":{"start":{"line":368,"column":6},"end":{"line":368,"column":36}},"type":"binary-expr","locations":[{"start":{"line":368,"column":6},"end":{"line":368,"column":14}},{"start":{"line":368,"column":18},"end":{"line":368,"column":36}}]},"35":{"loc":{"start":{"line":374,"column":26},"end":{"line":374,"column":54}},"type":"binary-expr","locations":[{"start":{"line":374,"column":26},"end":{"line":374,"column":49}},{"start":{"line":374,"column":53},"end":{"line":374,"column":54}}]},"36":{"loc":{"start":{"line":375,"column":32},"end":{"line":375,"column":67}},"type":"binary-expr","locations":[{"start":{"line":375,"column":32},"end":{"line":375,"column":61}},{"start":{"line":375,"column":65},"end":{"line":375,"column":67}}]},"37":{"loc":{"start":{"line":381,"column":2},"end":{"line":385,"column":3}},"type":"if","locations":[{"start":{"line":381,"column":2},"end":{"line":385,"column":3}},{"start":{},"end":{}}]},"38":{"loc":{"start":{"line":389,"column":2},"end":{"line":393,"column":3}},"type":"if","locations":[{"start":{"line":389,"column":2},"end":{"line":393,"column":3}},{"start":{},"end":{}}]},"39":{"loc":{"start":{"line":400,"column":2},"end":{"line":404,"column":3}},"type":"if","locations":[{"start":{"line":400,"column":2},"end":{"line":404,"column":3}},{"start":{},"end":{}}]},"40":{"loc":{"start":{"line":402,"column":40},"end":{"line":402,"column":75}},"type":"binary-expr","locations":[{"start":{"line":402,"column":40},"end":{"line":402,"column":56}},{"start":{"line":402,"column":60},"end":{"line":402,"column":75}}]},"41":{"loc":{"start":{"line":416,"column":2},"end":{"line":425,"column":3}},"type":"if","locations":[{"start":{"line":416,"column":2},"end":{"line":425,"column":3}},{"start":{},"end":{}}]},"42":{"loc":{"start":{"line":446,"column":4},"end":{"line":448,"column":5}},"type":"if","locations":[{"start":{"line":446,"column":4},"end":{"line":448,"column":5}},{"start":{},"end":{}}]},"43":{"loc":{"start":{"line":495,"column":6},"end":{"line":497,"column":55}},"type":"if","locations":[{"start":{"line":495,"column":6},"end":{"line":497,"column":55}},{"start":{"line":496,"column":11},"end":{"line":497,"column":55}}]},"44":{"loc":{"start":{"line":496,"column":11},"end":{"line":497,"column":55}},"type":"if","locations":[{"start":{"line":496,"column":11},"end":{"line":497,"column":55}},{"start":{"line":497,"column":11},"end":{"line":497,"column":55}}]},"45":{"loc":{"start":{"line":497,"column":11},"end":{"line":497,"column":55}},"type":"if","locations":[{"start":{"line":497,"column":11},"end":{"line":497,"column":55}},{"start":{},"end":{}}]},"46":{"loc":{"start":{"line":499,"column":6},"end":{"line":501,"column":7}},"type":"if","locations":[{"start":{"line":499,"column":6},"end":{"line":501,"column":7}},{"start":{},"end":{}}]},"47":{"loc":{"start":{"line":499,"column":10},"end":{"line":499,"column":51}},"type":"binary-expr","locations":[{"start":{"line":499,"column":10},"end":{"line":499,"column":20}},{"start":{"line":499,"column":24},"end":{"line":499,"column":51}}]},"48":{"loc":{"start":{"line":508,"column":20},"end":{"line":508,"column":71}},"type":"cond-expr","locations":[{"start":{"line":508,"column":32},"end":{"line":508,"column":67}},{"start":{"line":508,"column":70},"end":{"line":508,"column":71}}]},"49":{"loc":{"start":{"line":545,"column":4},"end":{"line":547,"column":5}},"type":"if","locations":[{"start":{"line":545,"column":4},"end":{"line":547,"column":5}},{"start":{},"end":{}}]},"50":{"loc":{"start":{"line":26,"column":35},"end":{"line":26,"column":58}},"type":"cond-expr","locations":[{"start":{"line":26,"column":45},"end":{"line":26,"column":58}},{"start":{"line":26,"column":45},"end":{"line":26,"column":58}}]},"51":{"loc":{"start":{"line":26,"column":35},"end":{"line":26,"column":45}},"type":"binary-expr","locations":[{"start":{"line":26,"column":35},"end":{"line":26,"column":58}},{"start":{"line":26,"column":35},"end":{"line":26,"column":45}}]},"52":{"loc":{"start":{"line":26,"column":45},"end":{"line":28,"column":50}},"type":"cond-expr","locations":[{"start":{"line":28,"column":41},"end":{"line":28,"column":50}},{"start":{"line":28,"column":41},"end":{"line":28,"column":50}}]},"53":{"loc":{"start":{"line":26,"column":45},"end":{"line":28,"column":41}},"type":"binary-expr","locations":[{"start":{"line":26,"column":45},"end":{"line":28,"column":50}},{"start":{"line":28,"column":31},"end":{"line":28,"column":41}}]},"54":{"loc":{"start":{"line":28,"column":41},"end":{"line":30,"column":48}},"type":"cond-expr","locations":[{"start":{"line":30,"column":40},"end":{"line":30,"column":48}},{"start":{"line":30,"column":40},"end":{"line":30,"column":48}}]},"55":{"loc":{"start":{"line":28,"column":41},"end":{"line":30,"column":40}},"type":"binary-expr","locations":[{"start":{"line":28,"column":41},"end":{"line":30,"column":48}},{"start":{"line":30,"column":30},"end":{"line":30,"column":40}}]},"56":{"loc":{"start":{"line":30,"column":40},"end":{"line":32,"column":66}},"type":"cond-expr","locations":[{"start":{"line":32,"column":49},"end":{"line":32,"column":66}},{"start":{"line":32,"column":49},"end":{"line":32,"column":66}}]},"57":{"loc":{"start":{"line":30,"column":40},"end":{"line":32,"column":49}},"type":"binary-expr","locations":[{"start":{"line":30,"column":40},"end":{"line":32,"column":66}},{"start":{"line":32,"column":39},"end":{"line":32,"column":49}}]},"58":{"loc":{"start":{"line":32,"column":49},"end":{"line":33,"column":null}},"type":"cond-expr","locations":[{"start":{"line":33,"column":40},"end":{"line":33,"column":null}},{"start":{"line":33,"column":40},"end":{"line":33,"column":null}}]},"59":{"loc":{"start":{"line":32,"column":49},"end":{"line":33,"column":40}},"type":"binary-expr","locations":[{"start":{"line":32,"column":49},"end":{"line":33,"column":null}},{"start":{"line":33,"column":27},"end":{"line":33,"column":40}}]},"60":{"loc":{"start":{"line":33,"column":40},"end":{"line":35,"column":null}},"type":"cond-expr","locations":[{"start":{"line":35,"column":43},"end":{"line":35,"column":null}},{"start":{"line":35,"column":43},"end":{"line":35,"column":null}}]},"61":{"loc":{"start":{"line":33,"column":40},"end":{"line":35,"column":43}},"type":"binary-expr","locations":[{"start":{"line":33,"column":40},"end":{"line":35,"column":null}},{"start":{"line":35,"column":32},"end":{"line":35,"column":43}}]}},"s":{"0":2,"1":2,"2":2,"3":2,"4":2,"5":2,"6":2,"7":2,"8":2,"9":2,"10":2,"11":2,"12":2,"13":36,"14":36,"15":36,"16":36,"17":36,"18":36,"19":2,"20":2,"21":1,"22":2,"23":2,"24":7,"25":7,"26":1,"27":6,"28":6,"29":6,"30":6,"31":6,"32":6,"33":6,"34":1,"35":5,"36":5,"37":5,"38":1,"39":4,"40":4,"41":1,"42":3,"43":3,"44":2,"45":2,"46":3,"47":3,"48":1,"49":2,"50":2,"51":2,"52":2,"53":4,"54":4,"55":1,"56":3,"57":3,"58":3,"59":1,"60":2,"61":1,"62":2,"63":2,"64":2,"65":2,"66":2,"67":0,"68":2,"69":2,"70":0,"71":2,"72":2,"73":2,"74":2,"75":2,"76":2,"77":2,"78":2,"79":10,"80":10,"81":10,"82":10,"83":10,"84":10,"85":10,"86":10,"87":7,"88":10,"89":2,"90":1,"91":1,"92":4,"93":4,"94":1,"95":3,"96":1,"97":2,"98":2,"99":2,"100":1,"101":1,"102":1,"103":1,"104":1,"105":1,"106":1,"107":3,"108":3,"109":1,"110":2,"111":1,"112":1,"113":1,"114":6,"115":6,"116":1,"117":5,"118":1,"119":4,"120":4,"121":0,"122":4,"123":4,"124":4,"125":4,"126":4,"127":4,"128":4,"129":1,"130":3,"131":3,"132":3,"133":1,"134":2,"135":2,"136":1,"137":1,"138":1,"139":1,"140":1,"141":1,"142":1,"143":1,"144":1,"145":2,"146":2,"147":1,"148":1,"149":1,"150":1,"151":1,"152":6,"153":6,"154":10,"155":10,"156":10,"157":1,"158":1,"159":1,"160":1,"161":1,"162":1,"163":1,"164":1,"165":2,"166":1,"167":3,"168":3,"169":0,"170":0,"171":0,"172":0,"173":3,"174":3,"175":1,"176":2,"177":1,"178":1,"179":1,"180":1,"181":2,"182":2,"183":1,"184":1,"185":1,"186":1,"187":1,"188":1,"189":1,"190":1,"191":1,"192":1,"193":1,"194":1,"195":1,"196":1,"197":1,"198":1,"199":1,"200":1,"201":1,"202":1,"203":2,"204":2,"205":2},"f":{"0":36,"1":2,"2":7,"3":4,"4":1,"5":1,"6":4,"7":3,"8":6,"9":2,"10":1,"11":6,"12":10,"13":1,"14":2,"15":3,"16":2,"17":1,"18":1,"19":1,"20":2,"21":1,"22":1},"b":{"0":[1,1],"1":[2,1],"2":[1,6],"3":[6,0],"4":[6,0],"5":[1,5],"6":[1,4],"7":[1,3],"8":[1,0],"9":[2,1],"10":[1,2],"11":[1,3],"12":[1,2],"13":[0,2],"14":[2,0],"15":[0,2],"16":[1,1],"17":[1,1],"18":[2,0],"19":[2,0],"20":[10,8,8,4],"21":[7,3],"22":[10,9,9,9],"23":[1,3],"24":[1,2],"25":[3,1],"26":[1,1],"27":[1,0],"28":[1,2],"29":[1,1],"30":[1,5],"31":[1,4],"32":[5,1],"33":[0,4],"34":[4,0],"35":[4,0],"36":[4,0],"37":[1,3],"38":[1,2],"39":[1,1],"40":[1,0],"41":[1,0],"42":[1,1],"43":[3,0],"44":[0,0],"45":[0,0],"46":[3,0],"47":[3,3],"48":[2,0],"49":[1,1],"50":[2,0],"51":[2,2],"52":[2,0],"53":[2,2],"54":[2,0],"55":[2,2],"56":[2,0],"57":[2,2],"58":[2,0],"59":[2,2],"60":[2,0],"61":[2,2]}}
,"D:\\universidad\\Software III\\piedrazul\\ReservaCitasMedicas\\backend\\src\\application\\services\\auth.service.ts": {"path":"D:\\universidad\\Software III\\piedrazul\\ReservaCitasMedicas\\backend\\src\\application\\services\\auth.service.ts","statementMap":{"0":{"start":{"line":1,"column":0},"end":{"line":1,"column":null}},"1":{"start":{"line":7,"column":0},"end":{"line":7,"column":51}},"2":{"start":{"line":8,"column":0},"end":{"line":8,"column":37}},"3":{"start":{"line":9,"column":0},"end":{"line":9,"column":63}},"4":{"start":{"line":10,"column":0},"end":{"line":10,"column":57}},"5":{"start":{"line":13,"column":0},"end":{"line":13,"column":33}},"6":{"start":{"line":14,"column":0},"end":{"line":14,"column":26}},"7":{"start":{"line":15,"column":0},"end":{"line":15,"column":41}},"8":{"start":{"line":25,"column":7},"end":{"line":270,"column":null}},"9":{"start":{"line":26,"column":24},"end":{"line":26,"column":75}},"10":{"start":{"line":27,"column":18},"end":{"line":27,"column":59}},"11":{"start":{"line":28,"column":21},"end":{"line":28,"column":70}},"12":{"start":{"line":34,"column":12},"end":{"line":34,"column":28}},"13":{"start":{"line":36,"column":12},"end":{"line":36,"column":31}},"14":{"start":{"line":37,"column":12},"end":{"line":37,"column":24}},"15":{"start":{"line":42,"column":21},"end":{"line":44,"column":6}},"16":{"start":{"line":45,"column":4},"end":{"line":47,"column":5}},"17":{"start":{"line":46,"column":6},"end":{"line":46,"column":70}},"18":{"start":{"line":54,"column":27},"end":{"line":54,"column":62}},"19":{"start":{"line":55,"column":20},"end":{"line":58,"column":6}},"20":{"start":{"line":60,"column":4},"end":{"line":60,"column":47}},"21":{"start":{"line":64,"column":4},"end":{"line":114,"column":5}},"22":{"start":{"line":66,"column":28},"end":{"line":66,"column":93}},"23":{"start":{"line":67,"column":26},"end":{"line":67,"column":47}},"24":{"start":{"line":68,"column":6},"end":{"line":68,"column":51}},"25":{"start":{"line":69,"column":6},"end":{"line":69,"column":51}},"26":{"start":{"line":70,"column":6},"end":{"line":70,"column":76}},"27":{"start":{"line":71,"column":6},"end":{"line":74,"column":8}},"28":{"start":{"line":76,"column":28},"end":{"line":78,"column":null}},"29":{"start":{"line":80,"column":25},"end":{"line":80,"column":56}},"30":{"start":{"line":83,"column":23},"end":{"line":83,"column":77}},"31":{"start":{"line":84,"column":6},"end":{"line":103,"column":8}},"32":{"start":{"line":104,"column":6},"end":{"line":106,"column":8}},"33":{"start":{"line":108,"column":28},"end":{"line":108,"column":57}},"34":{"start":{"line":109,"column":6},"end":{"line":112,"column":8}},"35":{"start":{"line":117,"column":4},"end":{"line":117,"column":71}},"36":{"start":{"line":123,"column":4},"end":{"line":215,"column":5}},"37":{"start":{"line":125,"column":23},"end":{"line":125,"column":95}},"38":{"start":{"line":127,"column":21},"end":{"line":127,"column":42}},"39":{"start":{"line":128,"column":6},"end":{"line":128,"column":48}},"40":{"start":{"line":129,"column":6},"end":{"line":129,"column":46}},"41":{"start":{"line":130,"column":6},"end":{"line":130,"column":43}},"42":{"start":{"line":131,"column":6},"end":{"line":131,"column":46}},"43":{"start":{"line":133,"column":23},"end":{"line":138,"column":null}},"44":{"start":{"line":142,"column":26},"end":{"line":142,"column":52}},"45":{"start":{"line":145,"column":41},"end":{"line":145,"column":76}},"46":{"start":{"line":146,"column":26},"end":{"line":146,"column":43}},"47":{"start":{"line":149,"column":38},"end":{"line":149,"column":42}},"48":{"start":{"line":152,"column":22},"end":{"line":155,"column":8}},"49":{"start":{"line":157,"column":6},"end":{"line":192,"column":7}},"50":{"start":{"line":159,"column":8},"end":{"line":162,"column":9}},"51":{"start":{"line":160,"column":10},"end":{"line":160,"column":43}},"52":{"start":{"line":161,"column":10},"end":{"line":161,"column":53}},"53":{"start":{"line":164,"column":8},"end":{"line":171,"column":10}},"54":{"start":{"line":174,"column":26},"end":{"line":176,"column":10}},"55":{"start":{"line":177,"column":8},"end":{"line":191,"column":9}},"56":{"start":{"line":179,"column":10},"end":{"line":182,"column":11}},"57":{"start":{"line":180,"column":12},"end":{"line":180,"column":47}},"58":{"start":{"line":181,"column":12},"end":{"line":181,"column":54}},"59":{"start":{"line":184,"column":10},"end":{"line":190,"column":12}},"60":{"start":{"line":194,"column":6},"end":{"line":198,"column":7}},"61":{"start":{"line":195,"column":8},"end":{"line":197,"column":10}},"62":{"start":{"line":200,"column":6},"end":{"line":204,"column":8}},"63":{"start":{"line":206,"column":28},"end":{"line":206,"column":55}},"64":{"start":{"line":207,"column":6},"end":{"line":210,"column":8}},"65":{"start":{"line":214,"column":6},"end":{"line":214,"column":42}},"66":{"start":{"line":219,"column":4},"end":{"line":219,"column":61}},"67":{"start":{"line":222,"column":32},"end":{"line":225,"column":6}},"68":{"start":{"line":228,"column":4},"end":{"line":233,"column":5}},"69":{"start":{"line":229,"column":6},"end":{"line":232,"column":9}},"70":{"start":{"line":235,"column":4},"end":{"line":245,"column":5}},"71":{"start":{"line":242,"column":6},"end":{"line":244,"column":8}},"72":{"start":{"line":246,"column":4},"end":{"line":246,"column":63}},"73":{"start":{"line":250,"column":20},"end":{"line":262,"column":6}},"74":{"start":{"line":264,"column":4},"end":{"line":266,"column":5}},"75":{"start":{"line":265,"column":6},"end":{"line":265,"column":65}},"76":{"start":{"line":268,"column":4},"end":{"line":268,"column":19}},"77":{"start":{"line":25,"column":13},"end":{"line":25,"column":24}},"78":{"start":{"line":25,"column":13},"end":{"line":270,"column":null}}},"fnMap":{"0":{"name":"(anonymous_14)","decl":{"start":{"line":32,"column":2},"end":{"line":32,"column":null}},"loc":{"start":{"line":37,"column":34},"end":{"line":38,"column":6}}},"1":{"name":"(anonymous_15)","decl":{"start":{"line":40,"column":2},"end":{"line":40,"column":7}},"loc":{"start":{"line":40,"column":33},"end":{"line":118,"column":3}}},"2":{"name":"(anonymous_16)","decl":{"start":{"line":120,"column":2},"end":{"line":120,"column":7}},"loc":{"start":{"line":121,"column":17},"end":{"line":216,"column":3}}},"3":{"name":"(anonymous_17)","decl":{"start":{"line":218,"column":10},"end":{"line":218,"column":15}},"loc":{"start":{"line":218,"column":48},"end":{"line":247,"column":3}}},"4":{"name":"(anonymous_18)","decl":{"start":{"line":249,"column":2},"end":{"line":249,"column":7}},"loc":{"start":{"line":249,"column":45},"end":{"line":269,"column":3}}}},"branchMap":{"0":{"loc":{"start":{"line":26,"column":24},"end":{"line":26,"column":75}},"type":"binary-expr","locations":[{"start":{"line":26,"column":24},"end":{"line":26,"column":48}},{"start":{"line":26,"column":52},"end":{"line":26,"column":75}}]},"1":{"loc":{"start":{"line":27,"column":18},"end":{"line":27,"column":59}},"type":"binary-expr","locations":[{"start":{"line":27,"column":18},"end":{"line":27,"column":44}},{"start":{"line":27,"column":48},"end":{"line":27,"column":59}}]},"2":{"loc":{"start":{"line":28,"column":21},"end":{"line":28,"column":70}},"type":"binary-expr","locations":[{"start":{"line":28,"column":21},"end":{"line":28,"column":51}},{"start":{"line":28,"column":55},"end":{"line":28,"column":70}}]},"3":{"loc":{"start":{"line":45,"column":4},"end":{"line":47,"column":5}},"type":"if","locations":[{"start":{"line":45,"column":4},"end":{"line":47,"column":5}},{"start":{},"end":{}}]},"4":{"loc":{"start":{"line":70,"column":37},"end":{"line":70,"column":74}},"type":"binary-expr","locations":[{"start":{"line":70,"column":37},"end":{"line":70,"column":63}},{"start":{"line":70,"column":67},"end":{"line":70,"column":74}}]},"5":{"loc":{"start":{"line":73,"column":8},"end":{"line":73,"column":54}},"type":"binary-expr","locations":[{"start":{"line":73,"column":8},"end":{"line":73,"column":43}},{"start":{"line":73,"column":47},"end":{"line":73,"column":54}}]},"6":{"loc":{"start":{"line":111,"column":8},"end":{"line":111,"column":72}},"type":"binary-expr","locations":[{"start":{"line":111,"column":8},"end":{"line":111,"column":46}},{"start":{"line":111,"column":50},"end":{"line":111,"column":72}}]},"7":{"loc":{"start":{"line":157,"column":6},"end":{"line":192,"column":7}},"type":"if","locations":[{"start":{"line":157,"column":6},"end":{"line":192,"column":7}},{"start":{"line":172,"column":13},"end":{"line":192,"column":7}}]},"8":{"loc":{"start":{"line":159,"column":8},"end":{"line":162,"column":9}},"type":"if","locations":[{"start":{"line":159,"column":8},"end":{"line":162,"column":9}},{"start":{},"end":{}}]},"9":{"loc":{"start":{"line":159,"column":12},"end":{"line":159,"column":46}},"type":"binary-expr","locations":[{"start":{"line":159,"column":12},"end":{"line":159,"column":31}},{"start":{"line":159,"column":35},"end":{"line":159,"column":46}}]},"10":{"loc":{"start":{"line":177,"column":8},"end":{"line":191,"column":9}},"type":"if","locations":[{"start":{"line":177,"column":8},"end":{"line":191,"column":9}},{"start":{},"end":{}}]},"11":{"loc":{"start":{"line":179,"column":10},"end":{"line":182,"column":11}},"type":"if","locations":[{"start":{"line":179,"column":10},"end":{"line":182,"column":11}},{"start":{},"end":{}}]},"12":{"loc":{"start":{"line":179,"column":14},"end":{"line":179,"column":50}},"type":"binary-expr","locations":[{"start":{"line":179,"column":14},"end":{"line":179,"column":35}},{"start":{"line":179,"column":39},"end":{"line":179,"column":50}}]},"13":{"loc":{"start":{"line":194,"column":6},"end":{"line":198,"column":7}},"type":"if","locations":[{"start":{"line":194,"column":6},"end":{"line":198,"column":7}},{"start":{},"end":{}}]},"14":{"loc":{"start":{"line":209,"column":8},"end":{"line":209,"column":72}},"type":"binary-expr","locations":[{"start":{"line":209,"column":8},"end":{"line":209,"column":46}},{"start":{"line":209,"column":50},"end":{"line":209,"column":72}}]},"15":{"loc":{"start":{"line":228,"column":4},"end":{"line":233,"column":5}},"type":"if","locations":[{"start":{"line":228,"column":4},"end":{"line":233,"column":5}},{"start":{},"end":{}}]},"16":{"loc":{"start":{"line":235,"column":4},"end":{"line":245,"column":5}},"type":"if","locations":[{"start":{"line":235,"column":4},"end":{"line":245,"column":5}},{"start":{},"end":{}}]},"17":{"loc":{"start":{"line":236,"column":6},"end":{"line":238,"column":59}},"type":"binary-expr","locations":[{"start":{"line":236,"column":6},"end":{"line":236,"column":12}},{"start":{"line":237,"column":6},"end":{"line":237,"column":21}},{"start":{"line":238,"column":7},"end":{"line":238,"column":58}}]},"18":{"loc":{"start":{"line":264,"column":4},"end":{"line":266,"column":5}},"type":"if","locations":[{"start":{"line":264,"column":4},"end":{"line":266,"column":5}},{"start":{},"end":{}}]},"19":{"loc":{"start":{"line":34,"column":28},"end":{"line":34,"column":44}},"type":"cond-expr","locations":[{"start":{"line":34,"column":38},"end":{"line":34,"column":44}},{"start":{"line":34,"column":38},"end":{"line":34,"column":44}}]},"20":{"loc":{"start":{"line":34,"column":28},"end":{"line":34,"column":38}},"type":"binary-expr","locations":[{"start":{"line":34,"column":28},"end":{"line":34,"column":44}},{"start":{"line":34,"column":28},"end":{"line":34,"column":38}}]},"21":{"loc":{"start":{"line":34,"column":38},"end":{"line":36,"column":50}},"type":"cond-expr","locations":[{"start":{"line":36,"column":41},"end":{"line":36,"column":50}},{"start":{"line":36,"column":41},"end":{"line":36,"column":50}}]},"22":{"loc":{"start":{"line":34,"column":38},"end":{"line":36,"column":41}},"type":"binary-expr","locations":[{"start":{"line":34,"column":38},"end":{"line":36,"column":50}},{"start":{"line":36,"column":31},"end":{"line":36,"column":41}}]},"23":{"loc":{"start":{"line":36,"column":41},"end":{"line":37,"column":null}},"type":"cond-expr","locations":[{"start":{"line":37,"column":34},"end":{"line":37,"column":null}},{"start":{"line":37,"column":34},"end":{"line":37,"column":null}}]},"24":{"loc":{"start":{"line":36,"column":41},"end":{"line":37,"column":34}},"type":"binary-expr","locations":[{"start":{"line":36,"column":41},"end":{"line":37,"column":null}},{"start":{"line":37,"column":24},"end":{"line":37,"column":34}}]}},"s":{"0":2,"1":2,"2":2,"3":2,"4":2,"5":2,"6":2,"7":2,"8":2,"9":10,"10":10,"11":10,"12":10,"13":10,"14":10,"15":3,"16":3,"17":1,"18":2,"19":2,"20":2,"21":2,"22":2,"23":2,"24":2,"25":2,"26":2,"27":2,"28":2,"29":1,"30":1,"31":1,"32":1,"33":1,"34":1,"35":2,"36":7,"37":7,"38":7,"39":7,"40":7,"41":7,"42":7,"43":7,"44":4,"45":4,"46":4,"47":4,"48":4,"49":4,"50":2,"51":1,"52":1,"53":2,"54":2,"55":2,"56":1,"57":1,"58":1,"59":1,"60":4,"61":1,"62":3,"63":4,"64":4,"65":4,"66":4,"67":4,"68":4,"69":2,"70":4,"71":1,"72":3,"73":2,"74":2,"75":1,"76":1,"77":2,"78":2},"f":{"0":10,"1":3,"2":7,"3":4,"4":2},"b":{"0":[10,10],"1":[10,10],"2":[10,10],"3":[1,2],"4":[2,2],"5":[2,2],"6":[1,1],"7":[2,2],"8":[1,1],"9":[2,1],"10":[1,1],"11":[1,0],"12":[1,1],"13":[1,3],"14":[4,4],"15":[2,2],"16":[1,3],"17":[4,2,2],"18":[1,1],"19":[2,0],"20":[2,2],"21":[2,0],"22":[2,2],"23":[2,0],"24":[2,2]}}
,"D:\\universidad\\Software III\\piedrazul\\ReservaCitasMedicas\\backend\\src\\application\\services\\config.service.ts": {"path":"D:\\universidad\\Software III\\piedrazul\\ReservaCitasMedicas\\backend\\src\\application\\services\\config.service.ts","statementMap":{"0":{"start":{"line":1,"column":0},"end":{"line":1,"column":58}},"1":{"start":{"line":2,"column":0},"end":{"line":2,"column":51}},"2":{"start":{"line":3,"column":0},"end":{"line":3,"column":37}},"3":{"start":{"line":4,"column":0},"end":{"line":4,"column":61}},"4":{"start":{"line":6,"column":0},"end":{"line":6,"column":13}},"5":{"start":{"line":12,"column":7},"end":{"line":53,"column":null}},"6":{"start":{"line":15,"column":12},"end":{"line":15,"column":30}},"7":{"start":{"line":19,"column":21},"end":{"line":21,"column":6}},"8":{"start":{"line":22,"column":4},"end":{"line":30,"column":5}},"9":{"start":{"line":23,"column":6},"end":{"line":29,"column":9}},"10":{"start":{"line":34,"column":19},"end":{"line":36,"column":6}},"11":{"start":{"line":37,"column":4},"end":{"line":37,"column":53}},"12":{"start":{"line":41,"column":21},"end":{"line":43,"column":6}},"13":{"start":{"line":44,"column":4},"end":{"line":50,"column":5}},"14":{"start":{"line":45,"column":6},"end":{"line":49,"column":8}},"15":{"start":{"line":51,"column":4},"end":{"line":51,"column":28}},"16":{"start":{"line":12,"column":13},"end":{"line":12,"column":26}},"17":{"start":{"line":12,"column":13},"end":{"line":53,"column":null}}},"fnMap":{"0":{"name":"(anonymous_4)","decl":{"start":{"line":13,"column":2},"end":{"line":13,"column":null}},"loc":{"start":{"line":15,"column":48},"end":{"line":16,"column":6}}},"1":{"name":"(anonymous_5)","decl":{"start":{"line":18,"column":2},"end":{"line":18,"column":7}},"loc":{"start":{"line":18,"column":20},"end":{"line":31,"column":3}}},"2":{"name":"(anonymous_6)","decl":{"start":{"line":33,"column":2},"end":{"line":33,"column":7}},"loc":{"start":{"line":33,"column":17},"end":{"line":38,"column":3}}},"3":{"name":"(anonymous_7)","decl":{"start":{"line":40,"column":2},"end":{"line":40,"column":7}},"loc":{"start":{"line":40,"column":39},"end":{"line":52,"column":3}}}},"branchMap":{"0":{"loc":{"start":{"line":22,"column":4},"end":{"line":30,"column":5}},"type":"if","locations":[{"start":{"line":22,"column":4},"end":{"line":30,"column":5}},{"start":{},"end":{}}]},"1":{"loc":{"start":{"line":44,"column":4},"end":{"line":50,"column":5}},"type":"if","locations":[{"start":{"line":44,"column":4},"end":{"line":50,"column":5}},{"start":{},"end":{}}]},"2":{"loc":{"start":{"line":15,"column":30},"end":{"line":15,"column":48}},"type":"cond-expr","locations":[{"start":{"line":15,"column":40},"end":{"line":15,"column":48}},{"start":{"line":15,"column":40},"end":{"line":15,"column":48}}]},"3":{"loc":{"start":{"line":15,"column":30},"end":{"line":15,"column":40}},"type":"binary-expr","locations":[{"start":{"line":15,"column":30},"end":{"line":15,"column":48}},{"start":{"line":15,"column":30},"end":{"line":15,"column":40}}]}},"s":{"0":4,"1":4,"2":4,"3":4,"4":4,"5":4,"6":5,"7":2,"8":2,"9":1,"10":2,"11":2,"12":1,"13":1,"14":1,"15":1,"16":4,"17":4},"f":{"0":5,"1":2,"2":2,"3":1},"b":{"0":[1,1],"1":[1,0],"2":[4,0],"3":[4,4]}}
,"D:\\universidad\\Software III\\piedrazul\\ReservaCitasMedicas\\backend\\src\\application\\services\\doctor.service.ts": {"path":"D:\\universidad\\Software III\\piedrazul\\ReservaCitasMedicas\\backend\\src\\application\\services\\doctor.service.ts","statementMap":{"0":{"start":{"line":1,"column":0},"end":{"line":1,"column":null}},"1":{"start":{"line":6,"column":0},"end":{"line":6,"column":51}},"2":{"start":{"line":7,"column":0},"end":{"line":7,"column":37}},"3":{"start":{"line":8,"column":0},"end":{"line":8,"column":61}},"4":{"start":{"line":9,"column":0},"end":{"line":9,"column":71}},"5":{"start":{"line":10,"column":0},"end":{"line":10,"column":80}},"6":{"start":{"line":13,"column":7},"end":{"line":82,"column":null}},"7":{"start":{"line":16,"column":12},"end":{"line":16,"column":30}},"8":{"start":{"line":18,"column":12},"end":{"line":18,"column":35}},"9":{"start":{"line":20,"column":12},"end":{"line":20,"column":33}},"10":{"start":{"line":24,"column":4},"end":{"line":24,"column":40}},"11":{"start":{"line":28,"column":19},"end":{"line":28,"column":64}},"12":{"start":{"line":29,"column":4},"end":{"line":31,"column":5}},"13":{"start":{"line":30,"column":6},"end":{"line":30,"column":68}},"14":{"start":{"line":32,"column":4},"end":{"line":32,"column":18}},"15":{"start":{"line":36,"column":19},"end":{"line":36,"column":53}},"16":{"start":{"line":37,"column":4},"end":{"line":37,"column":46}},"17":{"start":{"line":41,"column":4},"end":{"line":41,"column":27}},"18":{"start":{"line":42,"column":4},"end":{"line":42,"column":49}},"19":{"start":{"line":43,"column":4},"end":{"line":43,"column":28}},"20":{"start":{"line":47,"column":19},"end":{"line":47,"column":41}},"21":{"start":{"line":50,"column":18},"end":{"line":55,"column":6}},"22":{"start":{"line":57,"column":4},"end":{"line":61,"column":5}},"23":{"start":{"line":58,"column":6},"end":{"line":60,"column":8}},"24":{"start":{"line":63,"column":4},"end":{"line":63,"column":48}},"25":{"start":{"line":68,"column":22},"end":{"line":68,"column":59}},"26":{"start":{"line":69,"column":4},"end":{"line":69,"column":52}},"27":{"start":{"line":73,"column":4},"end":{"line":76,"column":7}},"28":{"start":{"line":80,"column":4},"end":{"line":80,"column":47}},"29":{"start":{"line":13,"column":13},"end":{"line":13,"column":26}},"30":{"start":{"line":13,"column":13},"end":{"line":82,"column":null}}},"fnMap":{"0":{"name":"(anonymous_4)","decl":{"start":{"line":14,"column":2},"end":{"line":14,"column":null}},"loc":{"start":{"line":20,"column":60},"end":{"line":21,"column":6}}},"1":{"name":"(anonymous_5)","decl":{"start":{"line":23,"column":2},"end":{"line":23,"column":7}},"loc":{"start":{"line":23,"column":15},"end":{"line":25,"column":3}}},"2":{"name":"(anonymous_6)","decl":{"start":{"line":27,"column":2},"end":{"line":27,"column":7}},"loc":{"start":{"line":27,"column":26},"end":{"line":33,"column":3}}},"3":{"name":"(anonymous_7)","decl":{"start":{"line":35,"column":2},"end":{"line":35,"column":7}},"loc":{"start":{"line":35,"column":36},"end":{"line":38,"column":3}}},"4":{"name":"(anonymous_8)","decl":{"start":{"line":40,"column":2},"end":{"line":40,"column":7}},"loc":{"start":{"line":40,"column":48},"end":{"line":44,"column":3}}},"5":{"name":"(anonymous_9)","decl":{"start":{"line":46,"column":2},"end":{"line":46,"column":7}},"loc":{"start":{"line":46,"column":25},"end":{"line":64,"column":3}}},"6":{"name":"(anonymous_10)","decl":{"start":{"line":67,"column":2},"end":{"line":67,"column":7}},"loc":{"start":{"line":67,"column":51},"end":{"line":70,"column":3}}},"7":{"name":"(anonymous_11)","decl":{"start":{"line":72,"column":2},"end":{"line":72,"column":7}},"loc":{"start":{"line":72,"column":38},"end":{"line":77,"column":3}}},"8":{"name":"(anonymous_12)","decl":{"start":{"line":79,"column":2},"end":{"line":79,"column":7}},"loc":{"start":{"line":79,"column":34},"end":{"line":81,"column":3}}}},"branchMap":{"0":{"loc":{"start":{"line":29,"column":4},"end":{"line":31,"column":5}},"type":"if","locations":[{"start":{"line":29,"column":4},"end":{"line":31,"column":5}},{"start":{},"end":{}}]},"1":{"loc":{"start":{"line":57,"column":4},"end":{"line":61,"column":5}},"type":"if","locations":[{"start":{"line":57,"column":4},"end":{"line":61,"column":5}},{"start":{},"end":{}}]},"2":{"loc":{"start":{"line":16,"column":30},"end":{"line":16,"column":48}},"type":"cond-expr","locations":[{"start":{"line":16,"column":40},"end":{"line":16,"column":48}},{"start":{"line":16,"column":40},"end":{"line":16,"column":48}}]},"3":{"loc":{"start":{"line":16,"column":30},"end":{"line":16,"column":40}},"type":"binary-expr","locations":[{"start":{"line":16,"column":30},"end":{"line":16,"column":48}},{"start":{"line":16,"column":30},"end":{"line":16,"column":40}}]},"4":{"loc":{"start":{"line":16,"column":40},"end":{"line":18,"column":58}},"type":"cond-expr","locations":[{"start":{"line":18,"column":45},"end":{"line":18,"column":58}},{"start":{"line":18,"column":45},"end":{"line":18,"column":58}}]},"5":{"loc":{"start":{"line":16,"column":40},"end":{"line":18,"column":45}},"type":"binary-expr","locations":[{"start":{"line":16,"column":40},"end":{"line":18,"column":58}},{"start":{"line":18,"column":35},"end":{"line":18,"column":45}}]},"6":{"loc":{"start":{"line":18,"column":45},"end":{"line":20,"column":60}},"type":"cond-expr","locations":[{"start":{"line":20,"column":43},"end":{"line":20,"column":60}},{"start":{"line":20,"column":43},"end":{"line":20,"column":60}}]},"7":{"loc":{"start":{"line":18,"column":45},"end":{"line":20,"column":43}},"type":"binary-expr","locations":[{"start":{"line":18,"column":45},"end":{"line":20,"column":60}},{"start":{"line":20,"column":33},"end":{"line":20,"column":43}}]}},"s":{"0":2,"1":2,"2":2,"3":2,"4":2,"5":2,"6":2,"7":11,"8":11,"9":11,"10":1,"11":6,"12":6,"13":1,"14":5,"15":1,"16":1,"17":1,"18":1,"19":1,"20":2,"21":2,"22":2,"23":1,"24":1,"25":1,"26":1,"27":1,"28":1,"29":2,"30":2},"f":{"0":11,"1":1,"2":6,"3":1,"4":1,"5":2,"6":1,"7":1,"8":1},"b":{"0":[1,5],"1":[1,1],"2":[2,0],"3":[2,2],"4":[2,0],"5":[2,2],"6":[2,0],"7":[2,2]}}
,"D:\\universidad\\Software III\\piedrazul\\ReservaCitasMedicas\\backend\\src\\domain\\entities\\appointment.entity.ts": {"path":"D:\\universidad\\Software III\\piedrazul\\ReservaCitasMedicas\\backend\\src\\domain\\entities\\appointment.entity.ts","statementMap":{"0":{"start":{"line":1,"column":0},"end":{"line":1,"column":null}},"1":{"start":{"line":11,"column":0},"end":{"line":11,"column":41}},"2":{"start":{"line":12,"column":0},"end":{"line":12,"column":43}},"3":{"start":{"line":16,"column":7},"end":{"line":45,"column":null}},"4":{"start":{"line":16,"column":13},"end":{"line":16,"column":24}},"5":{"start":{"line":18,"column":2},"end":{"line":18,"column":null}},"6":{"start":{"line":21,"column":2},"end":{"line":21,"column":null}},"7":{"start":{"line":24,"column":2},"end":{"line":24,"column":null}},"8":{"start":{"line":27,"column":2},"end":{"line":27,"column":null}},"9":{"start":{"line":30,"column":2},"end":{"line":30,"column":null}},"10":{"start":{"line":34,"column":2},"end":{"line":34,"column":null}},"11":{"start":{"line":32,"column":19},"end":{"line":32,"column":25}},"12":{"start":{"line":32,"column":39},"end":{"line":32,"column":58}},"13":{"start":{"line":38,"column":2},"end":{"line":38,"column":null}},"14":{"start":{"line":36,"column":19},"end":{"line":36,"column":26}},"15":{"start":{"line":36,"column":41},"end":{"line":36,"column":61}},"16":{"start":{"line":41,"column":2},"end":{"line":41,"column":null}},"17":{"start":{"line":44,"column":2},"end":{"line":44,"column":null}},"18":{"start":{"line":16,"column":13},"end":{"line":45,"column":null}}},"fnMap":{"0":{"name":"(anonymous_2)","decl":{"start":{"line":32,"column":13},"end":{"line":32,"column":16}},"loc":{"start":{"line":32,"column":19},"end":{"line":32,"column":25}}},"1":{"name":"(anonymous_3)","decl":{"start":{"line":32,"column":27},"end":{"line":32,"column":28}},"loc":{"start":{"line":32,"column":39},"end":{"line":32,"column":58}}},"2":{"name":"(anonymous_4)","decl":{"start":{"line":36,"column":13},"end":{"line":36,"column":16}},"loc":{"start":{"line":36,"column":19},"end":{"line":36,"column":26}}},"3":{"name":"(anonymous_5)","decl":{"start":{"line":36,"column":28},"end":{"line":36,"column":29}},"loc":{"start":{"line":36,"column":41},"end":{"line":36,"column":61}}}},"branchMap":{"0":{"loc":{"start":{"line":34,"column":10},"end":{"line":34,"column":17}},"type":"cond-expr","locations":[{"start":{"line":34,"column":16},"end":{"line":34,"column":17}},{"start":{"line":34,"column":16},"end":{"line":34,"column":17}}]},"1":{"loc":{"start":{"line":34,"column":10},"end":{"line":34,"column":16}},"type":"binary-expr","locations":[{"start":{"line":34,"column":10},"end":{"line":34,"column":17}},{"start":{"line":34,"column":10},"end":{"line":34,"column":16}}]},"2":{"loc":{"start":{"line":38,"column":11},"end":{"line":38,"column":19}},"type":"cond-expr","locations":[{"start":{"line":38,"column":18},"end":{"line":38,"column":19}},{"start":{"line":38,"column":18},"end":{"line":38,"column":19}}]},"3":{"loc":{"start":{"line":38,"column":11},"end":{"line":38,"column":18}},"type":"binary-expr","locations":[{"start":{"line":38,"column":11},"end":{"line":38,"column":19}},{"start":{"line":38,"column":11},"end":{"line":38,"column":18}}]},"4":{"loc":{"start":{"line":41,"column":13},"end":{"line":41,"column":18}},"type":"cond-expr","locations":[{"start":{"line":41,"column":17},"end":{"line":41,"column":18}},{"start":{"line":41,"column":17},"end":{"line":41,"column":18}}]},"5":{"loc":{"start":{"line":41,"column":13},"end":{"line":41,"column":17}},"type":"binary-expr","locations":[{"start":{"line":41,"column":13},"end":{"line":41,"column":18}},{"start":{"line":41,"column":13},"end":{"line":41,"column":17}}]},"6":{"loc":{"start":{"line":44,"column":13},"end":{"line":44,"column":18}},"type":"cond-expr","locations":[{"start":{"line":44,"column":17},"end":{"line":44,"column":18}},{"start":{"line":44,"column":17},"end":{"line":44,"column":18}}]},"7":{"loc":{"start":{"line":44,"column":13},"end":{"line":44,"column":17}},"type":"binary-expr","locations":[{"start":{"line":44,"column":13},"end":{"line":44,"column":18}},{"start":{"line":44,"column":13},"end":{"line":44,"column":17}}]}},"s":{"0":11,"1":11,"2":11,"3":11,"4":11,"5":11,"6":11,"7":11,"8":11,"9":11,"10":11,"11":0,"12":0,"13":11,"14":0,"15":0,"16":11,"17":11,"18":11},"f":{"0":0,"1":0,"2":0,"3":0},"b":{"0":[7,4],"1":[11,7],"2":[7,4],"3":[11,7],"4":[11,0],"5":[11,11],"6":[11,0],"7":[11,11]}}
,"D:\\universidad\\Software III\\piedrazul\\ReservaCitasMedicas\\backend\\src\\domain\\entities\\config.entity.ts": {"path":"D:\\universidad\\Software III\\piedrazul\\ReservaCitasMedicas\\backend\\src\\domain\\entities\\config.entity.ts","statementMap":{"0":{"start":{"line":1,"column":0},"end":{"line":1,"column":null}},"1":{"start":{"line":9,"column":7},"end":{"line":24,"column":null}},"2":{"start":{"line":9,"column":13},"end":{"line":9,"column":19}},"3":{"start":{"line":11,"column":2},"end":{"line":11,"column":null}},"4":{"start":{"line":14,"column":2},"end":{"line":14,"column":null}},"5":{"start":{"line":17,"column":2},"end":{"line":17,"column":null}},"6":{"start":{"line":20,"column":2},"end":{"line":20,"column":null}},"7":{"start":{"line":23,"column":2},"end":{"line":23,"column":null}},"8":{"start":{"line":9,"column":13},"end":{"line":24,"column":null}}},"fnMap":{},"branchMap":{"0":{"loc":{"start":{"line":23,"column":13},"end":{"line":23,"column":18}},"type":"cond-expr","locations":[{"start":{"line":23,"column":17},"end":{"line":23,"column":18}},{"start":{"line":23,"column":17},"end":{"line":23,"column":18}}]},"1":{"loc":{"start":{"line":23,"column":13},"end":{"line":23,"column":17}},"type":"binary-expr","locations":[{"start":{"line":23,"column":13},"end":{"line":23,"column":18}},{"start":{"line":23,"column":13},"end":{"line":23,"column":17}}]}},"s":{"0":5,"1":5,"2":5,"3":5,"4":5,"5":5,"6":5,"7":5,"8":5},"f":{},"b":{"0":[5,0],"1":[5,5]}}
,"D:\\universidad\\Software III\\piedrazul\\ReservaCitasMedicas\\backend\\src\\domain\\entities\\doctor-exception.entity.ts": {"path":"D:\\universidad\\Software III\\piedrazul\\ReservaCitasMedicas\\backend\\src\\domain\\entities\\doctor-exception.entity.ts","statementMap":{"0":{"start":{"line":1,"column":0},"end":{"line":1,"column":null}},"1":{"start":{"line":9,"column":0},"end":{"line":9,"column":41}},"2":{"start":{"line":12,"column":7},"end":{"line":31,"column":null}},"3":{"start":{"line":12,"column":13},"end":{"line":12,"column":28}},"4":{"start":{"line":14,"column":2},"end":{"line":14,"column":null}},"5":{"start":{"line":17,"column":2},"end":{"line":17,"column":null}},"6":{"start":{"line":20,"column":2},"end":{"line":20,"column":null}},"7":{"start":{"line":23,"column":2},"end":{"line":23,"column":null}},"8":{"start":{"line":26,"column":2},"end":{"line":26,"column":null}},"9":{"start":{"line":30,"column":2},"end":{"line":30,"column":null}},"10":{"start":{"line":28,"column":19},"end":{"line":28,"column":25}},"11":{"start":{"line":12,"column":13},"end":{"line":31,"column":null}}},"fnMap":{"0":{"name":"(anonymous_2)","decl":{"start":{"line":28,"column":13},"end":{"line":28,"column":16}},"loc":{"start":{"line":28,"column":19},"end":{"line":28,"column":25}}}},"branchMap":{"0":{"loc":{"start":{"line":26,"column":13},"end":{"line":26,"column":18}},"type":"cond-expr","locations":[{"start":{"line":26,"column":17},"end":{"line":26,"column":18}},{"start":{"line":26,"column":17},"end":{"line":26,"column":18}}]},"1":{"loc":{"start":{"line":26,"column":13},"end":{"line":26,"column":17}},"type":"binary-expr","locations":[{"start":{"line":26,"column":13},"end":{"line":26,"column":18}},{"start":{"line":26,"column":13},"end":{"line":26,"column":17}}]},"2":{"loc":{"start":{"line":30,"column":10},"end":{"line":30,"column":17}},"type":"cond-expr","locations":[{"start":{"line":30,"column":16},"end":{"line":30,"column":17}},{"start":{"line":30,"column":16},"end":{"line":30,"column":17}}]},"3":{"loc":{"start":{"line":30,"column":10},"end":{"line":30,"column":16}},"type":"binary-expr","locations":[{"start":{"line":30,"column":10},"end":{"line":30,"column":17}},{"start":{"line":30,"column":10},"end":{"line":30,"column":16}}]}},"s":{"0":5,"1":5,"2":5,"3":5,"4":5,"5":5,"6":5,"7":5,"8":5,"9":5,"10":0,"11":5},"f":{"0":0},"b":{"0":[5,0],"1":[5,5],"2":[5,0],"3":[5,5]}}
,"D:\\universidad\\Software III\\piedrazul\\ReservaCitasMedicas\\backend\\src\\domain\\entities\\doctor.entity.ts": {"path":"D:\\universidad\\Software III\\piedrazul\\ReservaCitasMedicas\\backend\\src\\domain\\entities\\doctor.entity.ts","statementMap":{"0":{"start":{"line":1,"column":0},"end":{"line":1,"column":null}},"1":{"start":{"line":9,"column":0},"end":{"line":9,"column":51}},"2":{"start":{"line":12,"column":7},"end":{"line":48,"column":null}},"3":{"start":{"line":12,"column":13},"end":{"line":12,"column":19}},"4":{"start":{"line":14,"column":2},"end":{"line":14,"column":null}},"5":{"start":{"line":17,"column":2},"end":{"line":17,"column":null}},"6":{"start":{"line":20,"column":2},"end":{"line":20,"column":null}},"7":{"start":{"line":23,"column":2},"end":{"line":23,"column":null}},"8":{"start":{"line":26,"column":2},"end":{"line":26,"column":null}},"9":{"start":{"line":29,"column":2},"end":{"line":29,"column":null}},"10":{"start":{"line":32,"column":2},"end":{"line":32,"column":null}},"11":{"start":{"line":35,"column":2},"end":{"line":35,"column":null}},"12":{"start":{"line":38,"column":2},"end":{"line":38,"column":null}},"13":{"start":{"line":41,"column":2},"end":{"line":41,"column":null}},"14":{"start":{"line":44,"column":2},"end":{"line":44,"column":null}},"15":{"start":{"line":47,"column":2},"end":{"line":47,"column":null}},"16":{"start":{"line":46,"column":19},"end":{"line":46,"column":30}},"17":{"start":{"line":46,"column":49},"end":{"line":46,"column":67}},"18":{"start":{"line":12,"column":13},"end":{"line":48,"column":null}}},"fnMap":{"0":{"name":"(anonymous_2)","decl":{"start":{"line":46,"column":13},"end":{"line":46,"column":16}},"loc":{"start":{"line":46,"column":19},"end":{"line":46,"column":30}}},"1":{"name":"(anonymous_3)","decl":{"start":{"line":46,"column":32},"end":{"line":46,"column":33}},"loc":{"start":{"line":46,"column":49},"end":{"line":46,"column":67}}}},"branchMap":{"0":{"loc":{"start":{"line":41,"column":13},"end":{"line":41,"column":18}},"type":"cond-expr","locations":[{"start":{"line":41,"column":17},"end":{"line":41,"column":18}},{"start":{"line":41,"column":17},"end":{"line":41,"column":18}}]},"1":{"loc":{"start":{"line":41,"column":13},"end":{"line":41,"column":17}},"type":"binary-expr","locations":[{"start":{"line":41,"column":13},"end":{"line":41,"column":18}},{"start":{"line":41,"column":13},"end":{"line":41,"column":17}}]},"2":{"loc":{"start":{"line":44,"column":13},"end":{"line":44,"column":18}},"type":"cond-expr","locations":[{"start":{"line":44,"column":17},"end":{"line":44,"column":18}},{"start":{"line":44,"column":17},"end":{"line":44,"column":18}}]},"3":{"loc":{"start":{"line":44,"column":13},"end":{"line":44,"column":17}},"type":"binary-expr","locations":[{"start":{"line":44,"column":13},"end":{"line":44,"column":18}},{"start":{"line":44,"column":13},"end":{"line":44,"column":17}}]}},"s":{"0":11,"1":11,"2":11,"3":11,"4":11,"5":11,"6":11,"7":11,"8":11,"9":11,"10":11,"11":11,"12":11,"13":11,"14":11,"15":11,"16":0,"17":0,"18":11},"f":{"0":0,"1":0},"b":{"0":[11,0],"1":[11,11],"2":[11,0],"3":[11,11]}}
,"D:\\universidad\\Software III\\piedrazul\\ReservaCitasMedicas\\backend\\src\\domain\\entities\\patient.entity.ts": {"path":"D:\\universidad\\Software III\\piedrazul\\ReservaCitasMedicas\\backend\\src\\domain\\entities\\patient.entity.ts","statementMap":{"0":{"start":{"line":1,"column":0},"end":{"line":1,"column":null}},"1":{"start":{"line":9,"column":0},"end":{"line":9,"column":51}},"2":{"start":{"line":12,"column":7},"end":{"line":51,"column":null}},"3":{"start":{"line":12,"column":13},"end":{"line":12,"column":20}},"4":{"start":{"line":14,"column":2},"end":{"line":14,"column":null}},"5":{"start":{"line":17,"column":2},"end":{"line":17,"column":null}},"6":{"start":{"line":20,"column":2},"end":{"line":20,"column":null}},"7":{"start":{"line":23,"column":2},"end":{"line":23,"column":null}},"8":{"start":{"line":26,"column":2},"end":{"line":26,"column":null}},"9":{"start":{"line":29,"column":2},"end":{"line":29,"column":null}},"10":{"start":{"line":32,"column":2},"end":{"line":32,"column":null}},"11":{"start":{"line":35,"column":2},"end":{"line":35,"column":null}},"12":{"start":{"line":38,"column":2},"end":{"line":38,"column":null}},"13":{"start":{"line":41,"column":2},"end":{"line":41,"column":null}},"14":{"start":{"line":44,"column":2},"end":{"line":44,"column":null}},"15":{"start":{"line":47,"column":2},"end":{"line":47,"column":null}},"16":{"start":{"line":50,"column":2},"end":{"line":50,"column":null}},"17":{"start":{"line":49,"column":19},"end":{"line":49,"column":30}},"18":{"start":{"line":49,"column":49},"end":{"line":49,"column":68}},"19":{"start":{"line":12,"column":13},"end":{"line":51,"column":null}}},"fnMap":{"0":{"name":"(anonymous_2)","decl":{"start":{"line":49,"column":13},"end":{"line":49,"column":16}},"loc":{"start":{"line":49,"column":19},"end":{"line":49,"column":30}}},"1":{"name":"(anonymous_3)","decl":{"start":{"line":49,"column":32},"end":{"line":49,"column":33}},"loc":{"start":{"line":49,"column":49},"end":{"line":49,"column":68}}}},"branchMap":{"0":{"loc":{"start":{"line":44,"column":13},"end":{"line":44,"column":18}},"type":"cond-expr","locations":[{"start":{"line":44,"column":17},"end":{"line":44,"column":18}},{"start":{"line":44,"column":17},"end":{"line":44,"column":18}}]},"1":{"loc":{"start":{"line":44,"column":13},"end":{"line":44,"column":17}},"type":"binary-expr","locations":[{"start":{"line":44,"column":13},"end":{"line":44,"column":18}},{"start":{"line":44,"column":13},"end":{"line":44,"column":17}}]},"2":{"loc":{"start":{"line":47,"column":13},"end":{"line":47,"column":18}},"type":"cond-expr","locations":[{"start":{"line":47,"column":17},"end":{"line":47,"column":18}},{"start":{"line":47,"column":17},"end":{"line":47,"column":18}}]},"3":{"loc":{"start":{"line":47,"column":13},"end":{"line":47,"column":17}},"type":"binary-expr","locations":[{"start":{"line":47,"column":13},"end":{"line":47,"column":18}},{"start":{"line":47,"column":13},"end":{"line":47,"column":17}}]}},"s":{"0":11,"1":11,"2":11,"3":11,"4":11,"5":11,"6":11,"7":11,"8":11,"9":11,"10":11,"11":11,"12":11,"13":11,"14":11,"15":11,"16":11,"17":0,"18":0,"19":11},"f":{"0":0,"1":0},"b":{"0":[11,0],"1":[11,11],"2":[11,0],"3":[11,11]}}
[...]
n":4},"end":{"line":130,"column":69}},"22":{"start":{"line":137,"column":4},"end":{"line":137,"column":45}},"23":{"start":{"line":145,"column":4},"end":{"line":145,"column":67}},"24":{"start":{"line":21,"column":13},"end":{"line":21,"column":34}},"25":{"start":{"line":28,"column":8},"end":{"line":30,"column":null}},"26":{"start":{"line":36,"column":8},"end":{"line":49,"column":null}},"27":{"start":{"line":55,"column":8},"end":{"line":60,"column":null}},"28":{"start":{"line":67,"column":8},"end":{"line":78,"column":null}},"29":{"start":{"line":84,"column":8},"end":{"line":86,"column":null}},"30":{"start":{"line":93,"column":8},"end":{"line":98,"column":null}},"31":{"start":{"line":101,"column":8},"end":{"line":105,"column":null}},"32":{"start":{"line":109,"column":8},"end":{"line":120,"column":null}},"33":{"start":{"line":126,"column":8},"end":{"line":131,"column":null}},"34":{"start":{"line":136,"column":8},"end":{"line":138,"column":null}},"35":{"start":{"line":144,"column":8},"end":{"line":146,"column":null}},"36":{"start":{"line":21,"column":13},"end":{"line":147,"column":null}}},"fnMap":{"0":{"name":"(anonymous_4)","decl":{"start":{"line":22,"column":2},"end":{"line":22,"column":31}},"loc":{"start":{"line":22,"column":69},"end":{"line":22,"column":73}}},"1":{"name":"(anonymous_5)","decl":{"start":{"line":28,"column":8},"end":{"line":28,"column":25}},"loc":{"start":{"line":28,"column":25},"end":{"line":30,"column":3}}},"2":{"name":"(anonymous_6)","decl":{"start":{"line":36,"column":8},"end":{"line":36,"column":26}},"loc":{"start":{"line":39,"column":24},"end":{"line":49,"column":3}}},"3":{"name":"(anonymous_7)","decl":{"start":{"line":55,"column":8},"end":{"line":55,"column":23}},"loc":{"start":{"line":57,"column":31},"end":{"line":60,"column":3}}},"4":{"name":"(anonymous_8)","decl":{"start":{"line":67,"column":8},"end":{"line":67,"column":30}},"loc":{"start":{"line":68,"column":68},"end":{"line":78,"column":3}}},"5":{"name":"(anonymous_9)","decl":{"start":{"line":84,"column":8},"end":{"line":84,"column":25}},"loc":{"start":{"line":84,"column":65},"end":{"line":86,"column":3}}},"6":{"name":"(anonymous_10)","decl":{"start":{"line":93,"column":8},"end":{"line":93,"column":32}},"loc":{"start":{"line":95,"column":50},"end":{"line":98,"column":3}}},"7":{"name":"(anonymous_11)","decl":{"start":{"line":101,"column":8},"end":{"line":101,"column":26}},"loc":{"start":{"line":102,"column":42},"end":{"line":105,"column":3}}},"8":{"name":"(anonymous_12)","decl":{"start":{"line":109,"column":8},"end":{"line":109,"column":36}},"loc":{"start":{"line":112,"column":48},"end":{"line":120,"column":3}}},"9":{"name":"(anonymous_13)","decl":{"start":{"line":126,"column":8},"end":{"line":126,"column":25}},"loc":{"start":{"line":128,"column":31},"end":{"line":131,"column":3}}},"10":{"name":"(anonymous_14)","decl":{"start":{"line":136,"column":8},"end":{"line":136,"column":27}},"loc":{"start":{"line":136,"column":27},"end":{"line":138,"column":3}}},"11":{"name":"(anonymous_15)","decl":{"start":{"line":144,"column":8},"end":{"line":144,"column":28}},"loc":{"start":{"line":144,"column":64},"end":{"line":146,"column":3}}}},"branchMap":{"0":{"loc":{"start":{"line":84,"column":45},"end":{"line":84,"column":null}},"type":"cond-expr","locations":[{"start":{"line":84,"column":65},"end":{"line":84,"column":null}},{"start":{"line":84,"column":65},"end":{"line":84,"column":null}}]},"1":{"loc":{"start":{"line":84,"column":45},"end":{"line":84,"column":65}},"type":"binary-expr","locations":[{"start":{"line":84,"column":45},"end":{"line":84,"column":null}},{"start":{"line":84,"column":45},"end":{"line":84,"column":65}}]},"2":{"loc":{"start":{"line":22,"column":51},"end":{"line":22,"column":72}},"type":"cond-expr","locations":[{"start":{"line":22,"column":69},"end":{"line":22,"column":72}},{"start":{"line":22,"column":69},"end":{"line":22,"column":72}}]},"3":{"loc":{"start":{"line":22,"column":51},"end":{"line":22,"column":69}},"type":"binary-expr","locations":[{"start":{"line":22,"column":51},"end":{"line":22,"column":72}},{"start":{"line":22,"column":51},"end":{"line":22,"column":69}}]}},"s":{"0":1,"1":1,"2":1,"3":1,"4":1,"5":12,"6":1,"7":1,"8":1,"9":1,"10":1,"11":1,"12":1,"13":1,"14":1,"15":1,"16":1,"17":1,"18":1,"19":1,"20":1,"21":1,"22":1,"23":1,"24":1,"25":1,"26":1,"27":1,"28":1,"29":1,"30":1,"31":1,"32":1,"33":1,"34":1,"35":1,"36":1},"f":{"0":12,"1":1,"2":1,"3":1,"4":1,"5":1,"6":1,"7":1,"8":1,"9":1,"10":1,"11":1},"b":{"0":[1,0],"1":[1,1],"2":[1,0],"3":[1,1]}}
,"D:\\universidad\\Software III\\piedrazul\\ReservaCitasMedicas\\backend\\src\\presentation\\controllers\\auth.controller.ts": {"path":"D:\\universidad\\Software III\\piedrazul\\ReservaCitasMedicas\\backend\\src\\presentation\\controllers\\auth.controller.ts","statementMap":{"0":{"start":{"line":1,"column":0},"end":{"line":1,"column":68}},"1":{"start":{"line":2,"column":0},"end":{"line":2,"column":70}},"2":{"start":{"line":3,"column":0},"end":{"line":3,"column":50}},"3":{"start":{"line":4,"column":0},"end":{"line":4,"column":44}},"4":{"start":{"line":7,"column":7},"end":{"line":24,"column":null}},"5":{"start":{"line":8,"column":31},"end":{"line":8,"column":44}},"6":{"start":{"line":12,"column":4},"end":{"line":12,"column":42}},"7":{"start":{"line":17,"column":4},"end":{"line":17,"column":39}},"8":{"start":{"line":22,"column":4},"end":{"line":22,"column":59}},"9":{"start":{"line":7,"column":13},"end":{"line":7,"column":27}},"10":{"start":{"line":11,"column":8},"end":{"line":13,"column":null}},"11":{"start":{"line":16,"column":8},"end":{"line":18,"column":null}},"12":{"start":{"line":21,"column":8},"end":{"line":23,"column":null}},"13":{"start":{"line":7,"column":13},"end":{"line":24,"column":null}}},"fnMap":{"0":{"name":"(anonymous_4)","decl":{"start":{"line":8,"column":2},"end":{"line":8,"column":31}},"loc":{"start":{"line":8,"column":55},"end":{"line":8,"column":59}}},"1":{"name":"(anonymous_5)","decl":{"start":{"line":11,"column":8},"end":{"line":11,"column":16}},"loc":{"start":{"line":11,"column":41},"end":{"line":13,"column":3}}},"2":{"name":"(anonymous_6)","decl":{"start":{"line":16,"column":8},"end":{"line":16,"column":13}},"loc":{"start":{"line":16,"column":35},"end":{"line":18,"column":3}}},"3":{"name":"(anonymous_7)","decl":{"start":{"line":21,"column":8},"end":{"line":21,"column":28}},"loc":{"start":{"line":21,"column":64},"end":{"line":23,"column":3}}}},"branchMap":{"0":{"loc":{"start":{"line":11,"column":30},"end":{"line":11,"column":null}},"type":"cond-expr","locations":[{"start":{"line":11,"column":41},"end":{"line":11,"column":null}},{"start":{"line":11,"column":41},"end":{"line":11,"column":null}}]},"1":{"loc":{"start":{"line":11,"column":30},"end":{"line":11,"column":41}},"type":"binary-expr","locations":[{"start":{"line":11,"column":30},"end":{"line":11,"column":null}},{"start":{"line":11,"column":30},"end":{"line":11,"column":41}}]},"2":{"loc":{"start":{"line":16,"column":27},"end":{"line":16,"column":null}},"type":"cond-expr","locations":[{"start":{"line":16,"column":35},"end":{"line":16,"column":null}},{"start":{"line":16,"column":35},"end":{"line":16,"column":null}}]},"3":{"loc":{"start":{"line":16,"column":27},"end":{"line":16,"column":35}},"type":"binary-expr","locations":[{"start":{"line":16,"column":27},"end":{"line":16,"column":null}},{"start":{"line":16,"column":27},"end":{"line":16,"column":35}}]},"4":{"loc":{"start":{"line":8,"column":44},"end":{"line":8,"column":58}},"type":"cond-expr","locations":[{"start":{"line":8,"column":55},"end":{"line":8,"column":58}},{"start":{"line":8,"column":55},"end":{"line":8,"column":58}}]},"5":{"loc":{"start":{"line":8,"column":44},"end":{"line":8,"column":55}},"type":"binary-expr","locations":[{"start":{"line":8,"column":44},"end":{"line":8,"column":58}},{"start":{"line":8,"column":44},"end":{"line":8,"column":55}}]}},"s":{"0":1,"1":1,"2":1,"3":1,"4":1,"5":4,"6":1,"7":1,"8":1,"9":1,"10":1,"11":1,"12":1,"13":1},"f":{"0":4,"1":1,"2":1,"3":1},"b":{"0":[1,0],"1":[1,1],"2":[1,0],"3":[1,1],"4":[1,0],"5":[1,1]}}
,"D:\\universidad\\Software III\\piedrazul\\ReservaCitasMedicas\\backend\\src\\presentation\\controllers\\config.controller.ts": {"path":"D:\\universidad\\Software III\\piedrazul\\ReservaCitasMedicas\\backend\\src\\presentation\\controllers\\config.controller.ts","statementMap":{"0":{"start":{"line":1,"column":0},"end":{"line":1,"column":62}},"1":{"start":{"line":2,"column":0},"end":{"line":2,"column":null}},"2":{"start":{"line":8,"column":7},"end":{"line":22,"column":null}},"3":{"start":{"line":9,"column":31},"end":{"line":9,"column":46}},"4":{"start":{"line":13,"column":4},"end":{"line":13,"column":42}},"5":{"start":{"line":20,"column":4},"end":{"line":20,"column":49}},"6":{"start":{"line":8,"column":13},"end":{"line":8,"column":29}},"7":{"start":{"line":12,"column":8},"end":{"line":14,"column":null}},"8":{"start":{"line":17,"column":8},"end":{"line":21,"column":null}},"9":{"start":{"line":8,"column":13},"end":{"line":22,"column":null}}},"fnMap":{"0":{"name":"(anonymous_4)","decl":{"start":{"line":9,"column":2},"end":{"line":9,"column":31}},"loc":{"start":{"line":9,"column":59},"end":{"line":9,"column":63}}},"1":{"name":"(anonymous_5)","decl":{"start":{"line":12,"column":8},"end":{"line":12,"column":17}},"loc":{"start":{"line":12,"column":17},"end":{"line":14,"column":3}}},"2":{"name":"(anonymous_6)","decl":{"start":{"line":17,"column":8},"end":{"line":17,"column":20}},"loc":{"start":{"line":18,"column":30},"end":{"line":21,"column":3}}}},"branchMap":{"0":{"loc":{"start":{"line":12,"column":21},"end":{"line":12,"column":null}},"type":"cond-expr","locations":[{"start":{"line":12,"column":28},"end":{"line":12,"column":null}},{"start":{"line":12,"column":28},"end":{"line":12,"column":null}}]},"1":{"loc":{"start":{"line":12,"column":21},"end":{"line":12,"column":28}},"type":"binary-expr","locations":[{"start":{"line":12,"column":21},"end":{"line":12,"column":null}},{"start":{"line":12,"column":21},"end":{"line":12,"column":28}}]},"2":{"loc":{"start":{"line":18,"column":18},"end":{"line":18,"column":null}},"type":"cond-expr","locations":[{"start":{"line":18,"column":30},"end":{"line":18,"column":null}},{"start":{"line":18,"column":30},"end":{"line":18,"column":null}}]},"3":{"loc":{"start":{"line":18,"column":18},"end":{"line":18,"column":30}},"type":"binary-expr","locations":[{"start":{"line":18,"column":18},"end":{"line":18,"column":null}},{"start":{"line":18,"column":18},"end":{"line":18,"column":30}}]},"4":{"loc":{"start":{"line":19,"column":5},"end":{"line":19,"column":null}},"type":"cond-expr","locations":[{"start":{"line":19,"column":12},"end":{"line":19,"column":null}},{"start":{"line":19,"column":12},"end":{"line":19,"column":null}}]},"5":{"loc":{"start":{"line":19,"column":5},"end":{"line":19,"column":12}},"type":"binary-expr","locations":[{"start":{"line":19,"column":5},"end":{"line":19,"column":null}},{"start":{"line":19,"column":5},"end":{"line":19,"column":12}}]},"6":{"loc":{"start":{"line":9,"column":46},"end":{"line":9,"column":62}},"type":"cond-expr","locations":[{"start":{"line":9,"column":59},"end":{"line":9,"column":62}},{"start":{"line":9,"column":59},"end":{"line":9,"column":62}}]},"7":{"loc":{"start":{"line":9,"column":46},"end":{"line":9,"column":59}},"type":"binary-expr","locations":[{"start":{"line":9,"column":46},"end":{"line":9,"column":62}},{"start":{"line":9,"column":46},"end":{"line":9,"column":59}}]}},"s":{"0":1,"1":1,"2":1,"3":2,"4":1,"5":1,"6":1,"7":1,"8":1,"9":1},"f":{"0":2,"1":1,"2":1},"b":{"0":[1,0],"1":[1,1],"2":[1,0],"3":[1,1],"4":[1,0],"5":[1,1],"6":[1,0],"7":[1,1]}}
,"D:\\universidad\\Software III\\piedrazul\\ReservaCitasMedicas\\backend\\src\\presentation\\controllers\\doctor.controller.ts": {"path":"D:\\universidad\\Software III\\piedrazul\\ReservaCitasMedicas\\backend\\src\\presentation\\controllers\\doctor.controller.ts","statementMap":{"0":{"start":{"line":1,"column":0},"end":{"line":1,"column":null}},"1":{"start":{"line":13,"column":0},"end":{"line":13,"column":74}},"2":{"start":{"line":16,"column":7},"end":{"line":65,"column":null}},"3":{"start":{"line":17,"column":31},"end":{"line":17,"column":46}},"4":{"start":{"line":21,"column":4},"end":{"line":21,"column":40}},"5":{"start":{"line":26,"column":4},"end":{"line":26,"column":42}},"6":{"start":{"line":31,"column":4},"end":{"line":31,"column":43}},"7":{"start":{"line":39,"column":4},"end":{"line":39,"column":47}},"8":{"start":{"line":44,"column":4},"end":{"line":44,"column":41}},"9":{"start":{"line":53,"column":4},"end":{"line":53,"column":70}},"10":{"start":{"line":58,"column":4},"end":{"line":58,"column":48}},"11":{"start":{"line":63,"column":4},"end":{"line":63,"column":50}},"12":{"start":{"line":16,"column":13},"end":{"line":16,"column":29}},"13":{"start":{"line":20,"column":8},"end":{"line":22,"column":null}},"14":{"start":{"line":25,"column":8},"end":{"line":27,"column":null}},"15":{"start":{"line":30,"column":8},"end":{"line":32,"column":null}},"16":{"start":{"line":35,"column":8},"end":{"line":40,"column":null}},"17":{"start":{"line":43,"column":8},"end":{"line":45,"column":null}},"18":{"start":{"line":49,"column":8},"end":{"line":54,"column":null}},"19":{"start":{"line":57,"column":8},"end":{"line":59,"column":null}},"20":{"start":{"line":62,"column":8},"end":{"line":64,"column":null}},"21":{"start":{"line":16,"column":13},"end":{"line":65,"column":null}}},"fnMap":{"0":{"name":"(anonymous_4)","decl":{"start":{"line":17,"column":2},"end":{"line":17,"column":31}},"loc":{"start":{"line":17,"column":59},"end":{"line":17,"column":63}}},"1":{"name":"(anonymous_5)","decl":{"start":{"line":20,"column":8},"end":{"line":20,"column":18}},"loc":{"start":{"line":20,"column":18},"end":{"line":22,"column":3}}},"2":{"name":"(anonymous_6)","decl":{"start":{"line":25,"column":8},"end":{"line":25,"column":17}},"loc":{"start":{"line":25,"column":56},"end":{"line":27,"column":3}}},"3":{"name":"(anonymous_7)","decl":{"start":{"line":30,"column":8},"end":{"line":30,"column":20}},"loc":{"start":{"line":30,"column":50},"end":{"line":32,"column":3}}},"4":{"name":"(anonymous_8)","decl":{"start":{"line":35,"column":8},"end":{"line":35,"column":20}},"loc":{"start":{"line":37,"column":33},"end":{"line":40,"column":3}}},"5":{"name":"(anonymous_9)","decl":{"start":{"line":43,"column":8},"end":{"line":43,"column":20}},"loc":{"start":{"line":43,"column":59},"end":{"line":45,"column":3}}},"6":{"name":"(anonymous_10)","decl":{"start":{"line":49,"column":8},"end":{"line":49,"column":20}},"loc":{"start":{"line":51,"column":42},"end":{"line":54,"column":3}}},"7":{"name":"(anonymous_11)","decl":{"start":{"line":57,"column":8},"end":{"line":57,"column":21}},"loc":{"start":{"line":57,"column":60},"end":{"line":59,"column":3}}},"8":{"name":"(anonymous_12)","decl":{"start":{"line":62,"column":8},"end":{"line":62,"column":23}},"loc":{"start":{"line":62,"column":71},"end":{"line":64,"column":3}}}},"branchMap":{"0":{"loc":{"start":{"line":30,"column":35},"end":{"line":30,"column":50}},"type":"cond-expr","locations":[{"start":{"line":30,"column":42},"end":{"line":30,"column":50}},{"start":{"line":30,"column":42},"end":{"line":30,"column":50}}]},"1":{"loc":{"start":{"line":30,"column":35},"end":{"line":30,"column":42}},"type":"binary-expr","locations":[{"start":{"line":30,"column":35},"end":{"line":30,"column":50}},{"start":{"line":30,"column":35},"end":{"line":30,"column":42}}]},"2":{"loc":{"start":{"line":37,"column":18},"end":{"line":37,"column":33}},"type":"cond-expr","locations":[{"start":{"line":37,"column":25},"end":{"line":37,"column":33}},{"start":{"line":37,"column":25},"end":{"line":37,"column":33}}]},"3":{"loc":{"start":{"line":37,"column":18},"end":{"line":37,"column":25}},"type":"binary-expr","locations":[{"start":{"line":37,"column":18},"end":{"line":37,"column":33}},{"start":{"line":37,"column":18},"end":{"line":37,"column":25}}]},"4":{"loc":{"start":{"line":51,"column":18},"end":{"line":51,"column":42}},"type":"cond-expr","locations":[{"start":{"line":51,"column":25},"end":{"line":51,"column":42}},{"start":{"line":51,"column":25},"end":{"line":51,"column":42}}]},"5":{"loc":{"start":{"line":51,"column":18},"end":{"line":51,"column":25}},"type":"binary-expr","locations":[{"start":{"line":51,"column":18},"end":{"line":51,"column":42}},{"start":{"line":51,"column":18},"end":{"line":51,"column":25}}]},"6":{"loc":{"start":{"line":17,"column":46},"end":{"line":17,"column":62}},"type":"cond-expr","locations":[{"start":{"line":17,"column":59},"end":{"line":17,"column":62}},{"start":{"line":17,"column":59},"end":{"line":17,"column":62}}]},"7":{"loc":{"start":{"line":17,"column":46},"end":{"line":17,"column":59}},"type":"binary-expr","locations":[{"start":{"line":17,"column":46},"end":{"line":17,"column":62}},{"start":{"line":17,"column":46},"end":{"line":17,"column":59}}]}},"s":{"0":1,"1":1,"2":1,"3":9,"4":1,"5":1,"6":1,"7":1,"8":1,"9":1,"10":1,"11":1,"12":1,"13":1,"14":1,"15":1,"16":1,"17":1,"18":1,"19":1,"20":1,"21":1},"f":{"0":9,"1":1,"2":1,"3":1,"4":1,"5":1,"6":1,"7":1,"8":1},"b":{"0":[0,1],"1":[1,0],"2":[0,1],"3":[1,0],"4":[0,1],"5":[1,0],"6":[1,0],"7":[1,1]}}
,"D:\\universidad\\Software III\\piedrazul\\ReservaCitasMedicas\\backend\\src\\presentation\\dto\\create-appointment.dto.ts": {"path":"D:\\universidad\\Software III\\piedrazul\\ReservaCitasMedicas\\backend\\src\\presentation\\dto\\create-appointment.dto.ts","statementMap":{"0":{"start":{"line":1,"column":0},"end":{"line":1,"column":null}},"1":{"start":{"line":10,"column":0},"end":{"line":10,"column":13}},"2":{"start":{"line":13,"column":2},"end":{"line":13,"column":null}},"3":{"start":{"line":17,"column":2},"end":{"line":17,"column":null}},"4":{"start":{"line":21,"column":2},"end":{"line":21,"column":null}},"5":{"start":{"line":25,"column":2},"end":{"line":25,"column":null}},"6":{"start":{"line":29,"column":2},"end":{"line":29,"column":null}},"7":{"start":{"line":33,"column":2},"end":{"line":33,"column":null}},"8":{"start":{"line":37,"column":2},"end":{"line":37,"column":null}},"9":{"start":{"line":41,"column":2},"end":{"line":41,"column":null}},"10":{"start":{"line":45,"column":2},"end":{"line":45,"column":null}},"11":{"start":{"line":49,"column":2},"end":{"line":49,"column":null}}},"fnMap":{},"branchMap":{},"s":{"0":1,"1":1,"2":1,"3":1,"4":1,"5":1,"6":1,"7":1,"8":1,"9":1,"10":1,"11":1},"f":{},"b":{}}
,"D:\\universidad\\Software III\\piedrazul\\ReservaCitasMedicas\\backend\\src\\presentation\\dto\\login.dto.ts": {"path":"D:\\universidad\\Software III\\piedrazul\\ReservaCitasMedicas\\backend\\src\\presentation\\dto\\login.dto.ts","statementMap":{"0":{"start":{"line":1,"column":0},"end":{"line":1,"column":55}},"1":{"start":{"line":3,"column":0},"end":{"line":3,"column":13}},"2":{"start":{"line":6,"column":2},"end":{"line":6,"column":17}},"3":{"start":{"line":10,"column":2},"end":{"line":10,"column":null}}},"fnMap":{},"branchMap":{},"s":{"0":1,"1":1,"2":1,"3":1},"f":{},"b":{}}
,"D:\\universidad\\Software III\\piedrazul\\ReservaCitasMedicas\\backend\\src\\presentation\\dto\\register.dto.ts": {"path":"D:\\universidad\\Software III\\piedrazul\\ReservaCitasMedicas\\backend\\src\\presentation\\dto\\register.dto.ts","statementMap":{"0":{"start":{"line":1,"column":0},"end":{"line":1,"column":null}},"1":{"start":{"line":9,"column":0},"end":{"line":9,"column":13}},"2":{"start":{"line":12,"column":2},"end":{"line":12,"column":null}},"3":{"start":{"line":16,"column":2},"end":{"line":16,"column":null}},"4":{"start":{"line":20,"column":2},"end":{"line":20,"column":null}},"5":{"start":{"line":24,"column":2},"end":{"line":24,"column":null}},"6":{"start":{"line":28,"column":2},"end":{"line":28,"column":null}},"7":{"start":{"line":31,"column":2},"end":{"line":31,"column":null}},"8":{"start":{"line":35,"column":2},"end":{"line":35,"column":null}},"9":{"start":{"line":39,"column":2},"end":{"line":39,"column":null}}},"fnMap":{},"branchMap":{},"s":{"0":1,"1":1,"2":1,"3":1,"4":1,"5":1,"6":1,"7":1,"8":1,"9":1},"f":{},"b":{}}
}
