TN:
SF:src\app.controller.ts
FN:6,(anonymous_2)
FN:9,(anonymous_3)
FNF:2
FNH:2
FNDA:1,(anonymous_2)
FNDA:1,(anonymous_3)
DA:1,1
DA:2,1
DA:5,1
DA:6,1
DA:9,1
DA:10,1
LF:6
LH:6
BRDA:6,0,0,1
BRDA:6,0,1,0
BRDA:6,1,0,1
BRDA:6,1,1,1
BRF:4
BRH:3
end_of_record
TN:
SF:src\app.module.ts
FN:52,(anonymous_1)
FNF:1
FNH:0
FNDA:0,(anonymous_1)
DA:1,0
DA:2,0
DA:3,0
DA:4,0
DA:5,0
DA:6,0
DA:7,0
DA:8,0
DA:9,0
DA:10,0
DA:11,0
DA:12,0
DA:13,0
DA:14,0
DA:15,0
DA:16,0
DA:17,0
DA:18,0
DA:19,0
DA:20,0
DA:21,0
DA:22,0
DA:23,0
DA:24,0
DA:25,0
DA:26,0
DA:27,0
DA:28,0
DA:29,0
DA:30,0
DA:31,0
DA:32,0
DA:33,0
DA:34,0
DA:35,0
DA:36,0
DA:37,0
DA:38,0
DA:39,0
DA:40,0
DA:41,0
DA:52,0
DA:118,0
LF:43
LH:0
BRF:0
BRH:0
end_of_record
TN:
SF:src\app.service.ts
FN:5,(anonymous_1)
FNF:1
FNH:1
FNDA:1,(anonymous_1)
DA:1,1
DA:4,1
DA:6,1
LF:3
LH:3
BRF:0
BRH:0
end_of_record
TN:
SF:src\auth.module.ts
FN:28,(anonymous_1)
FNF:1
FNH:0
FNDA:0,(anonymous_1)
DA:1,0
DA:2,0
DA:3,0
DA:4,0
DA:5,0
DA:6,0
DA:7,0
DA:8,0
DA:9,0
DA:10,0
DA:11,0
DA:12,0
DA:13,0
DA:14,0
DA:15,0
DA:16,0
DA:17,0
DA:18,0
DA:19,0
DA:28,0
DA:46,0
LF:21
LH:0
BRF:0
BRH:0
end_of_record
TN:
SF:src\data-source.ts
FNF:0
FNH:0
DA:1,0
DA:2,0
DA:3,0
DA:5,0
DA:6,0
DA:7,0
DA:8,0
DA:9,0
DA:10,0
DA:11,0
DA:13,0
LF:11
LH:0
BRDA:15,0,0,0
BRDA:15,0,1,0
BRDA:16,1,0,0
BRDA:16,1,1,0
BRDA:17,2,0,0
BRDA:17,2,1,0
BRDA:18,3,0,0
BRDA:18,3,1,0
BRDA:19,4,0,0
BRDA:19,4,1,0
BRF:10
BRH:0
end_of_record
TN:
SF:src\main.ts
FN:7,bootstrap
FN:14,(anonymous_1)
FNF:2
FNH:0
FNDA:0,bootstrap
FNDA:0,(anonymous_1)
DA:1,0
DA:2,0
DA:3,0
DA:4,0
DA:8,0
DA:11,0
DA:14,0
DA:15,0
DA:19,0
DA:23,0
DA:26,0
DA:34,0
DA:36,0
LF:13
LH:0
BRDA:34,0,0,0
BRDA:34,0,1,0
BRF:2
BRH:0
end_of_record
TN:
SF:src\application\abstractions\icsv-exporter.interface.ts
FNF:0
FNH:0
DA:1,3
LF:1
LH:1
BRF:0
BRH:0
end_of_record
TN:
SF:src\application\abstractions\ihttp-client.interface.ts
FNF:0
FNH:0
DA:1,6
LF:1
LH:1
BRF:0
BRH:0
end_of_record
TN:
SF:src\application\abstractions\ipassword-hasher.interface.ts
FNF:0
FNH:0
DA:1,4
LF:1
LH:1
BRF:0
BRH:0
end_of_record
TN:
SF:src\application\ports\appointment-history.repository.ts
FNF:0
FNH:0
DA:4,2
LF:1
LH:1
BRF:0
BRH:0
end_of_record
TN:
SF:src\application\ports\appointment.repository.ts
FNF:0
FNH:0
DA:5,8
LF:1
LH:1
BRF:0
BRH:0
end_of_record
TN:
SF:src\application\ports\doctor-exception.repository.ts
FNF:0
FNH:0
DA:4,5
LF:1
LH:1
BRF:0
BRH:0
end_of_record
TN:
SF:src\application\ports\doctor.repository.ts
FNF:0
FNH:0
DA:4,7
LF:1
LH:1
BRF:0
BRH:0
end_of_record
TN:
SF:src\application\ports\patient.repository.ts
FNF:0
FNH:0
DA:4,8
LF:1
LH:1
BRF:0
BRH:0
end_of_record
TN:
SF:src\application\services\appointment-job.service.ts
FN:10,(anonymous_4)
FN:16,(anonymous_5)
FN:41,(anonymous_6)
FNF:3
FNH:3
FNDA:3,(anonymous_4)
FNDA:1,(anonymous_5)
FNDA:2,(anonymous_6)
DA:1,1
DA:2,1
DA:3,1
DA:4,1
DA:5,1
DA:6,1
DA:9,1
DA:12,3
DA:13,3
DA:17,1
DA:18,1
DA:19,1
DA:20,1
DA:21,1
DA:22,1
DA:23,1
DA:24,1
DA:26,1
DA:41,1
DA:42,2
DA:43,2
DA:44,2
DA:45,2
DA:46,2
DA:47,2
DA:49,2
DA:57,2
DA:58,2
LF:28
LH:28
BRDA:12,0,0,1
BRDA:12,0,1,0
BRDA:12,1,0,1
BRDA:12,1,1,1
BRDA:12,2,0,1
BRDA:12,2,1,0
BRDA:12,3,0,1
BRDA:12,3,1,1
BRF:8
BRH:6
end_of_record
TN:
SF:src\application\services\appointment.service.ts
FN:22,(anonymous_4)
FN:35,(anonymous_5)
FN:62,(anonymous_6)
FN:91,(anonymous_7)
FN:180,(anonymous_8)
FN:197,(anonymous_9)
FN:251,(anonymous_10)
FN:282,(anonymous_11)
FN:320,(anonymous_12)
FN:407,(anonymous_13)
FN:416,(anonymous_14)
FN:420,(anonymous_15)
FN:424,(anonymous_16)
FN:431,(anonymous_17)
FN:448,(anonymous_18)
FN:491,(anonymous_19)
FNF:16
FNH:13
FNDA:26,(anonymous_4)
FNDA:5,(anonymous_5)
FNDA:2,(anonymous_6)
FNDA:3,(anonymous_7)
FNDA:1,(anonymous_8)
FNDA:4,(anonymous_9)
FNDA:3,(anonymous_10)
FNDA:0,(anonymous_11)
FNDA:3,(anonymous_12)
FNDA:1,(anonymous_13)
FNDA:1,(anonymous_14)
FNDA:2,(anonymous_15)
FNDA:0,(anonymous_16)
FNDA:0,(anonymous_17)
FNDA:6,(anonymous_18)
FNDA:1,(anonymous_19)
DA:1,2
DA:12,2
DA:13,2
DA:14,2
DA:15,2
DA:16,2
DA:17,2
DA:18,2
DA:21,2
DA:24,26
DA:26,26
DA:27,26
DA:28,26
DA:29,26
DA:30,26
DA:32,26
DA:47,5
DA:59,5
DA:68,2
DA:71,2
DA:72,1
DA:75,2
DA:88,2
DA:92,3
DA:95,3
DA:96,1
DA:101,2
DA:105,2
DA:109,2
DA:115,2
DA:123,2
DA:131,2
DA:132,2
DA:134,0
DA:135,0
DA:137,0
DA:143,0
DA:146,0
DA:150,0
DA:154,0
DA:157,2
DA:167,2
DA:177,2
DA:181,1
DA:185,1
DA:186,1
DA:189,1
DA:194,1
DA:202,4
DA:207,4
DA:208,1
DA:212,3
DA:213,3
DA:214,1
DA:219,2
DA:220,1
DA:225,1
DA:226,1
DA:227,1
DA:229,1
DA:239,1
DA:248,1
DA:252,3
DA:256,3
DA:257,1
DA:260,2
DA:261,1
DA:266,1
DA:267,1
DA:268,1
DA:270,1
DA:279,1
DA:287,0
DA:291,0
DA:292,0
DA:295,0
DA:296,0
DA:301,0
DA:302,0
DA:303,0
DA:304,0
DA:306,0
DA:308,0
DA:317,0
DA:328,3
DA:333,3
DA:334,1
DA:339,2
DA:342,2
DA:343,1
DA:348,1
DA:349,1
DA:351,1
DA:352,0
DA:353,0
DA:354,0
DA:356,0
DA:357,0
DA:358,0
DA:361,1
DA:368,1
DA:369,1
DA:374,1
DA:375,1
DA:376,1
DA:378,1
DA:379,1
DA:381,1
DA:391,1
DA:404,1
DA:408,1
DA:417,1
DA:421,2
DA:425,0
DA:431,0
DA:456,6
DA:464,6
DA:465,0
DA:469,6
DA:470,2
DA:474,6
DA:475,2
DA:477,6
DA:478,2
DA:480,6
DA:481,2
DA:487,6
DA:489,6
DA:491,1
LF:129
LH:101
BRDA:50,0,0,5
BRDA:50,0,1,5
BRDA:51,1,0,5
BRDA:51,1,1,5
BRDA:52,2,0,5
BRDA:52,2,1,3
BRDA:53,3,0,5
BRDA:53,3,1,4
BRDA:54,4,0,5
BRDA:54,4,1,3
BRDA:55,5,0,5
BRDA:55,5,1,3
BRDA:65,6,0,2
BRDA:66,7,0,2
BRDA:71,8,0,1
BRDA:71,8,1,1
BRDA:71,9,0,2
BRDA:71,9,1,1
BRDA:95,10,0,1
BRDA:95,10,1,2
BRDA:135,11,0,0
BRDA:135,11,1,0
BRDA:143,12,0,0
BRDA:143,12,1,0
BRDA:161,13,0,2
BRDA:161,13,1,2
BRDA:173,14,0,2
BRDA:173,14,1,0
BRDA:185,15,0,1
BRDA:185,15,1,0
BRDA:207,16,0,1
BRDA:207,16,1,3
BRDA:212,17,0,3
BRDA:212,17,1,0
BRDA:213,18,0,1
BRDA:213,18,1,2
BRDA:213,19,0,3
BRDA:213,19,1,3
BRDA:219,20,0,1
BRDA:219,20,1,1
BRDA:233,21,0,1
BRDA:233,21,1,1
BRDA:245,22,0,0
BRDA:245,22,1,1
BRDA:245,23,0,0
BRDA:245,23,1,0
BRDA:256,24,0,1
BRDA:256,24,1,2
BRDA:260,25,0,1
BRDA:260,25,1,1
BRDA:291,26,0,0
BRDA:291,26,1,0
BRDA:295,27,0,0
BRDA:295,27,1,0
BRDA:333,28,0,1
BRDA:333,28,1,2
BRDA:339,29,0,2
BRDA:339,29,1,1
BRDA:342,30,0,1
BRDA:342,30,1,1
BRDA:351,31,0,0
BRDA:351,31,1,1
BRDA:351,32,0,1
BRDA:351,32,1,0
BRDA:353,33,0,0
BRDA:353,33,1,0
BRDA:385,34,0,1
BRDA:385,34,1,1
BRDA:401,35,0,1
BRDA:401,35,1,0
BRDA:407,36,0,1
BRDA:407,37,0,1
BRDA:462,38,0,6
BRDA:462,38,1,0
BRDA:464,39,0,0
BRDA:464,39,1,6
BRDA:469,40,0,2
BRDA:469,40,1,4
BRDA:474,41,0,2
BRDA:474,41,1,4
BRDA:477,42,0,2
BRDA:477,42,1,4
BRDA:480,43,0,2
BRDA:480,43,1,4
BRDA:508,44,0,1
BRDA:508,44,1,0
BRDA:24,45,0,2
BRDA:24,45,1,0
BRDA:24,46,0,2
BRDA:24,46,1,2
BRDA:24,47,0,2
BRDA:24,47,1,0
BRDA:24,48,0,2
BRDA:24,48,1,2
BRDA:26,49,0,2
BRDA:26,49,1,0
BRDA:26,50,0,2
BRDA:26,50,1,2
BRDA:27,51,0,2
BRDA:27,51,1,0
BRDA:27,52,0,2
BRDA:27,52,1,2
BRDA:28,53,0,2
BRDA:28,53,1,0
BRDA:28,54,0,2
BRDA:28,54,1,2
BRDA:29,55,0,2
BRDA:29,55,1,0
BRDA:29,56,0,2
BRDA:29,56,1,2
BRDA:30,57,0,2
BRDA:30,57,1,0
BRDA:30,58,0,2
BRDA:30,58,1,2
BRF:114
BRH:85
end_of_record
TN:
SF:src\application\services\auth.service.ts
FN:22,(anonymous_4)
FN:34,(anonymous_5)
FN:80,(anonymous_6)
FN:105,(anonymous_7)
FN:140,(anonymous_8)
FN:236,(anonymous_9)
FN:364,(anonymous_10)
FN:386,(anonymous_11)
FN:391,(anonymous_12)
FNF:9
FNH:5
FNDA:9,(anonymous_4)
FNDA:2,(anonymous_5)
FNDA:0,(anonymous_6)
FNDA:0,(anonymous_7)
FNDA:5,(anonymous_8)
FNDA:2,(anonymous_9)
FNDA:2,(anonymous_10)
FNDA:0,(anonymous_11)
FNDA:0,(anonymous_12)
DA:1,3
DA:8,3
DA:9,3
DA:10,3
DA:13,3
DA:14,3
DA:15,3
DA:16,3
DA:18,3
DA:21,3
DA:24,9
DA:26,9
DA:28,9
DA:29,9
DA:30,9
DA:31,9
DA:36,2
DA:39,2
DA:40,1
DA:44,1
DA:45,1
DA:48,1
DA:49,0
DA:55,1
DA:56,1
DA:61,1
DA:63,1
DA:64,1
DA:72,0
DA:78,1
DA:82,0
DA:86,0
DA:87,0
DA:90,0
DA:91,0
DA:94,0
DA:95,0
DA:97,0
DA:102,0
DA:110,0
DA:119,0
DA:120,0
DA:123,0
DA:127,0
DA:128,0
DA:131,0
DA:132,0
DA:133,0
DA:135,0
DA:137,0
DA:146,5
DA:148,5
DA:150,5
DA:151,5
DA:155,4
DA:156,4
DA:158,4
DA:161,4
DA:163,4
DA:164,4
DA:166,4
DA:171,4
DA:172,2
DA:173,2
DA:174,2
DA:177,2
DA:186,2
DA:187,2
DA:191,2
DA:194,2
DA:197,2
DA:198,1
DA:199,1
DA:200,1
DA:203,1
DA:211,1
DA:215,4
DA:216,1
DA:221,3
DA:228,2
DA:232,2
DA:242,2
DA:245,2
DA:246,2
DA:249,2
DA:262,2
DA:264,2
DA:265,0
DA:269,0
DA:271,0
DA:272,0
DA:280,0
DA:286,0
DA:287,0
DA:289,0
DA:299,2
DA:300,2
DA:324,2
DA:326,2
DA:327,1
DA:330,2
DA:331,1
DA:335,1
DA:336,1
DA:345,1
DA:351,1
DA:360,1
DA:361,1
DA:365,2
DA:379,2
DA:380,1
DA:383,1
DA:387,0
DA:388,0
DA:392,0
DA:394,0
DA:397,0
DA:399,0
DA:402,0
LF:119
LH:82
BRDA:39,0,0,1
BRDA:39,0,1,1
BRDA:44,1,0,1
BRDA:44,1,1,0
BRDA:48,2,0,0
BRDA:48,2,1,1
BRDA:74,3,0,0
BRDA:74,3,1,0
BRDA:86,4,0,0
BRDA:86,4,1,0
BRDA:90,5,0,0
BRDA:90,5,1,0
BRDA:119,6,0,0
BRDA:119,6,1,0
BRDA:127,7,0,0
BRDA:127,7,1,0
BRDA:158,8,0,4
BRDA:158,8,1,0
BRDA:158,9,0,4
BRDA:158,9,1,4
BRDA:171,10,0,2
BRDA:171,10,1,2
BRDA:172,11,0,2
BRDA:172,11,1,0
BRDA:172,12,0,2
BRDA:172,12,1,2
BRDA:186,13,0,2
BRDA:186,13,1,0
BRDA:197,14,0,1
BRDA:197,14,1,1
BRDA:198,15,0,1
BRDA:198,15,1,0
BRDA:198,16,0,1
BRDA:198,16,1,1
BRDA:215,17,0,1
BRDA:215,17,1,3
BRDA:230,18,0,2
BRDA:230,18,1,0
BRDA:262,19,0,0
BRDA:262,19,1,2
BRDA:264,20,0,0
BRDA:264,20,1,2
BRDA:264,21,0,2
BRDA:264,21,1,0
BRDA:271,22,0,0
BRDA:271,22,1,0
BRDA:300,23,0,0
BRDA:300,23,1,2
BRDA:324,24,0,1
BRDA:324,24,1,1
BRDA:326,25,0,1
BRDA:326,25,1,1
BRDA:330,26,0,1
BRDA:330,26,1,1
BRDA:330,27,0,2
BRDA:330,27,1,1
BRDA:335,28,0,1
BRDA:335,28,1,0
BRDA:379,29,0,1
BRDA:379,29,1,1
BRDA:397,30,0,0
BRDA:397,30,1,0
BRDA:24,31,0,3
BRDA:24,31,1,0
BRDA:24,32,0,3
BRDA:24,32,1,3
BRDA:24,33,0,3
BRDA:24,33,1,0
BRDA:24,34,0,3
BRDA:24,34,1,3
BRDA:26,35,0,3
BRDA:26,35,1,0
BRDA:26,36,0,3
BRDA:26,36,1,3
BRDA:28,37,0,3
BRDA:28,37,1,0
BRDA:28,38,0,3
BRDA:28,38,1,3
BRDA:29,39,0,3
BRDA:29,39,1,0
BRDA:29,40,0,3
BRDA:29,40,1,3
BRDA:30,41,0,3
BRDA:30,41,1,0
BRDA:30,42,0,3
BRDA:30,42,1,3
BRF:86
BRH:54
end_of_record
TN:
SF:src\application\services\availability.service.ts
FN:15,(anonymous_4)
FN:25,(anonymous_5)
FN:47,(anonymous_6)
FN:90,(anonymous_7)
FN:115,(anonymous_8)
FN:127,(anonymous_9)
FN:151,(anonymous_10)
FNF:7
FNH:7
FNDA:14,(anonymous_4)
FNDA:5,(anonymous_5)
FNDA:1,(anonymous_6)
FNDA:2,(anonymous_7)
FNDA:2,(anonymous_8)
FNDA:5,(anonymous_9)
FNDA:2,(anonymous_10)
DA:1,3
DA:7,3
DA:8,3
DA:9,3
DA:10,3
DA:11,3
DA:14,3
DA:17,14
DA:19,14
DA:21,14
DA:22,14
DA:26,5
DA:27,5
DA:28,1
DA:31,4
DA:35,4
DA:36,1
DA:39,3
DA:40,1
DA:43,2
DA:47,2
DA:48,1
DA:51,2
DA:52,2
DA:53,2
DA:55,2
DA:56,2
DA:57,2
DA:58,2
DA:59,2
DA:61,2
DA:62,4
DA:64,4
DA:65,4
DA:66,4
DA:67,4
DA:68,4
DA:71,4
DA:76,4
DA:82,3
DA:84,4
DA:87,2
DA:91,2
DA:92,2
DA:93,2
DA:95,2
DA:96,2
DA:98,2
DA:100,2
DA:101,1
DA:106,1
DA:107,1
DA:108,1
DA:109,0
DA:116,2
DA:120,2
DA:121,1
DA:133,5
DA:134,1
DA:141,1
DA:143,4
DA:148,4
DA:157,2
DA:163,2
DA:164,1
LF:65
LH:64
BRDA:27,0,0,1
BRDA:27,0,1,4
BRDA:35,1,0,1
BRDA:35,1,1,3
BRDA:39,2,0,1
BRDA:39,2,1,2
BRDA:71,3,0,4
BRDA:71,3,1,0
BRDA:71,3,2,0
BRDA:71,3,3,0
BRDA:76,4,0,3
BRDA:76,4,1,1
BRDA:77,5,0,4
BRDA:77,5,1,3
BRDA:77,5,2,3
BRDA:77,5,3,3
BRDA:100,6,0,1
BRDA:100,6,1,1
BRDA:108,7,0,0
BRDA:108,7,1,1
BRDA:120,8,0,1
BRDA:120,8,1,1
BRDA:122,9,0,1
BRDA:122,9,1,0
BRDA:133,10,0,1
BRDA:133,10,1,4
BRDA:141,11,0,1
BRDA:141,11,1,1
BRDA:163,12,0,1
BRDA:163,12,1,1
BRDA:17,13,0,3
BRDA:17,13,1,0
BRDA:17,14,0,3
BRDA:17,14,1,3
BRDA:17,15,0,3
BRDA:17,15,1,0
BRDA:17,16,0,3
BRDA:17,16,1,3
BRDA:19,17,0,3
BRDA:19,17,1,0
BRDA:19,18,0,3
BRDA:19,18,1,3
BRDA:21,19,0,3
BRDA:21,19,1,0
BRDA:21,20,0,3
BRDA:21,20,1,3
BRF:46
BRH:37
end_of_record
TN:
SF:src\application\services\config.service.ts
FN:14,(anonymous_4)
FN:19,(anonymous_5)
FN:31,(anonymous_6)
FN:40,(anonymous_7)
FNF:4
FNH:4
FNDA:5,(anonymous_4)
FNDA:2,(anonymous_5)
FNDA:2,(anonymous_6)
FNDA:1,(anonymous_7)
DA:1,5
DA:2,5
DA:3,5
DA:4,5
DA:7,5
DA:13,5
DA:16,5
DA:20,2
DA:23,2
DA:24,1
DA:32,2
DA:35,2
DA:41,1
DA:44,1
DA:45,1
DA:46,1
DA:47,1
DA:48,1
DA:50,1
LF:19
LH:19
BRDA:23,0,0,1
BRDA:23,0,1,1
BRDA:35,1,0,2
BRDA:35,1,1,0
BRDA:44,2,0,1
BRDA:44,2,1,0
BRDA:16,3,0,5
BRDA:16,3,1,0
BRDA:16,4,0,5
BRDA:16,4,1,5
BRF:10
BRH:7
end_of_record
TN:
SF:src\application\services\doctor-exception.service.ts
FN:8,(anonymous_4)
FN:15,(anonymous_5)
FN:21,(anonymous_6)
FN:33,(anonymous_7)
FNF:4
FNH:4
FNDA:4,(anonymous_4)
FNDA:1,(anonymous_5)
FNDA:1,(anonymous_6)
FNDA:1,(anonymous_7)
DA:1,2
DA:3,2
DA:4,2
DA:7,2
DA:10,4
DA:12,4
DA:16,1
DA:22,1
DA:25,1
DA:26,0
DA:29,1
DA:30,1
DA:34,1
DA:35,1
DA:36,0
DA:38,1
LF:16
LH:14
BRDA:25,0,0,0
BRDA:25,0,1,1
BRDA:35,1,0,0
BRDA:35,1,1,1
BRDA:10,2,0,2
BRDA:10,2,1,0
BRDA:10,3,0,2
BRDA:10,3,1,2
BRDA:10,4,0,2
BRDA:10,4,1,0
BRDA:10,5,0,2
BRDA:10,5,1,2
BRF:12
BRH:8
end_of_record
TN:
SF:src\application\services\doctor.service.ts
FN:24,(anonymous_13)
FN:34,(anonymous_14)
FN:38,(anonymous_15)
FN:46,(anonymous_16)
FN:114,(anonymous_17)
FN:146,(anonymous_18)
FN:164,(anonymous_19)
FNF:7
FNH:6
FNDA:8,(anonymous_13)
FNDA:1,(anonymous_14)
FNDA:2,(anonymous_15)
FNDA:1,(anonymous_16)
FNDA:1,(anonymous_17)
FNDA:2,(anonymous_18)
FNDA:0,(anonymous_19)
DA:1,2
DA:10,2
DA:11,2
DA:14,2
DA:15,2
DA:16,2
DA:17,2
DA:18,2
DA:21,2
DA:22,8
DA:26,8
DA:28,8
DA:30,8
DA:31,8
DA:35,1
DA:39,2
DA:40,2
DA:41,1
DA:43,1
DA:47,1
DA:48,0
DA:51,1
DA:54,1
DA:55,0
DA:58,1
DA:61,1
DA:62,0
DA:67,1
DA:70,1
DA:71,0
DA:74,1
DA:75,1
DA:76,1
DA:78,1
DA:87,1
DA:90,1
DA:91,1
DA:98,1
DA:100,0
DA:105,1
DA:111,1
DA:115,1
DA:116,1
DA:117,0
DA:119,1
DA:121,0
DA:124,0
DA:125,0
DA:128,0
DA:131,0
DA:132,0
DA:138,1
DA:139,1
DA:140,1
DA:141,0
DA:143,1
DA:147,2
DA:148,2
DA:149,0
DA:152,2
DA:155,2
DA:156,1
DA:161,1
DA:165,0
DA:167,0
DA:168,0
DA:171,0
DA:172,0
DA:175,0
DA:176,0
DA:178,0
DA:183,0
LF:72
LH:49
BRDA:40,0,0,1
BRDA:40,0,1,1
BRDA:47,1,0,0
BRDA:47,1,1,1
BRDA:54,2,0,0
BRDA:54,2,1,1
BRDA:61,3,0,0
BRDA:61,3,1,1
BRDA:70,4,0,0
BRDA:70,4,1,1
BRDA:82,5,0,1
BRDA:82,5,1,0
BRDA:94,6,0,1
BRDA:94,6,1,0
BRDA:101,7,0,0
BRDA:101,7,1,0
BRDA:116,8,0,0
BRDA:116,8,1,1
BRDA:119,9,0,0
BRDA:119,9,1,1
BRDA:119,10,0,1
BRDA:119,10,1,0
BRDA:124,11,0,0
BRDA:124,11,1,0
BRDA:131,12,0,0
BRDA:131,12,1,0
BRDA:140,13,0,0
BRDA:140,13,1,1
BRDA:148,14,0,0
BRDA:148,14,1,2
BRDA:155,15,0,1
BRDA:155,15,1,1
BRDA:167,16,0,0
BRDA:167,16,1,0
BRDA:171,17,0,0
BRDA:171,17,1,0
BRDA:26,18,0,2
BRDA:26,18,1,0
BRDA:26,19,0,2
BRDA:26,19,1,2
BRDA:26,20,0,2
BRDA:26,20,1,0
BRDA:26,21,0,2
BRDA:26,21,1,2
BRDA:28,22,0,2
BRDA:28,22,1,0
BRDA:28,23,0,2
BRDA:28,23,1,2
BRDA:30,24,0,2
BRDA:30,24,1,0
BRDA:30,25,0,2
BRDA:30,25,1,2
BRF:52
BRH:27
end_of_record
TN:
SF:src\application\services\export.service.ts
FN:7,(anonymous_4)
FN:13,(anonymous_5)
FN:30,(anonymous_6)
FNF:3
FNH:3
FNDA:2,(anonymous_4)
FNDA:2,(anonymous_5)
FNDA:2,(anonymous_6)
DA:1,2
DA:2,2
DA:3,2
DA:6,2
DA:9,2
DA:10,2
DA:17,2
DA:26,2
DA:27,1
DA:30,2
DA:38,1
LF:11
LH:11
BRDA:26,0,0,1
BRDA:26,0,1,1
BRDA:9,1,0,2
BRDA:9,1,1,0
BRDA:9,2,0,2
BRDA:9,2,1,2
BRDA:9,3,0,2
BRDA:9,3,1,0
BRDA:9,4,0,2
BRDA:9,4,1,2
BRF:10
BRH:8
end_of_record
TN:
SF:src\application\services\notification.service.ts
FN:7,(anonymous_4)
FN:12,(anonymous_5)
FNF:2
FNH:2
FNDA:2,(anonymous_4)
FNDA:2,(anonymous_5)
DA:1,4
DA:2,4
DA:3,4
DA:6,4
DA:9,2
DA:13,2
DA:14,2
DA:16,1
LF:8
LH:8
BRDA:9,0,0,4
BRDA:9,0,1,0
BRDA:9,1,0,4
BRDA:9,1,1,4
BRF:4
BRH:3
end_of_record
TN:
SF:src\application\services\patient.service.ts
FN:7,(anonymous_4)
FN:12,(anonymous_5)
FN:20,(anonymous_6)
FN:50,(anonymous_7)
FN:58,(anonymous_8)
FN:69,(anonymous_9)
FNF:6
FNH:5
FNDA:10,(anonymous_4)
FNDA:2,(anonymous_5)
FNDA:2,(anonymous_6)
FNDA:5,(anonymous_7)
FNDA:3,(anonymous_8)
FNDA:0,(anonymous_9)
DA:1,4
DA:3,4
DA:6,4
DA:9,10
DA:13,2
DA:14,2
DA:15,1
DA:17,1
DA:27,2
DA:30,2
DA:31,1
DA:32,1
DA:33,1
DA:34,1
DA:36,0
DA:37,0
DA:38,0
DA:41,0
DA:43,0
DA:47,2
DA:51,5
DA:52,5
DA:53,2
DA:55,3
DA:62,3
DA:63,2
DA:64,2
DA:65,1
DA:66,2
DA:70,0
LF:30
LH:24
BRDA:14,0,0,1
BRDA:14,0,1,1
BRDA:30,1,0,1
BRDA:30,1,1,1
BRDA:32,2,0,1
BRDA:32,2,1,0
BRDA:37,3,0,0
BRDA:37,3,1,0
BRDA:41,4,0,0
BRDA:41,4,1,0
BRDA:52,5,0,2
BRDA:52,5,1,3
BRDA:63,6,0,2
BRDA:63,6,1,0
BRDA:64,7,0,1
BRDA:64,7,1,1
BRDA:9,8,0,4
BRDA:9,8,1,0
BRDA:9,9,0,4
BRDA:9,9,1,4
BRF:20
BRH:13
end_of_record
TN:
SF:src\application\services\stats.service.ts
FN:8,(anonymous_4)
FN:15,(anonymous_5)
FN:27,(anonymous_6)
FN:31,(anonymous_7)
FN:42,(anonymous_8)
FN:47,(anonymous_9)
FNF:6
FNH:6
FNDA:3,(anonymous_4)
FNDA:3,(anonymous_5)
FNDA:5,(anonymous_6)
FNDA:7,(anonymous_7)
FNDA:5,(anonymous_8)
FNDA:2,(anonymous_9)
DA:1,2
DA:2,2
DA:3,2
DA:4,2
DA:7,2
DA:10,3
DA:12,3
DA:16,3
DA:19,3
DA:21,3
DA:22,3
DA:23,3
DA:24,3
DA:26,3
DA:27,3
DA:28,5
DA:31,3
DA:32,7
DA:33,2
DA:34,1
DA:36,7
DA:37,7
DA:41,3
DA:42,5
DA:47,2
DA:49,3
LF:26
LH:26
BRDA:32,0,0,5
BRDA:32,0,1,2
BRDA:33,1,0,1
BRDA:33,1,1,1
BRDA:34,2,0,1
BRDA:34,2,1,0
BRDA:36,3,0,7
BRDA:36,3,1,0
BRDA:36,4,0,7
BRDA:36,4,1,7
BRDA:45,5,0,4
BRDA:45,5,1,1
BRDA:10,6,0,2
BRDA:10,6,1,0
BRDA:10,7,0,2
BRDA:10,7,1,2
BRDA:10,8,0,2
BRDA:10,8,1,0
BRDA:10,9,0,2
BRDA:10,9,1,2
BRF:20
BRH:16
end_of_record
TN:
SF:src\application\utils\time.utils.ts
FN:1,timeToMinutes
FN:6,minutesToTime
FNF:2
FNH:1
FNDA:0,timeToMinutes
FNDA:4,minutesToTime
DA:1,3
DA:2,0
DA:3,0
DA:6,3
DA:7,4
DA:8,4
DA:9,4
LF:7
LH:5
BRF:0
BRH:0
end_of_record
TN:
SF:src\domain\entities\appointment-history.entity.ts
FN:24,(anonymous_2)
FNF:1
FNH:0
FNDA:0,(anonymous_2)
DA:1,0
DA:11,0
DA:20,0
DA:22,0
DA:24,0
DA:26,0
DA:29,0
DA:32,0
DA:35,0
DA:38,0
DA:41,0
DA:44,0
DA:47,0
DA:50,0
DA:53,0
DA:56,0
DA:59,0
LF:17
LH:0
BRDA:26,0,0,0
BRDA:26,0,1,0
BRDA:26,1,0,0
BRDA:26,1,1,0
BRDA:59,2,0,0
BRDA:59,2,1,0
BRDA:59,3,0,0
BRDA:59,3,1,0
BRF:8
BRH:0
end_of_record
TN:
SF:src\domain\entities\appointment.entity.ts
FN:58,(anonymous_2)
FN:62,(anonymous_3)
FN:66,(anonymous_4)
FN:70,(anonymous_5)
FN:74,(anonymous_6)
FN:78,(anonymous_7)
FN:82,(anonymous_8)
FN:88,(anonymous_9)
FN:94,(anonymous_10)
FN:100,(anonymous_11)
FN:104,(anonymous_12)
FN:108,(anonymous_13)
FN:112,(anonymous_14)
FN:116,(anonymous_15)
FN:38,(anonymous_16)
FN:38,(anonymous_17)
FN:42,(anonymous_18)
FN:42,(anonymous_19)
FNF:18
FNH:0
FNDA:0,(anonymous_2)
FNDA:0,(anonymous_3)
FNDA:0,(anonymous_4)
FNDA:0,(anonymous_5)
FNDA:0,(anonymous_6)
FNDA:0,(anonymous_7)
FNDA:0,(anonymous_8)
FNDA:0,(anonymous_9)
FNDA:0,(anonymous_10)
FNDA:0,(anonymous_11)
FNDA:0,(anonymous_12)
FNDA:0,(anonymous_13)
FNDA:0,(anonymous_14)
FNDA:0,(anonymous_15)
FNDA:0,(anonymous_16)
FNDA:0,(anonymous_17)
FNDA:0,(anonymous_18)
FNDA:0,(anonymous_19)
DA:1,9
DA:12,9
DA:13,9
DA:14,9
DA:22,9
DA:24,9
DA:27,9
DA:30,9
DA:33,9
DA:36,9
DA:38,0
DA:40,9
DA:42,0
DA:44,9
DA:47,9
DA:50,9
DA:53,9
DA:56,9
DA:59,0
DA:63,0
DA:67,0
DA:71,0
DA:75,0
DA:79,0
DA:83,0
DA:84,0
DA:85,0
DA:89,0
DA:90,0
DA:91,0
DA:95,0
DA:101,0
DA:105,0
DA:109,0
DA:113,0
DA:117,0
DA:118,0
DA:119,0
LF:38
LH:16
BRDA:71,0,0,0
BRDA:71,0,1,0
BRDA:71,0,2,0
BRDA:79,1,0,0
BRDA:79,1,1,0
BRDA:96,2,0,0
BRDA:96,2,1,0
BRDA:33,3,0,0
BRDA:33,3,1,9
BRDA:33,4,0,9
BRDA:33,4,1,9
BRDA:40,5,0,4
BRDA:40,5,1,5
BRDA:40,6,0,9
BRDA:40,6,1,4
BRDA:44,7,0,7
BRDA:44,7,1,2
BRDA:44,8,0,9
BRDA:44,8,1,7
BRDA:53,9,0,9
BRDA:53,9,1,0
BRDA:53,10,0,9
BRDA:53,10,1,9
BRDA:56,11,0,9
BRDA:56,11,1,0
BRDA:56,12,0,9
BRDA:56,12,1,9
BRF:27
BRH:17
end_of_record
TN:
SF:src\domain\entities\config.entity.ts
FNF:0
FNH:0
DA:1,6
DA:13,6
DA:15,6
DA:18,6
DA:22,6
DA:25,6
DA:28,6
LF:7
LH:7
BRDA:28,0,0,6
BRDA:28,0,1,0
BRDA:28,1,0,6
BRDA:28,1,1,6
BRF:4
BRH:3
end_of_record
TN:
SF:src\domain\entities\doctor-exception.entity.ts
FN:31,(anonymous_2)
FN:27,(anonymous_3)
FNF:2
FNH:0
FNDA:0,(anonymous_2)
FNDA:0,(anonymous_3)
DA:1,1
DA:10,1
DA:14,1
DA:16,1
DA:19,1
DA:22,1
DA:25,1
DA:27,0
DA:29,1
DA:32,0
LF:10
LH:8
BRDA:25,0,0,1
BRDA:25,0,1,0
BRDA:25,1,0,1
BRDA:25,1,1,1
BRDA:29,2,0,1
BRDA:29,2,1,0
BRDA:29,3,0,1
BRDA:29,3,1,1
BRF:8
BRH:6
end_of_record
TN:
SF:src\domain\entities\doctor.entity.ts
FN:70,(anonymous_2)
FN:74,(anonymous_3)
FN:82,(anonymous_4)
FN:86,(anonymous_5)
FN:90,(anonymous_6)
FN:94,(anonymous_7)
FN:98,(anonymous_8)
FN:102,(anonymous_9)
FN:38,(anonymous_10)
FN:67,(anonymous_11)
FN:67,(anonymous_12)
FNF:11
FNH:0
FNDA:0,(anonymous_2)
FNDA:0,(anonymous_3)
FNDA:0,(anonymous_4)
FNDA:0,(anonymous_5)
FNDA:0,(anonymous_6)
FNDA:0,(anonymous_7)
FNDA:0,(anonymous_8)
FNDA:0,(anonymous_9)
FNDA:0,(anonymous_10)
FNDA:0,(anonymous_11)
FNDA:0,(anonymous_12)
DA:1,9
DA:13,9
DA:14,9
DA:19,9
DA:21,9
DA:24,9
DA:27,9
DA:30,9
DA:33,9
DA:36,9
DA:38,0
DA:40,9
DA:43,9
DA:46,9
DA:49,9
DA:52,9
DA:55,9
DA:59,9
DA:62,9
DA:65,9
DA:67,0
DA:68,9
DA:71,0
DA:75,0
DA:76,0
DA:77,0
DA:78,0
DA:79,0
DA:83,0
DA:87,0
DA:91,0
DA:95,0
DA:99,0
DA:103,0
DA:104,0
LF:35
LH:20
BRDA:71,0,0,0
BRDA:71,0,1,0
BRDA:78,1,0,0
BRDA:78,1,1,0
BRDA:83,2,0,0
BRDA:83,2,1,0
BRDA:95,3,0,0
BRDA:95,3,1,0
BRDA:99,4,0,0
BRDA:99,4,1,0
BRDA:40,5,0,9
BRDA:40,5,1,0
BRDA:40,6,0,9
BRDA:40,6,1,9
BRDA:62,7,0,9
BRDA:62,7,1,0
BRDA:62,8,0,9
BRDA:62,8,1,9
BRDA:65,9,0,9
BRDA:65,9,1,0
BRDA:65,10,0,9
BRDA:65,10,1,9
BRF:22
BRH:9
end_of_record
TN:
SF:src\domain\entities\patient.entity.ts
FN:62,(anonymous_2)
FN:62,(anonymous_3)
FNF:2
FNH:0
FNDA:0,(anonymous_2)
FNDA:0,(anonymous_3)
DA:1,9
DA:10,9
DA:19,9
DA:21,9
DA:24,9
DA:27,9
DA:30,9
DA:33,9
DA:36,9
DA:39,9
DA:42,9
DA:45,9
DA:48,9
DA:51,9
DA:54,9
DA:57,9
DA:60,9
DA:62,0
DA:63,9
LF:19
LH:18
BRDA:57,0,0,9
BRDA:57,0,1,0
BRDA:57,1,0,9
BRDA:57,1,1,9
BRDA:60,2,0,9
BRDA:60,2,1,0
BRDA:60,3,0,9
BRDA:60,3,1,9
BRF:8
BRH:6
end_of_record
TN:
SF:src\domain\entities\user.entity.ts
FN:10,(anonymous_2)
FNF:1
FNH:1
FNDA:12,(anonymous_2)
DA:1,12
DA:10,12
DA:11,12
DA:12,12
DA:13,12
DA:21,12
DA:23,12
DA:26,12
DA:29,12
DA:32,12
DA:35,12
DA:38,12
DA:41,12
DA:44,12
DA:47,12
DA:50,12
LF:16
LH:16
BRDA:10,0,0,12
BRDA:10,0,1,12
BRDA:47,1,0,12
BRDA:47,1,1,0
BRDA:47,2,0,12
BRDA:47,2,1,12
BRDA:50,3,0,12
BRDA:50,3,1,0
BRDA:50,4,0,12
BRDA:50,4,1,12
BRF:10
BRH:8
end_of_record
TN:
SF:src\domain\types\appointment-status.enum.ts
FN:1,(anonymous_0)
FNF:1
FNH:1
FNDA:11,(anonymous_0)
DA:1,11
DA:2,11
DA:3,11
DA:4,11
DA:5,11
LF:5
LH:5
BRDA:1,0,0,11
BRDA:1,0,1,11
BRF:2
BRH:2
end_of_record
TN:
SF:src\domain\types\global-config.type.ts
FNF:0
FNH:0
DA:1,0
LF:1
LH:0
BRF:0
BRH:0
end_of_record
TN:
SF:src\infrastructure\auth\axios-http-client.ts
FN:7,(anonymous_2)
FN:17,(anonymous_3)
FNF:2
FNH:2
FNDA:2,(anonymous_2)
FNDA:2,(anonymous_3)
DA:1,1
DA:2,1
DA:3,1
DA:6,1
DA:12,2
DA:13,2
DA:14,2
DA:21,2
DA:22,2
DA:23,2
LF:10
LH:10
BRDA:12,0,0,1
BRDA:12,0,1,1
BRDA:21,1,0,1
BRDA:21,1,1,1
BRF:4
BRH:4
end_of_record
TN:
SF:src\infrastructure\auth\bcrypt-password-hasher.ts
FN:9,(anonymous_10)
FN:13,(anonymous_11)
FNF:2
FNH:2
FNDA:1,(anonymous_10)
FNDA:2,(anonymous_11)
DA:1,1
DA:2,1
DA:3,1
DA:6,1
DA:7,3
DA:10,1
DA:14,2
LF:7
LH:7
BRF:0
BRH:0
end_of_record
TN:
SF:src\infrastructure\auth\jwt-auth.guard.ts
FNF:0
FNH:0
DA:1,5
DA:2,5
DA:5,5
LF:3
LH:3
BRF:0
BRH:0
end_of_record
TN:
SF:src\infrastructure\auth\jwt.strategy.ts
FN:16,(anonymous_4)
FN:33,(anonymous_5)
FN:63,(anonymous_6)
FNF:3
FNH:1
FNDA:0,(anonymous_4)
FNDA:0,(anonymous_5)
FNDA:5,(anonymous_6)
DA:1,1
DA:2,1
DA:3,1
DA:4,1
DA:5,1
DA:6,1
DA:8,1
DA:11,1
DA:12,1
DA:15,1
DA:18,0
DA:20,0
DA:23,0
DA:30,0
DA:38,0
DA:39,0
DA:40,0
DA:41,0
DA:42,0
DA:46,0
DA:47,0
DA:57,0
DA:64,5
DA:65,1
DA:68,4
DA:69,4
DA:72,4
DA:74,4
DA:78,4
DA:79,1
DA:80,1
DA:82,3
DA:86,3
DA:87,1
DA:88,1
DA:92,4
DA:94,4
LF:37
LH:25
BRDA:38,0,0,0
BRDA:38,0,1,0
BRDA:40,1,0,0
BRDA:40,1,1,0
BRDA:46,2,0,0
BRDA:46,2,1,0
BRDA:49,3,0,0
BRDA:49,3,1,0
BRDA:64,4,0,1
BRDA:64,4,1,4
BRDA:78,5,0,1
BRDA:78,5,1,3
BRDA:86,6,0,1
BRDA:86,6,1,2
BRDA:92,7,0,4
BRDA:92,7,1,1
BRDA:92,8,0,0
BRDA:92,8,1,1
BRDA:99,9,0,4
BRDA:99,9,1,0
BRDA:99,10,0,0
BRDA:99,10,1,0
BRDA:18,11,0,1
BRDA:18,11,1,0
BRDA:18,12,0,1
BRDA:18,12,1,1
BRDA:18,13,0,1
BRDA:18,13,1,0
BRDA:18,14,0,1
BRDA:18,14,1,1
BRDA:20,15,0,1
BRDA:20,15,1,0
BRDA:20,16,0,1
BRDA:20,16,1,1
BRF:34
BRH:19
end_of_record
TN:
SF:src\infrastructure\auth\keycloak-config.ts
FN:11,(anonymous_2)
FN:19,(anonymous_3)
FN:23,(anonymous_4)
FN:27,(anonymous_5)
FN:31,(anonymous_6)
FNF:5
FNH:0
FNDA:0,(anonymous_2)
FNDA:0,(anonymous_3)
FNDA:0,(anonymous_4)
FNDA:0,(anonymous_5)
FNDA:0,(anonymous_6)
DA:1,6
DA:4,6
DA:12,0
DA:13,0
DA:14,0
DA:15,0
DA:16,0
DA:20,0
DA:24,0
DA:28,0
DA:32,0
LF:11
LH:2
BRDA:12,0,0,0
BRDA:12,0,1,0
BRDA:13,1,0,0
BRDA:13,1,1,0
BRDA:14,2,0,0
BRDA:14,2,1,0
BRDA:15,3,0,0
BRDA:15,3,1,0
BRDA:16,4,0,0
BRDA:16,4,1,0
BRF:10
BRH:0
end_of_record
TN:
SF:src\infrastructure\auth\keycloak.service.ts
FN:10,(anonymous_2)
FN:15,(anonymous_3)
FN:33,(anonymous_4)
FN:63,(anonymous_5)
FNF:4
FNH:4
FNDA:2,(anonymous_2)
FNDA:1,(anonymous_3)
FNDA:1,(anonymous_4)
FNDA:1,(anonymous_5)
DA:1,5
DA:2,5
DA:3,5
DA:7,5
DA:8,2
DA:11,2
DA:12,2
DA:19,1
DA:20,1
DA:21,1
DA:22,1
DA:23,1
DA:25,1
DA:30,1
DA:40,1
DA:42,1
DA:60,1
DA:64,1
DA:65,1
DA:66,1
DA:67,1
DA:68,1
DA:70,1
DA:75,1
LF:24
LH:24
BRDA:11,0,0,5
BRDA:11,0,1,0
BRDA:11,1,0,5
BRDA:11,1,1,5
BRDA:11,2,0,5
BRDA:11,2,1,0
BRDA:11,3,0,5
BRDA:11,3,1,5
BRF:8
BRH:6
end_of_record
TN:
SF:src\infrastructure\export\json2csv-exporter.ts
FN:7,(anonymous_1)
FNF:1
FNH:1
FNDA:3,(anonymous_1)
DA:1,1
DA:2,1
DA:3,1
DA:6,1
DA:11,3
DA:12,3
LF:6
LH:6
BRDA:9,0,0,2
BRF:1
BRH:1
end_of_record
TN:
SF:src\infrastructure\filters\all-exceptions.filter.ts
FN:14,(anonymous_1)
FNF:1
FNH:1
FNDA:4,(anonymous_1)
DA:1,1
DA:11,1
DA:12,4
DA:15,4
DA:16,4
DA:18,4
DA:19,4
DA:21,4
DA:22,3
DA:23,3
DA:24,3
DA:28,1
DA:29,1
DA:32,4
LF:14
LH:14
BRDA:21,0,0,3
BRDA:21,0,1,1
BRDA:25,1,0,2
BRDA:25,1,1,1
BRDA:27,2,0,1
BRDA:27,2,1,0
BRDA:28,3,0,1
BRDA:28,3,1,0
BRDA:34,4,0,1
BRDA:34,4,1,3
BRF:10
BRH:8
end_of_record
TN:
SF:src\infrastructure\messaging\notifications-client.module.ts
FN:14,(anonymous_1)
FNF:1
FNH:1
FNDA:1,(anonymous_1)
DA:1,5
DA:2,5
DA:3,5
DA:5,5
DA:14,1
DA:34,5
LF:6
LH:6
BRF:0
BRH:0
end_of_record
TN:
SF:src\infrastructure\persistence\typeorm-appointment-history.repository.ts
FN:9,(anonymous_4)
FN:16,(anonymous_5)
FN:20,(anonymous_6)
FN:24,(anonymous_7)
FN:30,(anonymous_8)
FN:36,(anonymous_9)
FNF:6
FNH:0
FNDA:0,(anonymous_4)
FNDA:0,(anonymous_5)
FNDA:0,(anonymous_6)
FNDA:0,(anonymous_7)
FNDA:0,(anonymous_8)
FNDA:0,(anonymous_9)
DA:1,0
DA:2,0
DA:3,0
DA:4,0
DA:5,0
DA:8,0
DA:11,0
DA:13,0
DA:17,0
DA:21,0
DA:27,0
DA:33,0
DA:37,0
LF:13
LH:0
BRDA:11,0,0,0
BRDA:11,0,1,0
BRDA:11,1,0,0
BRDA:11,1,1,0
BRF:4
BRH:0
end_of_record
TN:
SF:src\infrastructure\persistence\typeorm-appointment.repository.ts
FN:14,(anonymous_4)
FN:21,(anonymous_5)
FN:27,(anonymous_6)
FN:31,(anonymous_7)
FN:37,(anonymous_8)
FN:43,(anonymous_9)
FN:47,(anonymous_10)
FN:51,(anonymous_11)
FN:55,(anonymous_12)
FNF:9
FNH:0
FNDA:0,(anonymous_4)
FNDA:0,(anonymous_5)
FNDA:0,(anonymous_6)
FNDA:0,(anonymous_7)
FNDA:0,(anonymous_8)
FNDA:0,(anonymous_9)
FNDA:0,(anonymous_10)
FNDA:0,(anonymous_11)
FNDA:0,(anonymous_12)
DA:1,0
DA:2,0
DA:3,0
DA:9,0
DA:10,0
DA:13,0
DA:16,0
DA:18,0
DA:24,0
DA:28,0
DA:34,0
DA:40,0
DA:44,0
DA:48,0
DA:52,0
DA:56,0
LF:16
LH:0
BRDA:16,0,0,0
BRDA:16,0,1,0
BRDA:16,1,0,0
BRDA:16,1,1,0
BRF:4
BRH:0
end_of_record
TN:
SF:src\infrastructure\persistence\typeorm-doctor-exception.repository.ts
FN:9,(anonymous_4)
FN:16,(anonymous_5)
FN:22,(anonymous_6)
FN:28,(anonymous_7)
FN:32,(anonymous_8)
FN:36,(anonymous_9)
FNF:6
FNH:0
FNDA:0,(anonymous_4)
FNDA:0,(anonymous_5)
FNDA:0,(anonymous_6)
FNDA:0,(anonymous_7)
FNDA:0,(anonymous_8)
FNDA:0,(anonymous_9)
DA:1,0
DA:2,0
DA:3,0
DA:4,0
DA:5,0
DA:8,0
DA:11,0
DA:13,0
DA:19,0
DA:25,0
DA:29,0
DA:33,0
DA:37,0
LF:13
LH:0
BRDA:11,0,0,0
BRDA:11,0,1,0
BRDA:11,1,0,0
BRDA:11,1,1,0
BRF:4
BRH:0
end_of_record
TN:
SF:src\infrastructure\persistence\typeorm-doctor.repository.ts
FN:10,(anonymous_4)
FN:19,(anonymous_5)
FN:24,(anonymous_6)
FN:29,(anonymous_7)
FN:33,(anonymous_8)
FN:37,(anonymous_9)
FN:41,(anonymous_10)
FN:45,(anonymous_11)
FN:49,(anonymous_12)
FNF:9
FNH:0
FNDA:0,(anonymous_4)
FNDA:0,(anonymous_5)
FNDA:0,(anonymous_6)
FNDA:0,(anonymous_7)
FNDA:0,(anonymous_8)
FNDA:0,(anonymous_9)
FNDA:0,(anonymous_10)
FNDA:0,(anonymous_11)
FNDA:0,(anonymous_12)
DA:1,0
DA:2,0
DA:3,0
DA:4,0
DA:5,0
DA:6,0
DA:9,0
DA:12,0
DA:14,0
DA:16,0
DA:20,0
DA:21,0
DA:25,0
DA:26,0
DA:30,0
DA:34,0
DA:38,0
DA:42,0
DA:46,0
DA:50,0
LF:20
LH:0
BRDA:12,0,0,0
BRDA:12,0,1,0
BRDA:12,1,0,0
BRDA:12,1,1,0
BRDA:12,2,0,0
BRDA:12,2,1,0
BRDA:12,3,0,0
BRDA:12,3,1,0
BRF:8
BRH:0
end_of_record
TN:
SF:src\infrastructure\persistence\typeorm-patient.repository.ts
FN:9,(anonymous_4)
FN:16,(anonymous_5)
FN:20,(anonymous_6)
FN:24,(anonymous_7)
FN:28,(anonymous_8)
FN:32,(anonymous_9)
FN:36,(anonymous_10)
FNF:7
FNH:0
FNDA:0,(anonymous_4)
FNDA:0,(anonymous_5)
FNDA:0,(anonymous_6)
FNDA:0,(anonymous_7)
FNDA:0,(anonymous_8)
FNDA:0,(anonymous_9)
FNDA:0,(anonymous_10)
DA:1,0
DA:2,0
DA:3,0
DA:4,0
DA:5,0
DA:8,0
DA:11,0
DA:13,0
DA:17,0
DA:21,0
DA:25,0
DA:29,0
DA:33,0
DA:37,0
DA:38,0
LF:15
LH:0
BRDA:11,0,0,0
BRDA:11,0,1,0
BRDA:11,1,0,0
BRDA:11,1,1,0
BRF:4
BRH:0
end_of_record
TN:
SF:src\migrations\1780259350395-InitialSchema.ts
FN:6,(anonymous_0)
FN:69,(anonymous_1)
FNF:2
FNH:0
FNDA:0,(anonymous_0)
FNDA:0,(anonymous_1)
DA:3,0
DA:4,0
DA:7,0
DA:10,0
DA:13,0
DA:16,0
DA:19,0
DA:22,0
DA:25,0
DA:28,0
DA:31,0
DA:34,0
DA:37,0
DA:40,0
DA:43,0
DA:46,0
DA:49,0
DA:52,0
DA:55,0
DA:58,0
DA:61,0
DA:64,0
DA:70,0
DA:73,0
DA:76,0
DA:79,0
DA:82,0
DA:85,0
DA:88,0
DA:89,0
DA:92,0
DA:93,0
DA:96,0
DA:97,0
DA:100,0
DA:101,0
DA:102,0
DA:105,0
DA:108,0
DA:111,0
DA:114,0
DA:115,0
LF:42
LH:0
BRF:0
BRH:0
end_of_record
TN:
SF:src\presentation\controllers\appointment.controller.ts
FN:32,(anonymous_4)
FN:40,(anonymous_5)
FN:46,(anonymous_6)
FN:62,(anonymous_7)
FN:78,(anonymous_8)
FN:90,(anonymous_9)
FN:97,(anonymous_10)
FN:106,(anonymous_11)
FN:119,(anonymous_12)
FN:125,(anonymous_13)
FN:138,(anonymous_14)
FN:154,(anonymous_15)
FN:160,(anonymous_16)
FN:166,(anonymous_17)
FN:172,(anonymous_18)
FNF:15
FNH:9
FNDA:9,(anonymous_4)
FNDA:1,(anonymous_5)
FNDA:1,(anonymous_6)
FNDA:1,(anonymous_7)
FNDA:1,(anonymous_8)
FNDA:1,(anonymous_9)
FNDA:1,(anonymous_10)
FNDA:0,(anonymous_11)
FNDA:1,(anonymous_12)
FNDA:0,(anonymous_13)
FNDA:0,(anonymous_14)
FNDA:0,(anonymous_15)
FNDA:1,(anonymous_16)
FNDA:0,(anonymous_17)
FNDA:0,(anonymous_18)
DA:1,1
DA:16,1
DA:17,1
DA:18,1
DA:19,1
DA:20,1
DA:21,1
DA:22,1
DA:31,1
DA:33,9
DA:34,9
DA:35,9
DA:36,9
DA:40,1
DA:41,1
DA:46,1
DA:51,1
DA:56,1
DA:57,1
DA:58,1
DA:62,1
DA:68,1
DA:78,1
DA:81,1
DA:85,1
DA:90,1
DA:93,1
DA:97,1
DA:101,1
DA:106,1
DA:110,0
DA:119,1
DA:120,1
DA:125,1
DA:129,0
DA:138,1
DA:143,0
DA:154,1
DA:155,0
DA:160,1
DA:161,1
DA:166,1
DA:167,0
DA:172,1
DA:180,0
LF:45
LH:39
BRDA:71,0,0,0
BRDA:71,0,1,1
BRDA:72,1,0,0
BRDA:72,1,1,1
BRDA:183,2,0,0
BRDA:183,2,1,0
BRDA:91,3,0,1
BRDA:91,3,1,0
BRDA:91,4,0,1
BRDA:91,4,1,1
BRDA:92,5,0,1
BRDA:92,5,1,0
BRDA:92,6,0,1
BRDA:92,6,1,1
BRDA:127,7,0,1
BRDA:127,7,1,0
BRDA:127,8,0,1
BRDA:127,8,1,1
BRDA:33,9,0,1
BRDA:33,9,1,0
BRDA:33,10,0,1
BRDA:33,10,1,1
BRDA:33,11,0,1
BRDA:33,11,1,0
BRDA:33,12,0,1
BRDA:33,12,1,1
BRDA:34,13,0,1
BRDA:34,13,1,0
BRDA:34,14,0,1
BRDA:34,14,1,1
BRDA:35,15,0,1
BRDA:35,15,1,0
BRDA:35,16,0,1
BRDA:35,16,1,1
BRF:34
BRH:23
end_of_record
TN:
SF:src\presentation\controllers\auth.controller.ts
FN:17,(anonymous_4)
FN:20,(anonymous_5)
FN:25,(anonymous_6)
FN:30,(anonymous_7)
FN:36,(anonymous_8)
FN:42,(anonymous_9)
FN:55,(anonymous_10)
FN:60,(anonymous_11)
FNF:8
FNH:4
FNDA:4,(anonymous_4)
FNDA:1,(anonymous_5)
FNDA:1,(anonymous_6)
FNDA:1,(anonymous_7)
FNDA:0,(anonymous_8)
FNDA:0,(anonymous_9)
FNDA:0,(anonymous_10)
FNDA:0,(anonymous_11)
DA:1,1
DA:10,1
DA:11,1
DA:12,1
DA:13,1
DA:16,1
DA:17,4
DA:20,1
DA:21,1
DA:25,1
DA:26,1
DA:30,1
DA:31,1
DA:36,1
DA:37,0
DA:42,1
DA:46,0
DA:55,1
DA:56,0
DA:60,1
DA:61,0
LF:21
LH:17
BRDA:20,0,0,1
BRDA:20,0,1,0
BRDA:20,1,0,1
BRDA:20,1,1,1
BRDA:25,2,0,1
BRDA:25,2,1,0
BRDA:25,3,0,1
BRDA:25,3,1,1
BRDA:17,4,0,1
BRDA:17,4,1,0
BRDA:17,5,0,1
BRDA:17,5,1,1
BRF:12
BRH:9
end_of_record
TN:
SF:src\presentation\controllers\config.controller.ts
FN:9,(anonymous_4)
FN:12,(anonymous_5)
FN:18,(anonymous_6)
FNF:3
FNH:3
FNDA:2,(anonymous_4)
FNDA:1,(anonymous_5)
FNDA:1,(anonymous_6)
DA:1,1
DA:2,1
DA:3,1
DA:5,1
DA:8,1
DA:9,2
DA:12,1
DA:13,1
DA:18,1
DA:21,1
LF:10
LH:10
BRDA:12,0,0,1
BRDA:12,0,1,0
BRDA:12,1,0,1
BRDA:12,1,1,1
BRDA:19,2,0,1
BRDA:19,2,1,0
BRDA:19,3,0,1
BRDA:19,3,1,1
BRDA:20,4,0,1
BRDA:20,4,1,0
BRDA:20,5,0,1
BRDA:20,5,1,1
BRDA:9,6,0,1
BRDA:9,6,1,0
BRDA:9,7,0,1
BRDA:9,7,1,1
BRF:16
BRH:12
end_of_record
TN:
SF:src\presentation\controllers\doctor.controller.ts
FN:23,(anonymous_4)
FN:30,(anonymous_5)
FN:35,(anonymous_6)
FN:41,(anonymous_7)
FN:47,(anonymous_8)
FN:56,(anonymous_9)
FN:62,(anonymous_10)
FN:73,(anonymous_11)
FN:79,(anonymous_12)
FN:85,(anonymous_13)
FNF:10
FNH:9
FNDA:9,(anonymous_4)
FNDA:1,(anonymous_5)
FNDA:1,(anonymous_6)
FNDA:1,(anonymous_7)
FNDA:1,(anonymous_8)
FNDA:1,(anonymous_9)
FNDA:1,(anonymous_10)
FNDA:1,(anonymous_11)
FNDA:0,(anonymous_12)
FNDA:1,(anonymous_13)
DA:1,1
DA:12,1
DA:13,1
DA:14,1
DA:15,1
DA:16,1
DA:18,1
DA:19,1
DA:22,1
DA:24,9
DA:25,9
DA:26,9
DA:30,1
DA:31,1
DA:35,1
DA:36,1
DA:41,1
DA:42,1
DA:47,1
DA:51,1
DA:56,1
DA:57,1
DA:62,1
DA:66,1
DA:73,1
DA:74,1
DA:79,1
DA:80,0
DA:85,1
DA:89,1
LF:30
LH:29
BRDA:41,0,0,1
BRDA:41,0,1,0
BRDA:41,1,0,1
BRDA:41,1,1,1
BRDA:49,2,0,1
BRDA:49,2,1,0
BRDA:49,3,0,1
BRDA:49,3,1,1
BRDA:64,4,0,1
BRDA:64,4,1,0
BRDA:64,5,0,1
BRDA:64,5,1,1
BRDA:24,6,0,1
BRDA:24,6,1,0
BRDA:24,7,0,1
BRDA:24,7,1,1
BRDA:24,8,0,1
BRDA:24,8,1,0
BRDA:24,9,0,1
BRDA:24,9,1,1
BRDA:25,10,0,1
BRDA:25,10,1,0
BRDA:25,11,0,1
BRDA:25,11,1,1
BRF:24
BRH:18
end_of_record
TN:
SF:src\presentation\controllers\patient.controller.ts
FN:21,(anonymous_4)
FN:25,(anonymous_5)
FN:32,(anonymous_6)
FNF:3
FNH:2
FNDA:3,(anonymous_4)
FNDA:0,(anonymous_5)
FNDA:2,(anonymous_6)
DA:1,1
DA:11,1
DA:12,1
DA:20,1
DA:21,3
DA:25,1
DA:26,0
DA:32,1
DA:36,2
LF:9
LH:8
BRDA:21,0,0,1
BRDA:21,0,1,0
BRDA:21,1,0,1
BRDA:21,1,1,1
BRF:4
BRH:3
end_of_record
TN:
SF:src\presentation\dto\appointment-history.dto.ts
FNF:0
FNH:0
DA:1,0
LF:1
LH:0
BRF:0
BRH:0
end_of_record
TN:
SF:src\presentation\dto\complete-appointment.dto.ts
FNF:0
FNH:0
DA:1,1
DA:3,1
DA:6,1
DA:10,1
LF:4
LH:4
BRF:0
BRH:0
end_of_record
TN:
SF:src\presentation\dto\create-appointment.dto.ts
FNF:0
FNH:0
DA:1,1
DA:10,1
DA:13,1
DA:17,1
DA:21,1
DA:25,1
DA:29,1
DA:33,1
DA:37,1
DA:41,1
DA:45,1
DA:49,1
LF:12
LH:12
BRF:0
BRH:0
end_of_record
TN:
SF:src\presentation\dto\create-doctor.dto.ts
FNF:0
FNH:0
DA:1,1
DA:14,1
DA:18,1
DA:22,1
DA:26,1
DA:30,1
DA:37,1
DA:42,1
DA:47,1
DA:52,1
DA:57,1
DA:62,1
LF:12
LH:12
BRF:0
BRH:0
end_of_record
TN:
SF:src\presentation\dto\create-exception.dto.ts
FNF:0
FNH:0
DA:1,1
DA:8,1
DA:11,1
DA:15,1
LF:4
LH:4
BRF:0
BRH:0
end_of_record
TN:
SF:src\presentation\dto\login.dto.ts
FNF:0
FNH:0
DA:1,1
DA:3,1
DA:6,1
DA:10,1
LF:4
LH:4
BRF:0
BRH:0
end_of_record
TN:
SF:src\presentation\dto\register.dto.ts
FNF:0
FNH:0
DA:1,1
DA:9,1
DA:12,1
DA:16,1
DA:20,1
DA:24,1
DA:28,1
DA:31,1
DA:35,1
DA:39,1
LF:10
LH:10
BRF:0
BRH:0
end_of_record
TN:
SF:src\presentation\dto\update-config.dto.ts
FNF:0
FNH:0
DA:1,1
DA:3,1
DA:6,1
DA:10,1
LF:4
LH:4
BRF:0
BRH:0
end_of_record
TN:
SF:src\presentation\dto\update-doctor.dto.ts
FNF:0
FNH:0
DA:1,1
DA:13,1
DA:16,1
DA:19,1
DA:22,1
DA:27,1
DA:31,1
DA:35,1
DA:42,1
DA:47,1
DA:52,1
DA:57,1
DA:62,1
DA:67,1
LF:14
LH:14
BRF:0
BRH:0
end_of_record
