TN:
SF:src\app.controller.ts
FN:6,(anonymous_2)
FN:9,(anonymous_3)
FNF:2
FNH:2
FNDA:1,(anonymous_2)
FNDA:1,(anonymous_3)
DA:1,1
DA:2,1
DA:5,1
DA:6,1
DA:9,1
DA:10,1
LF:6
LH:6
BRDA:6,0,0,1
BRDA:6,0,1,0
BRDA:6,1,0,1
BRDA:6,1,1,1
BRF:4
BRH:3
end_of_record
TN:
SF:src\app.module.ts
FN:48,(anonymous_1)
FNF:1
FNH:0
FNDA:0,(anonymous_1)
DA:1,0
DA:2,0
DA:3,0
DA:4,0
DA:5,0
DA:6,0
DA:7,0
DA:8,0
DA:9,0
DA:10,0
DA:11,0
DA:12,0
DA:13,0
DA:14,0
DA:15,0
DA:16,0
DA:17,0
DA:18,0
DA:19,0
DA:20,0
DA:21,0
DA:22,0
DA:23,0
DA:24,0
DA:25,0
DA:26,0
DA:27,0
DA:28,0
DA:29,0
DA:30,0
DA:31,0
DA:32,0
DA:33,0
DA:34,0
DA:35,0
DA:36,0
DA:37,0
DA:48,0
DA:98,0
LF:39
LH:0
BRF:0
BRH:0
end_of_record
TN:
SF:src\app.service.ts
FN:5,(anonymous_1)
FNF:1
FNH:1
FNDA:1,(anonymous_1)
DA:1,1
DA:4,1
DA:6,1
LF:3
LH:3
BRF:0
BRH:0
end_of_record
TN:
SF:src\auth.module.ts
FN:27,(anonymous_1)
FNF:1
FNH:0
FNDA:0,(anonymous_1)
DA:1,0
DA:2,0
DA:3,0
DA:4,0
DA:5,0
DA:6,0
DA:7,0
DA:8,0
DA:9,0
DA:10,0
DA:11,0
DA:12,0
DA:13,0
DA:14,0
DA:15,0
DA:16,0
DA:17,0
DA:18,0
DA:27,0
DA:45,0
LF:20
LH:0
BRF:0
BRH:0
end_of_record
TN:
SF:src\data-source.ts
FNF:0
FNH:0
DA:1,0
DA:2,0
DA:3,0
DA:5,0
DA:6,0
DA:7,0
DA:8,0
DA:9,0
DA:10,0
DA:11,0
DA:13,0
LF:11
LH:0
BRDA:15,0,0,0
BRDA:15,0,1,0
BRDA:16,1,0,0
BRDA:16,1,1,0
BRDA:17,2,0,0
BRDA:17,2,1,0
BRDA:18,3,0,0
BRDA:18,3,1,0
BRDA:19,4,0,0
BRDA:19,4,1,0
BRF:10
BRH:0
end_of_record
TN:
SF:src\main.ts
FN:6,bootstrap
FN:13,(anonymous_1)
FNF:2
FNH:0
FNDA:0,bootstrap
FNDA:0,(anonymous_1)
DA:1,0
DA:2,0
DA:3,0
DA:4,0
DA:7,0
DA:10,0
DA:13,0
DA:14,0
DA:18,0
DA:22,0
DA:25,0
DA:33,0
DA:35,0
LF:13
LH:0
BRDA:33,0,0,0
BRDA:33,0,1,0
BRF:2
BRH:0
end_of_record
TN:
SF:src\application\abstractions\icsv-exporter.interface.ts
FNF:0
FNH:0
DA:1,3
LF:1
LH:1
BRF:0
BRH:0
end_of_record
TN:
SF:src\application\abstractions\ihttp-client.interface.ts
FNF:0
FNH:0
DA:1,4
LF:1
LH:1
BRF:0
BRH:0
end_of_record
TN:
SF:src\application\abstractions\ipassword-hasher.interface.ts
FNF:0
FNH:0
DA:1,3
LF:1
LH:1
BRF:0
BRH:0
end_of_record
TN:
SF:src\application\ports\appointment-history.repository.ts
FNF:0
FNH:0
DA:3,2
LF:1
LH:1
BRF:0
BRH:0
end_of_record
TN:
SF:src\application\ports\appointment.repository.ts
FNF:0
FNH:0
DA:3,8
LF:1
LH:1
BRF:0
BRH:0
end_of_record
TN:
SF:src\application\ports\doctor-exception.repository.ts
FNF:0
FNH:0
DA:3,5
LF:1
LH:1
BRF:0
BRH:0
end_of_record
TN:
SF:src\application\ports\doctor.repository.ts
FNF:0
FNH:0
DA:3,7
LF:1
LH:1
BRF:0
BRH:0
end_of_record
TN:
SF:src\application\ports\patient.repository.ts
FNF:0
FNH:0
DA:3,7
LF:1
LH:1
BRF:0
BRH:0
end_of_record
TN:
SF:src\application\services\appointment-job.service.ts
FN:9,(anonymous_4)
FN:15,(anonymous_5)
FN:38,(anonymous_6)
FNF:3
FNH:3
FNDA:3,(anonymous_4)
FNDA:1,(anonymous_5)
FNDA:2,(anonymous_6)
DA:1,1
DA:2,1
DA:3,1
DA:4,1
DA:5,1
DA:8,1
DA:11,3
DA:12,3
DA:16,1
DA:17,1
DA:18,1
DA:19,1
DA:20,1
DA:21,1
DA:22,1
DA:23,1
DA:25,1
DA:38,1
DA:39,2
DA:40,2
DA:41,2
DA:42,2
DA:43,2
DA:44,2
DA:46,2
DA:54,2
DA:55,2
LF:27
LH:27
BRDA:11,0,0,1
BRDA:11,0,1,0
BRDA:11,1,0,1
BRDA:11,1,1,1
BRDA:11,2,0,1
BRDA:11,2,1,0
BRDA:11,3,0,1
BRDA:11,3,1,1
BRF:8
BRH:6
end_of_record
TN:
SF:src\application\services\appointment.service.ts
FN:24,(anonymous_4)
FN:37,(anonymous_5)
FN:64,(anonymous_6)
FN:93,(anonymous_7)
FN:181,(anonymous_8)
FN:198,(anonymous_9)
FN:251,(anonymous_10)
FN:282,(anonymous_11)
FN:320,(anonymous_12)
FN:406,(anonymous_13)
FN:415,(anonymous_14)
FN:419,(anonymous_15)
FN:423,(anonymous_16)
FN:430,(anonymous_17)
FN:447,(anonymous_18)
FN:469,(anonymous_19)
FNF:16
FNH:11
FNDA:20,(anonymous_4)
FNDA:5,(anonymous_5)
FNDA:2,(anonymous_6)
FNDA:3,(anonymous_7)
FNDA:1,(anonymous_8)
FNDA:4,(anonymous_9)
FNDA:3,(anonymous_10)
FNDA:0,(anonymous_11)
FNDA:3,(anonymous_12)
FNDA:1,(anonymous_13)
FNDA:1,(anonymous_14)
FNDA:2,(anonymous_15)
FNDA:0,(anonymous_16)
FNDA:0,(anonymous_17)
FNDA:0,(anonymous_18)
FNDA:0,(anonymous_19)
DA:1,2
DA:13,2
DA:14,2
DA:15,2
DA:16,2
DA:17,2
DA:18,2
DA:19,2
DA:23,2
DA:26,20
DA:28,20
DA:29,20
DA:30,20
DA:31,20
DA:32,20
DA:34,20
DA:49,5
DA:61,5
DA:70,2
DA:73,2
DA:74,1
DA:77,2
DA:90,2
DA:94,3
DA:97,3
DA:98,1
DA:103,2
DA:107,2
DA:111,2
DA:117,2
DA:125,2
DA:133,2
DA:134,2
DA:136,0
DA:137,0
DA:139,0
DA:145,0
DA:148,0
DA:152,0
DA:156,0
DA:159,2
DA:168,2
DA:178,2
DA:182,1
DA:186,1
DA:187,1
DA:190,1
DA:195,1
DA:203,4
DA:208,4
DA:209,1
DA:213,3
DA:214,3
DA:215,1
DA:220,2
DA:221,1
DA:226,1
DA:227,1
DA:228,1
DA:230,1
DA:239,1
DA:248,1
DA:252,3
DA:256,3
DA:257,1
DA:260,2
DA:261,1
DA:266,1
DA:267,1
DA:268,1
DA:270,1
DA:279,1
DA:287,0
DA:291,0
DA:292,0
DA:295,0
DA:296,0
DA:301,0
DA:302,0
DA:303,0
DA:304,0
DA:306,0
DA:308,0
DA:317,0
DA:328,3
DA:333,3
DA:334,1
DA:339,2
DA:342,2
DA:343,1
DA:348,1
DA:349,1
DA:351,1
DA:352,0
DA:353,0
DA:354,0
DA:356,0
DA:357,0
DA:358,0
DA:361,1
DA:368,1
DA:369,1
DA:374,1
DA:375,1
DA:376,1
DA:378,1
DA:379,1
DA:381,1
DA:390,1
DA:403,1
DA:407,1
DA:416,1
DA:420,2
DA:424,0
DA:430,0
DA:452,0
DA:453,0
DA:454,0
DA:456,0
DA:457,0
DA:460,0
DA:467,0
DA:469,0
LF:123
LH:88
BRDA:52,0,0,5
BRDA:52,0,1,5
BRDA:53,1,0,5
BRDA:53,1,1,5
BRDA:54,2,0,5
BRDA:54,2,1,3
BRDA:55,3,0,5
BRDA:55,3,1,4
BRDA:56,4,0,5
BRDA:56,4,1,3
BRDA:57,5,0,5
BRDA:57,5,1,3
BRDA:67,6,0,2
BRDA:68,7,0,2
BRDA:73,8,0,1
BRDA:73,8,1,1
BRDA:73,9,0,2
BRDA:73,9,1,1
BRDA:97,10,0,1
BRDA:97,10,1,2
BRDA:137,11,0,0
BRDA:137,11,1,0
BRDA:145,12,0,0
BRDA:145,12,1,0
BRDA:174,13,0,2
BRDA:174,13,1,0
BRDA:186,14,0,1
BRDA:186,14,1,0
BRDA:208,15,0,1
BRDA:208,15,1,3
BRDA:213,16,0,3
BRDA:213,16,1,0
BRDA:214,17,0,1
BRDA:214,17,1,2
BRDA:214,18,0,3
BRDA:214,18,1,3
BRDA:220,19,0,1
BRDA:220,19,1,1
BRDA:245,20,0,0
BRDA:245,20,1,1
BRDA:245,21,0,0
BRDA:245,21,1,0
BRDA:256,22,0,1
BRDA:256,22,1,2
BRDA:260,23,0,1
BRDA:260,23,1,1
BRDA:291,24,0,0
BRDA:291,24,1,0
BRDA:295,25,0,0
BRDA:295,25,1,0
BRDA:333,26,0,1
BRDA:333,26,1,2
BRDA:339,27,0,2
BRDA:339,27,1,1
BRDA:342,28,0,1
BRDA:342,28,1,1
BRDA:351,29,0,0
BRDA:351,29,1,1
BRDA:351,30,0,1
BRDA:351,30,1,0
BRDA:353,31,0,0
BRDA:353,31,1,0
BRDA:400,32,0,1
BRDA:400,32,1,0
BRDA:406,33,0,1
BRDA:406,34,0,1
BRDA:453,35,0,0
BRDA:453,35,1,0
BRDA:456,36,0,0
BRDA:456,36,1,0
BRDA:464,37,0,0
BRDA:464,37,1,0
BRDA:484,38,0,0
BRDA:484,38,1,0
BRDA:26,39,0,2
BRDA:26,39,1,0
BRDA:26,40,0,2
BRDA:26,40,1,2
BRDA:26,41,0,2
BRDA:26,41,1,0
BRDA:26,42,0,2
BRDA:26,42,1,2
BRDA:28,43,0,2
BRDA:28,43,1,0
BRDA:28,44,0,2
BRDA:28,44,1,2
BRDA:29,45,0,2
BRDA:29,45,1,0
BRDA:29,46,0,2
BRDA:29,46,1,2
BRDA:30,47,0,2
BRDA:30,47,1,0
BRDA:30,48,0,2
BRDA:30,48,1,2
BRDA:31,49,0,2
BRDA:31,49,1,0
BRDA:31,50,0,2
BRDA:31,50,1,2
BRDA:32,51,0,2
BRDA:32,51,1,0
BRDA:32,52,0,2
BRDA:32,52,1,2
BRF:102
BRH:68
end_of_record
TN:
SF:src\application\services\auth.service.ts
FN:22,(anonymous_4)
FN:32,(anonymous_5)
FN:66,(anonymous_6)
FN:139,(anonymous_7)
FN:193,(anonymous_8)
FNF:5
FNH:5
FNDA:9,(anonymous_4)
FNDA:2,(anonymous_5)
FNDA:6,(anonymous_6)
FNDA:2,(anonymous_7)
FNDA:2,(anonymous_8)
DA:1,2
DA:8,2
DA:9,2
DA:11,2
DA:14,2
DA:15,2
DA:16,2
DA:17,2
DA:21,2
DA:24,9
DA:26,9
DA:27,9
DA:28,9
DA:29,9
DA:33,2
DA:36,2
DA:37,1
DA:40,1
DA:41,1
DA:46,1
DA:48,1
DA:49,1
DA:57,0
DA:63,1
DA:69,6
DA:70,6
DA:74,5
DA:75,5
DA:76,5
DA:78,5
DA:80,5
DA:85,5
DA:86,3
DA:87,3
DA:88,3
DA:91,3
DA:100,2
DA:103,2
DA:104,1
DA:105,1
DA:106,1
DA:109,1
DA:119,5
DA:120,1
DA:125,4
DA:131,2
DA:135,2
DA:142,2
DA:144,2
DA:149,2
DA:151,2
DA:152,1
DA:156,1
DA:157,0
DA:161,2
DA:166,1
DA:174,1
DA:175,1
DA:178,1
DA:184,1
DA:190,1
DA:194,2
DA:208,2
DA:209,1
DA:212,1
LF:65
LH:63
BRDA:36,0,0,1
BRDA:36,0,1,1
BRDA:59,1,0,0
BRDA:59,1,1,0
BRDA:85,2,0,3
BRDA:85,2,1,2
BRDA:86,3,0,3
BRDA:86,3,1,0
BRDA:86,4,0,3
BRDA:86,4,1,3
BRDA:103,5,0,1
BRDA:103,5,1,1
BRDA:104,6,0,1
BRDA:104,6,1,0
BRDA:104,7,0,1
BRDA:104,7,1,1
BRDA:119,8,0,1
BRDA:119,8,1,4
BRDA:133,9,0,2
BRDA:133,9,1,0
BRDA:151,10,0,1
BRDA:151,10,1,1
BRDA:156,11,0,0
BRDA:156,11,1,1
BRDA:156,12,0,1
BRDA:156,12,1,0
BRDA:157,13,0,0
BRDA:157,13,1,0
BRDA:161,14,0,1
BRDA:161,14,1,1
BRDA:162,15,0,2
BRDA:162,15,1,1
BRDA:162,15,2,1
BRDA:174,16,0,1
BRDA:174,16,1,0
BRDA:208,17,0,1
BRDA:208,17,1,1
BRDA:24,18,0,2
BRDA:24,18,1,0
BRDA:24,19,0,2
BRDA:24,19,1,2
BRDA:24,20,0,2
BRDA:24,20,1,0
BRDA:24,21,0,2
BRDA:24,21,1,2
BRDA:26,22,0,2
BRDA:26,22,1,0
BRDA:26,23,0,2
BRDA:26,23,1,2
BRDA:27,24,0,2
BRDA:27,24,1,0
BRDA:27,25,0,2
BRDA:27,25,1,2
BRDA:28,26,0,2
BRDA:28,26,1,0
BRDA:28,27,0,2
BRDA:28,27,1,2
BRF:57
BRH:42
end_of_record
TN:
SF:src\application\services\availability.service.ts
FN:16,(anonymous_4)
FN:26,(anonymous_5)
FN:48,(anonymous_6)
FN:91,(anonymous_7)
FN:116,(anonymous_8)
FN:128,(anonymous_9)
FN:152,(anonymous_10)
FNF:7
FNH:7
FNDA:14,(anonymous_4)
FNDA:5,(anonymous_5)
FNDA:1,(anonymous_6)
FNDA:2,(anonymous_7)
FNDA:2,(anonymous_8)
FNDA:5,(anonymous_9)
FNDA:2,(anonymous_10)
DA:1,3
DA:8,3
DA:9,3
DA:10,3
DA:11,3
DA:12,3
DA:15,3
DA:18,14
DA:20,14
DA:22,14
DA:23,14
DA:27,5
DA:28,5
DA:29,1
DA:32,4
DA:36,4
DA:37,1
DA:40,3
DA:41,1
DA:44,2
DA:48,2
DA:49,1
DA:52,2
DA:53,2
DA:54,2
DA:56,2
DA:57,2
DA:58,2
DA:59,2
DA:60,2
DA:62,2
DA:63,4
DA:65,4
DA:66,4
DA:67,4
DA:68,4
DA:69,4
DA:72,4
DA:77,4
DA:83,3
DA:85,4
DA:88,2
DA:92,2
DA:93,2
DA:94,2
DA:96,2
DA:97,2
DA:99,2
DA:101,2
DA:102,1
DA:107,1
DA:108,1
DA:109,1
DA:110,0
DA:117,2
DA:121,2
DA:122,1
DA:134,5
DA:135,1
DA:142,1
DA:144,4
DA:149,4
DA:158,2
DA:164,2
DA:165,1
LF:65
LH:64
BRDA:28,0,0,1
BRDA:28,0,1,4
BRDA:36,1,0,1
BRDA:36,1,1,3
BRDA:40,2,0,1
BRDA:40,2,1,2
BRDA:72,3,0,4
BRDA:72,3,1,0
BRDA:72,3,2,0
BRDA:72,3,3,0
BRDA:77,4,0,3
BRDA:77,4,1,1
BRDA:78,5,0,4
BRDA:78,5,1,3
BRDA:78,5,2,3
BRDA:78,5,3,3
BRDA:101,6,0,1
BRDA:101,6,1,1
BRDA:109,7,0,0
BRDA:109,7,1,1
BRDA:121,8,0,1
BRDA:121,8,1,1
BRDA:123,9,0,1
BRDA:123,9,1,0
BRDA:134,10,0,1
BRDA:134,10,1,4
BRDA:142,11,0,1
BRDA:142,11,1,1
BRDA:164,12,0,1
BRDA:164,12,1,1
BRDA:18,13,0,3
BRDA:18,13,1,0
BRDA:18,14,0,3
BRDA:18,14,1,3
BRDA:18,15,0,3
BRDA:18,15,1,0
BRDA:18,16,0,3
BRDA:18,16,1,3
BRDA:20,17,0,3
BRDA:20,17,1,0
BRDA:20,18,0,3
BRDA:20,18,1,3
BRDA:22,19,0,3
BRDA:22,19,1,0
BRDA:22,20,0,3
BRDA:22,20,1,3
BRF:46
BRH:37
end_of_record
TN:
SF:src\application\services\config.service.ts
FN:14,(anonymous_4)
FN:19,(anonymous_5)
FN:31,(anonymous_6)
FN:40,(anonymous_7)
FNF:4
FNH:4
FNDA:5,(anonymous_4)
FNDA:2,(anonymous_5)
FNDA:2,(anonymous_6)
FNDA:1,(anonymous_7)
DA:1,5
DA:2,5
DA:3,5
DA:4,5
DA:7,5
DA:13,5
DA:16,5
DA:20,2
DA:23,2
DA:24,1
DA:32,2
DA:35,2
DA:41,1
DA:44,1
DA:45,1
DA:46,1
DA:51,1
LF:17
LH:17
BRDA:23,0,0,1
BRDA:23,0,1,1
BRDA:35,1,0,1
BRDA:35,1,1,1
BRDA:44,2,0,1
BRDA:44,2,1,0
BRDA:16,3,0,5
BRDA:16,3,1,0
BRDA:16,4,0,5
BRDA:16,4,1,5
BRF:10
BRH:8
end_of_record
TN:
SF:src\application\services\doctor-exception.service.ts
FN:8,(anonymous_4)
FN:15,(anonymous_5)
FN:21,(anonymous_6)
FN:33,(anonymous_7)
FNF:4
FNH:4
FNDA:4,(anonymous_4)
FNDA:1,(anonymous_5)
FNDA:1,(anonymous_6)
FNDA:1,(anonymous_7)
DA:1,2
DA:3,2
DA:4,2
DA:7,2
DA:10,4
DA:12,4
DA:16,1
DA:22,1
DA:25,1
DA:26,0
DA:29,1
DA:30,1
DA:34,1
DA:35,1
DA:36,0
DA:38,1
LF:16
LH:14
BRDA:25,0,0,0
BRDA:25,0,1,1
BRDA:35,1,0,0
BRDA:35,1,1,1
BRDA:10,2,0,2
BRDA:10,2,1,0
BRDA:10,3,0,2
BRDA:10,3,1,2
BRDA:10,4,0,2
BRDA:10,4,1,0
BRDA:10,5,0,2
BRDA:10,5,1,2
BRF:12
BRH:8
end_of_record
TN:
SF:src\application\services\doctor.service.ts
FN:16,(anonymous_4)
FN:23,(anonymous_5)
FN:27,(anonymous_6)
FN:35,(anonymous_7)
FN:40,(anonymous_8)
FN:53,(anonymous_9)
FNF:6
FNH:6
FNDA:8,(anonymous_4)
FNDA:1,(anonymous_5)
FNDA:2,(anonymous_6)
FNDA:1,(anonymous_7)
FNDA:1,(anonymous_8)
FNDA:2,(anonymous_9)
DA:1,2
DA:9,2
DA:10,2
DA:13,2
DA:14,8
DA:18,8
DA:20,8
DA:24,1
DA:28,2
DA:29,2
DA:30,1
DA:32,1
DA:36,1
DA:37,1
DA:41,1
DA:42,1
DA:43,0
DA:45,1
DA:46,1
DA:47,1
DA:48,0
DA:50,1
DA:54,2
DA:55,2
DA:56,0
DA:59,2
DA:62,2
DA:63,1
DA:68,1
LF:29
LH:26
BRDA:29,0,0,1
BRDA:29,0,1,1
BRDA:42,1,0,0
BRDA:42,1,1,1
BRDA:47,2,0,0
BRDA:47,2,1,1
BRDA:55,3,0,0
BRDA:55,3,1,2
BRDA:62,4,0,1
BRDA:62,4,1,1
BRDA:18,5,0,2
BRDA:18,5,1,0
BRDA:18,6,0,2
BRDA:18,6,1,2
BRDA:18,7,0,2
BRDA:18,7,1,0
BRDA:18,8,0,2
BRDA:18,8,1,2
BRF:18
BRH:13
end_of_record
TN:
SF:src\application\services\export.service.ts
FN:7,(anonymous_4)
FN:13,(anonymous_5)
FN:30,(anonymous_6)
FNF:3
FNH:3
FNDA:2,(anonymous_4)
FNDA:2,(anonymous_5)
FNDA:2,(anonymous_6)
DA:1,2
DA:2,2
DA:3,2
DA:6,2
DA:9,2
DA:10,2
DA:17,2
DA:26,2
DA:27,1
DA:30,2
DA:38,1
LF:11
LH:11
BRDA:26,0,0,1
BRDA:26,0,1,1
BRDA:9,1,0,2
BRDA:9,1,1,0
BRDA:9,2,0,2
BRDA:9,2,1,2
BRDA:9,3,0,2
BRDA:9,3,1,0
BRDA:9,4,0,2
BRDA:9,4,1,2
BRF:10
BRH:8
end_of_record
TN:
SF:src\application\services\notification.service.ts
FN:7,(anonymous_4)
FN:12,(anonymous_5)
FNF:2
FNH:2
FNDA:2,(anonymous_4)
FNDA:2,(anonymous_5)
DA:1,4
DA:2,4
DA:3,4
DA:6,4
DA:9,2
DA:13,2
DA:14,2
DA:16,1
LF:8
LH:8
BRDA:9,0,0,4
BRDA:9,0,1,0
BRDA:9,1,0,4
BRDA:9,1,1,4
BRF:4
BRH:3
end_of_record
TN:
SF:src\application\services\patient.service.ts
FN:7,(anonymous_4)
FN:12,(anonymous_5)
FN:20,(anonymous_6)
FN:50,(anonymous_7)
FN:58,(anonymous_8)
FNF:5
FNH:5
FNDA:10,(anonymous_4)
FNDA:2,(anonymous_5)
FNDA:2,(anonymous_6)
FNDA:5,(anonymous_7)
FNDA:3,(anonymous_8)
DA:1,4
DA:3,4
DA:6,4
DA:9,10
DA:13,2
DA:14,2
DA:15,1
DA:17,1
DA:27,2
DA:30,2
DA:31,1
DA:32,1
DA:33,1
DA:34,1
DA:36,0
DA:37,0
DA:38,0
DA:41,0
DA:43,0
DA:47,2
DA:51,5
DA:52,5
DA:53,2
DA:55,3
DA:62,3
DA:63,2
DA:64,2
DA:65,2
LF:28
LH:23
BRDA:14,0,0,1
BRDA:14,0,1,1
BRDA:30,1,0,1
BRDA:30,1,1,1
BRDA:32,2,0,1
BRDA:32,2,1,0
BRDA:37,3,0,0
BRDA:37,3,1,0
BRDA:41,4,0,0
BRDA:41,4,1,0
BRDA:52,5,0,2
BRDA:52,5,1,3
BRDA:63,6,0,2
BRDA:63,6,1,0
BRDA:64,7,0,1
BRDA:64,7,1,1
BRDA:9,8,0,4
BRDA:9,8,1,0
BRDA:9,9,0,4
BRDA:9,9,1,4
BRF:20
BRH:13
end_of_record
TN:
SF:src\application\services\stats.service.ts
FN:8,(anonymous_4)
FN:15,(anonymous_5)
FN:27,(anonymous_6)
FN:31,(anonymous_7)
FN:42,(anonymous_8)
FN:47,(anonymous_9)
FNF:6
FNH:6
FNDA:3,(anonymous_4)
FNDA:3,(anonymous_5)
FNDA:5,(anonymous_6)
FNDA:7,(anonymous_7)
FNDA:5,(anonymous_8)
FNDA:2,(anonymous_9)
DA:1,2
DA:2,2
DA:3,2
DA:4,2
DA:7,2
DA:10,3
DA:12,3
DA:16,3
DA:19,3
DA:21,3
DA:22,3
DA:23,3
DA:24,3
DA:26,3
DA:27,3
DA:28,5
DA:31,3
DA:32,7
DA:33,2
DA:34,1
DA:36,7
DA:37,7
DA:41,3
DA:42,5
DA:47,2
DA:49,3
LF:26
LH:26
BRDA:32,0,0,5
BRDA:32,0,1,2
BRDA:33,1,0,1
BRDA:33,1,1,1
BRDA:34,2,0,1
BRDA:34,2,1,0
BRDA:36,3,0,7
BRDA:36,3,1,0
BRDA:36,4,0,7
BRDA:36,4,1,7
BRDA:45,5,0,4
BRDA:45,5,1,1
BRDA:10,6,0,2
BRDA:10,6,1,0
BRDA:10,7,0,2
BRDA:10,7,1,2
BRDA:10,8,0,2
BRDA:10,8,1,0
BRDA:10,9,0,2
BRDA:10,9,1,2
BRF:20
BRH:16
end_of_record
TN:
SF:src\application\utils\time.utils.ts
FN:1,timeToMinutes
FN:6,minutesToTime
FNF:2
FNH:1
FNDA:0,timeToMinutes
FNDA:4,minutesToTime
DA:1,3
DA:2,0
DA:3,0
DA:6,3
DA:7,4
DA:8,4
DA:9,4
LF:7
LH:5
BRF:0
BRH:0
end_of_record
TN:
SF:src\domain\entities\appointment-history.entity.ts
FN:24,(anonymous_2)
FNF:1
FNH:0
FNDA:0,(anonymous_2)
DA:1,0
DA:11,0
DA:20,0
DA:22,0
DA:24,0
DA:26,0
DA:29,0
DA:32,0
DA:35,0
DA:38,0
DA:41,0
DA:44,0
DA:47,0
DA:50,0
DA:53,0
DA:56,0
DA:59,0
LF:17
LH:0
BRDA:26,0,0,0
BRDA:26,0,1,0
BRDA:26,1,0,0
BRDA:26,1,1,0
BRDA:59,2,0,0
BRDA:59,2,1,0
BRDA:59,3,0,0
BRDA:59,3,1,0
BRF:8
BRH:0
end_of_record
TN:
SF:src\domain\entities\appointment.entity.ts
FN:58,(anonymous_2)
FN:62,(anonymous_3)
FN:66,(anonymous_4)
FN:70,(anonymous_5)
FN:74,(anonymous_6)
FN:78,(anonymous_7)
FN:82,(anonymous_8)
FN:88,(anonymous_9)
FN:94,(anonymous_10)
FN:100,(anonymous_11)
FN:104,(anonymous_12)
FN:108,(anonymous_13)
FN:112,(anonymous_14)
FN:116,(anonymous_15)
FN:38,(anonymous_16)
FN:38,(anonymous_17)
FN:42,(anonymous_18)
FN:42,(anonymous_19)
FNF:18
FNH:0
FNDA:0,(anonymous_2)
FNDA:0,(anonymous_3)
FNDA:0,(anonymous_4)
FNDA:0,(anonymous_5)
FNDA:0,(anonymous_6)
FNDA:0,(anonymous_7)
FNDA:0,(anonymous_8)
FNDA:0,(anonymous_9)
FNDA:0,(anonymous_10)
FNDA:0,(anonymous_11)
FNDA:0,(anonymous_12)
FNDA:0,(anonymous_13)
FNDA:0,(anonymous_14)
FNDA:0,(anonymous_15)
FNDA:0,(anonymous_16)
FNDA:0,(anonymous_17)
FNDA:0,(anonymous_18)
FNDA:0,(anonymous_19)
DA:1,5
DA:12,5
DA:13,5
DA:14,5
DA:22,5
DA:24,5
DA:27,5
DA:30,5
DA:33,5
DA:36,5
DA:38,0
DA:40,5
DA:42,0
DA:44,5
DA:47,5
DA:50,5
DA:53,5
DA:56,5
DA:59,0
DA:63,0
DA:67,0
DA:71,0
DA:75,0
DA:79,0
DA:83,0
DA:84,0
DA:85,0
DA:89,0
DA:90,0
DA:91,0
DA:95,0
DA:101,0
DA:105,0
DA:109,0
DA:113,0
DA:117,0
DA:118,0
DA:119,0
LF:38
LH:16
BRDA:71,0,0,0
BRDA:71,0,1,0
BRDA:71,0,2,0
BRDA:79,1,0,0
BRDA:79,1,1,0
BRDA:96,2,0,0
BRDA:96,2,1,0
BRDA:40,3,0,3
BRDA:40,3,1,2
BRDA:40,4,0,5
BRDA:40,4,1,3
BRDA:44,5,0,3
BRDA:44,5,1,2
BRDA:44,6,0,5
BRDA:44,6,1,3
BRDA:53,7,0,5
BRDA:53,7,1,0
BRDA:53,8,0,5
BRDA:53,8,1,5
BRDA:56,9,0,5
BRDA:56,9,1,0
BRDA:56,10,0,5
BRDA:56,10,1,5
BRF:23
BRH:14
end_of_record
TN:
SF:src\domain\entities\config.entity.ts
FNF:0
FNH:0
DA:1,6
DA:13,6
DA:15,6
DA:18,6
DA:22,6
DA:25,6
DA:28,6
LF:7
LH:7
BRDA:28,0,0,6
BRDA:28,0,1,0
BRDA:28,1,0,6
BRDA:28,1,1,6
BRF:4
BRH:3
end_of_record
TN:
SF:src\domain\entities\doctor-exception.entity.ts
FN:31,(anonymous_2)
FN:27,(anonymous_3)
FNF:2
FNH:0
FNDA:0,(anonymous_2)
FNDA:0,(anonymous_3)
DA:1,1
DA:10,1
DA:14,1
DA:16,1
DA:19,1
DA:22,1
DA:25,1
DA:27,0
DA:29,1
DA:32,0
LF:10
LH:8
BRDA:25,0,0,1
BRDA:25,0,1,0
BRDA:25,1,0,1
BRDA:25,1,1,1
BRDA:29,2,0,1
BRDA:29,2,1,0
BRDA:29,3,0,1
BRDA:29,3,1,1
BRF:8
BRH:6
end_of_record
TN:
SF:src\domain\entities\doctor.entity.ts
FN:54,(anonymous_2)
FN:58,(anonymous_3)
FN:66,(anonymous_4)
FN:70,(anonymous_5)
FN:74,(anonymous_6)
FN:78,(anonymous_7)
FN:82,(anonymous_8)
FN:86,(anonymous_9)
FN:51,(anonymous_10)
FN:51,(anonymous_11)
FNF:10
FNH:0
FNDA:0,(anonymous_2)
FNDA:0,(anonymous_3)
FNDA:0,(anonymous_4)
FNDA:0,(anonymous_5)
FNDA:0,(anonymous_6)
FNDA:0,(anonymous_7)
FNDA:0,(anonymous_8)
FNDA:0,(anonymous_9)
FNDA:0,(anonymous_10)
FNDA:0,(anonymous_11)
DA:1,5
DA:11,5
DA:16,5
DA:18,5
DA:21,5
DA:24,5
DA:27,5
DA:30,5
DA:33,5
DA:36,5
DA:39,5
DA:43,5
DA:46,5
DA:49,5
DA:51,0
DA:52,5
DA:55,0
DA:59,0
DA:60,0
DA:61,0
DA:62,0
DA:63,0
DA:67,0
DA:71,0
DA:75,0
DA:79,0
DA:83,0
DA:87,0
DA:88,0
LF:29
LH:15
BRDA:55,0,0,0
BRDA:55,0,1,0
BRDA:62,1,0,0
BRDA:62,1,1,0
BRDA:67,2,0,0
BRDA:67,2,1,0
BRDA:79,3,0,0
BRDA:79,3,1,0
BRDA:83,4,0,0
BRDA:83,4,1,0
BRDA:46,5,0,5
BRDA:46,5,1,0
BRDA:46,6,0,5
BRDA:46,6,1,5
BRDA:49,7,0,5
BRDA:49,7,1,0
BRDA:49,8,0,5
BRDA:49,8,1,5
BRF:18
BRH:6
end_of_record
TN:
SF:src\domain\entities\patient.entity.ts
FN:62,(anonymous_2)
FN:62,(anonymous_3)
FNF:2
FNH:0
FNDA:0,(anonymous_2)
FNDA:0,(anonymous_3)
DA:1,5
DA:10,5
DA:19,5
DA:21,5
DA:24,5
DA:27,5
DA:30,5
DA:33,5
DA:36,5
DA:39,5
DA:42,5
DA:45,5
DA:48,5
DA:51,5
DA:54,5
DA:57,5
DA:60,5
DA:62,0
DA:63,5
LF:19
LH:18
BRDA:57,0,0,5
BRDA:57,0,1,0
BRDA:57,1,0,5
BRDA:57,1,1,5
BRDA:60,2,0,5
BRDA:60,2,1,0
BRDA:60,3,0,5
BRDA:60,3,1,5
BRF:8
BRH:6
end_of_record
TN:
SF:src\domain\entities\user.entity.ts
FN:10,(anonymous_2)
FNF:1
FNH:1
FNDA:4,(anonymous_2)
DA:1,4
DA:10,4
DA:11,4
DA:12,4
DA:13,4
DA:21,4
DA:23,4
DA:26,4
DA:29,4
DA:32,4
DA:35,4
DA:38,4
DA:41,4
DA:44,4
DA:47,4
LF:15
LH:15
BRDA:10,0,0,4
BRDA:10,0,1,4
BRDA:44,1,0,4
BRDA:44,1,1,0
BRDA:44,2,0,4
BRDA:44,2,1,4
BRDA:47,3,0,4
BRDA:47,3,1,0
BRDA:47,4,0,4
BRDA:47,4,1,4
BRF:10
BRH:8
end_of_record
TN:
SF:src\domain\types\appointment-status.enum.ts
FN:1,(anonymous_0)
FNF:1
FNH:1
FNDA:8,(anonymous_0)
DA:1,8
DA:2,8
DA:3,8
DA:4,8
DA:5,8
LF:5
LH:5
BRDA:1,0,0,8
BRDA:1,0,1,8
BRF:2
BRH:2
end_of_record
TN:
SF:src\domain\types\global-config.type.ts
FNF:0
FNH:0
DA:1,0
LF:1
LH:0
BRF:0
BRH:0
end_of_record
TN:
SF:src\infrastructure\auth\axios-http-client.ts
FN:7,(anonymous_2)
FN:17,(anonymous_3)
FNF:2
FNH:2
FNDA:2,(anonymous_2)
FNDA:2,(anonymous_3)
DA:1,1
DA:2,1
DA:3,1
DA:6,1
DA:12,2
DA:13,2
DA:14,2
DA:21,2
DA:22,2
DA:23,2
LF:10
LH:10
BRDA:12,0,0,1
BRDA:12,0,1,1
BRDA:21,1,0,1
BRDA:21,1,1,1
BRF:4
BRH:4
end_of_record
TN:
SF:src\infrastructure\auth\bcrypt-password-hasher.ts
FN:9,(anonymous_10)
FN:13,(anonymous_11)
FNF:2
FNH:2
FNDA:1,(anonymous_10)
FNDA:2,(anonymous_11)
DA:1,1
DA:2,1
DA:3,1
DA:6,1
DA:7,3
DA:10,1
DA:14,2
LF:7
LH:7
BRF:0
BRH:0
end_of_record
TN:
SF:src\infrastructure\auth\jwt-auth.guard.ts
FNF:0
FNH:0
DA:1,4
DA:2,4
DA:5,4
LF:3
LH:3
BRF:0
BRH:0
end_of_record
TN:
SF:src\infrastructure\auth\jwt.strategy.ts
FN:15,(anonymous_4)
FN:32,(anonymous_5)
FN:55,(anonymous_6)
FNF:3
FNH:1
FNDA:0,(anonymous_4)
FNDA:0,(anonymous_5)
FNDA:5,(anonymous_6)
DA:1,1
DA:2,1
DA:3,1
DA:4,1
DA:5,1
DA:6,1
DA:8,1
DA:10,1
DA:11,1
DA:14,1
DA:17,0
DA:19,0
DA:22,0
DA:29,0
DA:33,0
DA:34,0
DA:35,0
DA:36,0
DA:37,0
DA:40,0
DA:41,0
DA:49,0
DA:56,5
DA:57,1
DA:60,4
DA:61,4
DA:63,4
DA:67,4
DA:68,1
DA:69,1
DA:71,3
DA:75,3
DA:76,1
DA:77,1
DA:81,4
DA:83,4
LF:36
LH:24
BRDA:33,0,0,0
BRDA:33,0,1,0
BRDA:35,1,0,0
BRDA:35,1,1,0
BRDA:40,2,0,0
BRDA:40,2,1,0
BRDA:43,3,0,0
BRDA:43,3,1,0
BRDA:56,4,0,1
BRDA:56,4,1,4
BRDA:67,5,0,1
BRDA:67,5,1,3
BRDA:75,6,0,1
BRDA:75,6,1,2
BRDA:81,7,0,4
BRDA:81,7,1,1
BRDA:81,8,0,0
BRDA:81,8,1,1
BRDA:88,9,0,4
BRDA:88,9,1,0
BRDA:88,10,0,0
BRDA:88,10,1,0
BRDA:17,11,0,1
BRDA:17,11,1,0
BRDA:17,12,0,1
BRDA:17,12,1,1
BRDA:17,13,0,1
BRDA:17,13,1,0
BRDA:17,14,0,1
BRDA:17,14,1,1
BRDA:19,15,0,1
BRDA:19,15,1,0
BRDA:19,16,0,1
BRDA:19,16,1,1
BRF:34
BRH:19
end_of_record
TN:
SF:src\infrastructure\auth\keycloak-config.ts
FN:11,(anonymous_2)
FN:19,(anonymous_3)
FN:23,(anonymous_4)
FN:27,(anonymous_5)
FN:31,(anonymous_6)
FNF:5
FNH:0
FNDA:0,(anonymous_2)
FNDA:0,(anonymous_3)
FNDA:0,(anonymous_4)
FNDA:0,(anonymous_5)
FNDA:0,(anonymous_6)
DA:1,4
DA:4,4
DA:12,0
DA:13,0
DA:14,0
DA:15,0
DA:16,0
DA:20,0
DA:24,0
DA:28,0
DA:32,0
LF:11
LH:2
BRDA:12,0,0,0
BRDA:12,0,1,0
BRDA:13,1,0,0
BRDA:13,1,1,0
BRDA:14,2,0,0
BRDA:14,2,1,0
BRDA:15,3,0,0
BRDA:15,3,1,0
BRDA:16,4,0,0
BRDA:16,4,1,0
BRF:10
BRH:0
end_of_record
TN:
SF:src\infrastructure\auth\keycloak.service.ts
FN:10,(anonymous_2)
FN:15,(anonymous_3)
FN:33,(anonymous_4)
FN:63,(anonymous_5)
FNF:4
FNH:4
FNDA:2,(anonymous_2)
FNDA:1,(anonymous_3)
FNDA:1,(anonymous_4)
FNDA:1,(anonymous_5)
DA:1,3
DA:2,3
DA:3,3
DA:7,3
DA:8,2
DA:11,2
DA:12,2
DA:19,1
DA:20,1
DA:21,1
DA:22,1
DA:23,1
DA:25,1
DA:30,1
DA:40,1
DA:42,1
DA:60,1
DA:64,1
DA:65,1
DA:66,1
DA:67,1
DA:68,1
DA:70,1
DA:75,1
LF:24
LH:24
BRDA:11,0,0,3
BRDA:11,0,1,0
BRDA:11,1,0,3
BRDA:11,1,1,3
BRDA:11,2,0,3
BRDA:11,2,1,0
BRDA:11,3,0,3
BRDA:11,3,1,3
BRF:8
BRH:6
end_of_record
TN:
SF:src\infrastructure\export\json2csv-exporter.ts
FN:7,(anonymous_1)
FNF:1
FNH:1
FNDA:3,(anonymous_1)
DA:1,1
DA:2,1
DA:3,1
DA:6,1
DA:11,3
DA:12,3
LF:6
LH:6
BRDA:9,0,0,2
BRF:1
BRH:1
end_of_record
TN:
SF:src\infrastructure\filters\all-exceptions.filter.ts
FN:8,(anonymous_1)
FNF:1
FNH:1
FNDA:4,(anonymous_1)
DA:1,1
DA:5,1
DA:6,4
DA:9,4
DA:10,4
DA:12,4
DA:13,4
DA:15,4
DA:16,3
DA:17,3
DA:18,3
DA:19,1
DA:20,1
DA:23,4
LF:14
LH:14
BRDA:15,0,0,3
BRDA:15,0,1,1
BRDA:18,1,0,2
BRDA:18,1,1,1
BRDA:18,2,0,1
BRDA:18,2,1,0
BRDA:19,3,0,1
BRDA:19,3,1,0
BRDA:25,4,0,1
BRDA:25,4,1,3
BRF:10
BRH:8
end_of_record
TN:
SF:src\infrastructure\messaging\notifications-client.module.ts
FN:14,(anonymous_1)
FNF:1
FNH:1
FNDA:1,(anonymous_1)
DA:1,5
DA:2,5
DA:3,5
DA:5,5
DA:14,1
DA:34,5
LF:6
LH:6
BRF:0
BRH:0
end_of_record
TN:
SF:src\infrastructure\persistence\typeorm-appointment-history.repository.ts
FN:9,(anonymous_4)
FN:16,(anonymous_5)
FN:20,(anonymous_6)
FN:24,(anonymous_7)
FN:28,(anonymous_8)
FNF:5
FNH:0
FNDA:0,(anonymous_4)
FNDA:0,(anonymous_5)
FNDA:0,(anonymous_6)
FNDA:0,(anonymous_7)
FNDA:0,(anonymous_8)
DA:1,0
DA:2,0
DA:3,0
DA:4,0
DA:5,0
DA:8,0
DA:11,0
DA:13,0
DA:17,0
DA:21,0
DA:25,0
DA:29,0
LF:12
LH:0
BRDA:11,0,0,0
BRDA:11,0,1,0
BRDA:11,1,0,0
BRDA:11,1,1,0
BRF:4
BRH:0
end_of_record
TN:
SF:src\infrastructure\persistence\typeorm-appointment.repository.ts
FN:9,(anonymous_4)
FN:16,(anonymous_5)
FN:20,(anonymous_6)
FN:24,(anonymous_7)
FN:28,(anonymous_8)
FN:32,(anonymous_9)
FN:36,(anonymous_10)
FN:40,(anonymous_11)
FN:44,(anonymous_12)
FNF:9
FNH:0
FNDA:0,(anonymous_4)
FNDA:0,(anonymous_5)
FNDA:0,(anonymous_6)
FNDA:0,(anonymous_7)
FNDA:0,(anonymous_8)
FNDA:0,(anonymous_9)
FNDA:0,(anonymous_10)
FNDA:0,(anonymous_11)
FNDA:0,(anonymous_12)
DA:1,0
DA:2,0
DA:3,0
DA:4,0
DA:5,0
DA:8,0
DA:11,0
DA:13,0
DA:17,0
DA:21,0
DA:25,0
DA:29,0
DA:33,0
DA:37,0
DA:41,0
DA:45,0
LF:16
LH:0
BRDA:11,0,0,0
BRDA:11,0,1,0
BRDA:11,1,0,0
BRDA:11,1,1,0
BRF:4
BRH:0
end_of_record
TN:
SF:src\infrastructure\persistence\typeorm-doctor-exception.repository.ts
FN:9,(anonymous_4)
FN:16,(anonymous_5)
FN:20,(anonymous_6)
FN:24,(anonymous_7)
FN:28,(anonymous_8)
FN:32,(anonymous_9)
FNF:6
FNH:0
FNDA:0,(anonymous_4)
FNDA:0,(anonymous_5)
FNDA:0,(anonymous_6)
FNDA:0,(anonymous_7)
FNDA:0,(anonymous_8)
FNDA:0,(anonymous_9)
DA:1,0
DA:2,0
DA:3,0
DA:4,0
DA:5,0
DA:8,0
DA:11,0
DA:13,0
DA:17,0
DA:21,0
DA:25,0
DA:29,0
DA:33,0
LF:13
LH:0
BRDA:11,0,0,0
BRDA:11,0,1,0
BRDA:11,1,0,0
BRDA:11,1,1,0
BRF:4
BRH:0
end_of_record
TN:
SF:src\infrastructure\persistence\typeorm-doctor.repository.ts
FN:9,(anonymous_4)
FN:16,(anonymous_5)
FN:20,(anonymous_6)
FN:24,(anonymous_7)
FN:28,(anonymous_8)
FN:32,(anonymous_9)
FN:36,(anonymous_10)
FNF:7
FNH:0
FNDA:0,(anonymous_4)
FNDA:0,(anonymous_5)
FNDA:0,(anonymous_6)
FNDA:0,(anonymous_7)
FNDA:0,(anonymous_8)
FNDA:0,(anonymous_9)
FNDA:0,(anonymous_10)
DA:1,0
DA:2,0
DA:3,0
DA:4,0
DA:5,0
DA:8,0
DA:11,0
DA:13,0
DA:17,0
DA:21,0
DA:25,0
DA:29,0
DA:33,0
DA:37,0
LF:14
LH:0
BRDA:11,0,0,0
BRDA:11,0,1,0
BRDA:11,1,0,0
BRDA:11,1,1,0
BRF:4
BRH:0
end_of_record
TN:
SF:src\infrastructure\persistence\typeorm-patient.repository.ts
FN:9,(anonymous_4)
FN:16,(anonymous_5)
FN:20,(anonymous_6)
FN:24,(anonymous_7)
FN:28,(anonymous_8)
FNF:5
FNH:0
FNDA:0,(anonymous_4)
FNDA:0,(anonymous_5)
FNDA:0,(anonymous_6)
FNDA:0,(anonymous_7)
FNDA:0,(anonymous_8)
DA:1,0
DA:2,0
DA:3,0
DA:4,0
DA:5,0
DA:8,0
DA:11,0
DA:13,0
DA:17,0
DA:21,0
DA:25,0
DA:29,0
LF:12
LH:0
BRDA:11,0,0,0
BRDA:11,0,1,0
BRDA:11,1,0,0
BRDA:11,1,1,0
BRF:4
BRH:0
end_of_record
TN:
SF:src\migrations\1779554759193-InitialSchema.ts
FN:6,(anonymous_0)
FN:280,(anonymous_1)
FN:307,(anonymous_2)
FN:310,(anonymous_3)
FN:313,(anonymous_4)
FN:316,(anonymous_5)
FN:319,(anonymous_6)
FN:322,(anonymous_7)
FN:339,(anonymous_8)
FN:357,(anonymous_9)
FNF:10
FNH:0
FNDA:0,(anonymous_0)
FNDA:0,(anonymous_1)
FNDA:0,(anonymous_2)
FNDA:0,(anonymous_3)
FNDA:0,(anonymous_4)
FNDA:0,(anonymous_5)
FNDA:0,(anonymous_6)
FNDA:0,(anonymous_7)
FNDA:0,(anonymous_8)
FNDA:0,(anonymous_9)
DA:3,0
DA:4,0
DA:8,0
DA:11,0
DA:14,0
DA:17,0
DA:22,0
DA:25,0
DA:28,0
DA:31,0
DA:34,0
DA:37,0
DA:42,0
DA:45,0
DA:50,0
DA:53,0
DA:58,0
DA:61,0
DA:66,0
DA:69,0
DA:74,0
DA:77,0
DA:80,0
DA:83,0
DA:86,0
DA:91,0
DA:94,0
DA:99,0
DA:104,0
DA:109,0
DA:112,0
DA:115,0
DA:118,0
DA:123,0
DA:126,0
DA:131,0
DA:136,0
DA:139,0
DA:142,0
DA:145,0
DA:148,0
DA:153,0
DA:158,0
DA:161,0
DA:164,0
DA:167,0
DA:170,0
DA:173,0
DA:176,0
DA:179,0
DA:184,0
DA:187,0
DA:190,0
DA:195,0
DA:198,0
DA:201,0
DA:204,0
DA:207,0
DA:210,0
DA:213,0
DA:216,0
DA:219,0
DA:222,0
DA:225,0
DA:228,0
DA:231,0
DA:234,0
DA:237,0
DA:240,0
DA:243,0
DA:246,0
DA:249,0
DA:252,0
DA:257,0
DA:260,0
DA:264,0
DA:271,0
DA:282,0
DA:304,0
DA:305,0
DA:308,0
DA:311,0
DA:314,0
DA:317,0
DA:320,0
DA:326,0
DA:336,0
DA:337,0
DA:343,0
DA:346,0
DA:349,0
DA:352,0
DA:357,0
DA:361,0
DA:362,0
DA:367,0
DA:368,0
DA:369,0
DA:370,0
DA:371,0
DA:372,0
DA:373,0
LF:102
LH:0
BRF:0
BRH:0
end_of_record
TN:
SF:src\presentation\controllers\appointment.controller.ts
FN:26,(anonymous_4)
FN:34,(anonymous_5)
FN:40,(anonymous_6)
FN:56,(anonymous_7)
FN:72,(anonymous_8)
FN:84,(anonymous_9)
FN:89,(anonymous_10)
FN:98,(anonymous_11)
FN:111,(anonymous_12)
FN:117,(anonymous_13)
FN:130,(anonymous_14)
FN:146,(anonymous_15)
FN:152,(anonymous_16)
FN:158,(anonymous_17)
FN:166,(anonymous_18)
FNF:15
FNH:9
FNDA:9,(anonymous_4)
FNDA:1,(anonymous_5)
FNDA:1,(anonymous_6)
FNDA:1,(anonymous_7)
FNDA:1,(anonymous_8)
FNDA:1,(anonymous_9)
FNDA:1,(anonymous_10)
FNDA:0,(anonymous_11)
FNDA:1,(anonymous_12)
FNDA:0,(anonymous_13)
FNDA:0,(anonymous_14)
FNDA:0,(anonymous_15)
FNDA:1,(anonymous_16)
FNDA:0,(anonymous_17)
FNDA:0,(anonymous_18)
DA:1,1
DA:16,1
DA:17,1
DA:18,1
DA:19,1
DA:20,1
DA:21,1
DA:22,1
DA:25,1
DA:27,9
DA:28,9
DA:29,9
DA:30,9
DA:34,1
DA:35,1
DA:40,1
DA:45,1
DA:50,1
DA:51,1
DA:52,1
DA:56,1
DA:62,1
DA:72,1
DA:75,1
DA:79,1
DA:84,1
DA:85,1
DA:89,1
DA:93,1
DA:98,1
DA:102,0
DA:111,1
DA:112,1
DA:117,1
DA:121,0
DA:130,1
DA:135,0
DA:146,1
DA:147,0
DA:152,1
DA:153,1
DA:158,1
DA:161,0
DA:166,1
DA:171,0
LF:45
LH:39
BRDA:65,0,0,0
BRDA:65,0,1,1
BRDA:66,1,0,0
BRDA:66,1,1,1
BRDA:174,2,0,0
BRDA:174,2,1,0
BRDA:84,3,0,1
BRDA:84,3,1,0
BRDA:84,4,0,1
BRDA:84,4,1,1
BRDA:119,5,0,1
BRDA:119,5,1,0
BRDA:119,6,0,1
BRDA:119,6,1,1
BRDA:27,7,0,1
BRDA:27,7,1,0
BRDA:27,8,0,1
BRDA:27,8,1,1
BRDA:27,9,0,1
BRDA:27,9,1,0
BRDA:27,10,0,1
BRDA:27,10,1,1
BRDA:28,11,0,1
BRDA:28,11,1,0
BRDA:28,12,0,1
BRDA:28,12,1,1
BRDA:29,13,0,1
BRDA:29,13,1,0
BRDA:29,14,0,1
BRDA:29,14,1,1
BRF:30
BRH:20
end_of_record
TN:
SF:src\presentation\controllers\auth.controller.ts
FN:8,(anonymous_4)
FN:11,(anonymous_5)
FN:16,(anonymous_6)
FN:21,(anonymous_7)
FNF:4
FNH:4
FNDA:4,(anonymous_4)
FNDA:1,(anonymous_5)
FNDA:1,(anonymous_6)
FNDA:1,(anonymous_7)
DA:1,1
DA:2,1
DA:3,1
DA:4,1
DA:7,1
DA:8,4
DA:11,1
DA:12,1
DA:16,1
DA:17,1
DA:21,1
DA:22,1
LF:12
LH:12
BRDA:11,0,0,1
BRDA:11,0,1,0
BRDA:11,1,0,1
BRDA:11,1,1,1
BRDA:16,2,0,1
BRDA:16,2,1,0
BRDA:16,3,0,1
BRDA:16,3,1,1
BRDA:8,4,0,1
BRDA:8,4,1,0
BRDA:8,5,0,1
BRDA:8,5,1,1
BRF:12
BRH:9
end_of_record
TN:
SF:src\presentation\controllers\config.controller.ts
FN:9,(anonymous_4)
FN:12,(anonymous_5)
FN:18,(anonymous_6)
FNF:3
FNH:3
FNDA:2,(anonymous_4)
FNDA:1,(anonymous_5)
FNDA:1,(anonymous_6)
DA:1,1
DA:2,1
DA:3,1
DA:5,1
DA:8,1
DA:9,2
DA:12,1
DA:13,1
DA:18,1
DA:21,1
LF:10
LH:10
BRDA:12,0,0,1
BRDA:12,0,1,0
BRDA:12,1,0,1
BRDA:12,1,1,1
BRDA:19,2,0,1
BRDA:19,2,1,0
BRDA:19,3,0,1
BRDA:19,3,1,1
BRDA:20,4,0,1
BRDA:20,4,1,0
BRDA:20,5,0,1
BRDA:20,5,1,1
BRDA:9,6,0,1
BRDA:9,6,1,0
BRDA:9,7,0,1
BRDA:9,7,1,1
BRF:16
BRH:12
end_of_record
TN:
SF:src\presentation\controllers\doctor.controller.ts
FN:22,(anonymous_4)
FN:28,(anonymous_5)
FN:33,(anonymous_6)
FN:39,(anonymous_7)
FN:45,(anonymous_8)
FN:54,(anonymous_9)
FN:60,(anonymous_10)
FN:68,(anonymous_11)
FN:74,(anonymous_12)
FNF:9
FNH:9
FNDA:9,(anonymous_4)
FNDA:1,(anonymous_5)
FNDA:1,(anonymous_6)
FNDA:1,(anonymous_7)
FNDA:1,(anonymous_8)
FNDA:1,(anonymous_9)
FNDA:1,(anonymous_10)
FNDA:1,(anonymous_11)
FNDA:1,(anonymous_12)
DA:1,1
DA:12,1
DA:13,1
DA:14,1
DA:15,1
DA:16,1
DA:18,1
DA:21,1
DA:23,9
DA:24,9
DA:28,1
DA:29,1
DA:33,1
DA:34,1
DA:39,1
DA:40,1
DA:45,1
DA:49,1
DA:54,1
DA:55,1
DA:60,1
DA:64,1
DA:68,1
DA:69,1
DA:74,1
DA:78,1
LF:26
LH:26
BRDA:39,0,0,1
BRDA:39,0,1,0
BRDA:39,1,0,1
BRDA:39,1,1,1
BRDA:47,2,0,1
BRDA:47,2,1,0
BRDA:47,3,0,1
BRDA:47,3,1,1
BRDA:62,4,0,1
BRDA:62,4,1,0
BRDA:62,5,0,1
BRDA:62,5,1,1
BRDA:23,6,0,1
BRDA:23,6,1,0
BRDA:23,7,0,1
BRDA:23,7,1,1
BRDA:23,8,0,1
BRDA:23,8,1,0
BRDA:23,9,0,1
BRDA:23,9,1,1
BRF:20
BRH:15
end_of_record
TN:
SF:src\presentation\controllers\patient.controller.ts
FN:12,(anonymous_4)
FN:17,(anonymous_5)
FNF:2
FNH:2
FNDA:3,(anonymous_4)
FNDA:2,(anonymous_5)
DA:1,1
DA:2,1
DA:3,1
DA:11,1
DA:12,3
DA:17,1
DA:21,2
LF:7
LH:7
BRDA:12,0,0,1
BRDA:12,0,1,0
BRDA:12,1,0,1
BRDA:12,1,1,1
BRF:4
BRH:3
end_of_record
TN:
SF:src\presentation\dto\appointment-history.dto.ts
FNF:0
FNH:0
DA:1,0
LF:1
LH:0
BRF:0
BRH:0
end_of_record
TN:
SF:src\presentation\dto\complete-appointment.dto.ts
FNF:0
FNH:0
DA:1,1
DA:3,1
DA:6,1
DA:10,1
LF:4
LH:4
BRF:0
BRH:0
end_of_record
TN:
SF:src\presentation\dto\create-appointment.dto.ts
FNF:0
FNH:0
DA:1,1
DA:10,1
DA:13,1
DA:17,1
DA:21,1
DA:25,1
DA:29,1
DA:33,1
DA:37,1
DA:41,1
DA:45,1
DA:49,1
LF:12
LH:12
BRF:0
BRH:0
end_of_record
TN:
SF:src\presentation\dto\create-doctor.dto.ts
FNF:0
FNH:0
DA:1,1
DA:12,1
DA:15,1
DA:19,1
DA:26,1
DA:31,1
DA:36,1
DA:41,1
DA:46,1
DA:51,1
LF:10
LH:10
BRF:0
BRH:0
end_of_record
TN:
SF:src\presentation\dto\create-exception.dto.ts
FNF:0
FNH:0
DA:1,1
DA:8,1
DA:11,1
DA:15,1
LF:4
LH:4
BRF:0
BRH:0
end_of_record
TN:
SF:src\presentation\dto\login.dto.ts
FNF:0
FNH:0
DA:1,1
DA:3,1
DA:6,1
DA:10,1
LF:4
LH:4
BRF:0
BRH:0
end_of_record
TN:
SF:src\presentation\dto\register.dto.ts
FNF:0
FNH:0
DA:1,1
DA:9,1
DA:12,1
DA:16,1
DA:20,1
DA:24,1
DA:28,1
DA:31,1
DA:35,1
DA:39,1
LF:10
LH:10
BRF:0
BRH:0
end_of_record
TN:
SF:src\presentation\dto\update-config.dto.ts
FNF:0
FNH:0
DA:1,1
DA:3,1
DA:6,1
DA:10,1
LF:4
LH:4
BRF:0
BRH:0
end_of_record
TN:
SF:src\presentation\dto\update-doctor.dto.ts
FNF:0
FNH:0
DA:1,1
DA:3,1
DA:6,1
DA:10,1
DA:17,1
DA:22,1
DA:27,1
DA:32,1
DA:37,1
DA:42,1
LF:10
LH:10
BRF:0
BRH:0
end_of_record
